2016-12-16 15:18:50 <@zhangliangming@ [com.happy.util.DataUtil:24 init] - 开始加载初始数据.....>
2016-12-16 15:18:51 <@zhangliangming@ [com.happy.db.DBUtils:52 isTableExist] - baseDataTbl 表已经存在!不用创建!>
2016-12-16 15:18:51 <@zhangliangming@ [com.happy.db.DBUtils:52 isTableExist] - tabVersionTbl 表已经存在!不用创建!>
2016-12-16 15:18:52 <@zhangliangming@ [com.happy.db.DBUtils:52 isTableExist] - categoryTbl 表已经存在!不用创建!>
2016-12-16 15:18:52 <@zhangliangming@ [com.happy.db.DBUtils:52 isTableExist] - songTbl 表已经存在!不用创建!>
2016-12-16 15:18:53 <@zhangliangming@ [com.happy.util.DataUtil:27 init] - 初始数据加载完成.....>
2016-12-16 15:18:53 <@zhangliangming@ [com.happy.service.MediaPlayerService:70 init] - 播放器服务启动>
2016-12-16 15:18:55 <@zhangliangming@ [com.happy.enterProgram.EnterProgram:61 init] - 启动界面完成>
2016-12-16 15:27:51 <@zhangliangming@ [com.happy.ui.MainFrame:188 exitPlayer] - 准备退出播放器>
2016-12-16 15:27:51 <@zhangliangming@ [com.happy.util.DataUtil:72 saveData] - 保存数据>
2016-12-16 15:27:52 <@zhangliangming@ [com.happy.ui.MainFrame:190 exitPlayer] - 退出成功>
2016-12-16 15:27:56 <@zhangliangming@ [com.happy.util.DataUtil:24 init] - 开始加载初始数据.....>
2016-12-16 15:27:57 <@zhangliangming@ [com.happy.db.DBUtils:52 isTableExist] - baseDataTbl 表已经存在!不用创建!>
2016-12-16 15:27:57 <@zhangliangming@ [com.happy.db.DBUtils:52 isTableExist] - tabVersionTbl 表已经存在!不用创建!>
2016-12-16 15:27:58 <@zhangliangming@ [com.happy.db.DBUtils:52 isTableExist] - categoryTbl 表已经存在!不用创建!>
2016-12-16 15:27:59 <@zhangliangming@ [com.happy.db.DBUtils:52 isTableExist] - songTbl 表已经存在!不用创建!>
2016-12-16 15:27:59 <@zhangliangming@ [com.happy.util.DataUtil:27 init] - 初始数据加载完成.....>
2016-12-16 15:27:59 <@zhangliangming@ [com.happy.service.MediaPlayerService:70 init] - 播放器服务启动>
2016-12-16 15:28:01 <@zhangliangming@ [com.happy.enterProgram.EnterProgram:61 init] - 启动界面完成>
2016-12-16 15:34:31 <@zhangliangming@ [com.happy.util.DataUtil:24 init] - 开始加载初始数据.....>
2016-12-16 15:34:32 <@zhangliangming@ [com.happy.db.DBUtils:52 isTableExist] - baseDataTbl 表已经存在!不用创建!>
2016-12-16 15:34:32 <@zhangliangming@ [com.happy.db.DBUtils:52 isTableExist] - tabVersionTbl 表已经存在!不用创建!>
2016-12-16 15:34:33 <@zhangliangming@ [com.happy.db.DBUtils:52 isTableExist] - categoryTbl 表已经存在!不用创建!>
2016-12-16 15:34:34 <@zhangliangming@ [com.happy.db.DBUtils:52 isTableExist] - songTbl 表已经存在!不用创建!>
2016-12-16 15:34:34 <@zhangliangming@ [com.happy.util.DataUtil:27 init] - 初始数据加载完成.....>
2016-12-16 15:34:34 <@zhangliangming@ [com.happy.service.MediaPlayerService:70 init] - 播放器服务启动>
2016-12-16 15:34:36 <@zhangliangming@ [com.happy.enterProgram.EnterProgram:61 init] - 启动界面完成>
2016-12-16 15:39:13 <@zhangliangming@ [com.happy.util.DataUtil:24 init] - 开始加载初始数据.....>
2016-12-16 15:39:14 <@zhangliangming@ [com.happy.db.DBUtils:52 isTableExist] - baseDataTbl 表已经存在!不用创建!>
2016-12-16 15:39:14 <@zhangliangming@ [com.happy.db.DBUtils:52 isTableExist] - tabVersionTbl 表已经存在!不用创建!>
2016-12-16 15:39:14 <@zhangliangming@ [com.happy.db.DBUtils:52 isTableExist] - categoryTbl 表已经存在!不用创建!>
2016-12-16 15:39:15 <@zhangliangming@ [com.happy.db.DBUtils:52 isTableExist] - songTbl 表已经存在!不用创建!>
2016-12-16 15:39:16 <@zhangliangming@ [com.happy.util.DataUtil:27 init] - 初始数据加载完成.....>
2016-12-16 15:39:16 <@zhangliangming@ [com.happy.service.MediaPlayerService:70 init] - 播放器服务启动>
2016-12-16 15:39:17 <@zhangliangming@ [com.happy.enterProgram.EnterProgram:61 init] - 启动界面完成>
2016-12-16 15:39:55 <@zhangliangming@ [com.happy.util.DataUtil:24 init] - 开始加载初始数据.....>
2016-12-16 15:39:56 <@zhangliangming@ [com.happy.db.DBUtils:52 isTableExist] - baseDataTbl 表已经存在!不用创建!>
2016-12-16 15:39:56 <@zhangliangming@ [com.happy.db.DBUtils:52 isTableExist] - tabVersionTbl 表已经存在!不用创建!>
2016-12-16 15:39:57 <@zhangliangming@ [com.happy.db.DBUtils:52 isTableExist] - categoryTbl 表已经存在!不用创建!>
2016-12-16 15:39:57 <@zhangliangming@ [com.happy.db.DBUtils:52 isTableExist] - songTbl 表已经存在!不用创建!>
2016-12-16 15:39:58 <@zhangliangming@ [com.happy.util.DataUtil:27 init] - 初始数据加载完成.....>
2016-12-16 15:39:58 <@zhangliangming@ [com.happy.service.MediaPlayerService:70 init] - 播放器服务启动>
2016-12-16 15:39:59 <@zhangliangming@ [com.happy.enterProgram.EnterProgram:61 init] - 启动界面完成>
2016-12-16 15:40:20 <@zhangliangming@ [com.happy.ui.MainFrame:188 exitPlayer] - 准备退出播放器>
2016-12-16 15:40:20 <@zhangliangming@ [com.happy.util.DataUtil:72 saveData] - 保存数据>
2016-12-16 15:40:21 <@zhangliangming@ [com.happy.ui.MainFrame:190 exitPlayer] - 退出成功>
2016-12-16 15:40:48 <@zhangliangming@ [com.happy.util.DataUtil:24 init] - 开始加载初始数据.....>
2016-12-16 15:40:49 <@zhangliangming@ [com.happy.db.DBUtils:52 isTableExist] - baseDataTbl 表已经存在!不用创建!>
2016-12-16 15:40:49 <@zhangliangming@ [com.happy.db.DBUtils:52 isTableExist] - tabVersionTbl 表已经存在!不用创建!>
2016-12-16 15:40:50 <@zhangliangming@ [com.happy.db.DBUtils:52 isTableExist] - categoryTbl 表已经存在!不用创建!>
2016-12-16 15:40:51 <@zhangliangming@ [com.happy.db.DBUtils:52 isTableExist] - songTbl 表已经存在!不用创建!>
2016-12-16 15:40:51 <@zhangliangming@ [com.happy.util.DataUtil:27 init] - 初始数据加载完成.....>
2016-12-16 15:40:51 <@zhangliangming@ [com.happy.service.MediaPlayerService:70 init] - 播放器服务启动>
2016-12-16 15:40:53 <@zhangliangming@ [com.happy.enterProgram.EnterProgram:61 init] - 启动界面完成>
2016-12-16 20:52:27 <@zhangliangming@ [com.happy.util.DataUtil:24 init] - 开始加载初始数据.....>
2016-12-16 20:52:29 <@zhangliangming@ [com.happy.db.DBUtils:52 isTableExist] - baseDataTbl 表已经存在!不用创建!>
2016-12-16 20:52:29 <@zhangliangming@ [com.happy.db.DBUtils:52 isTableExist] - tabVersionTbl 表已经存在!不用创建!>
2016-12-16 20:52:31 <@zhangliangming@ [com.happy.db.DBUtils:52 isTableExist] - categoryTbl 表已经存在!不用创建!>
2016-12-16 20:52:32 <@zhangliangming@ [com.happy.db.DBUtils:52 isTableExist] - songTbl 表已经存在!不用创建!>
2016-12-16 20:52:34 <@zhangliangming@ [com.happy.util.DataUtil:27 init] - 初始数据加载完成.....>
2016-12-16 20:52:34 <@zhangliangming@ [com.happy.service.MediaPlayerService:70 init] - 播放器服务启动>
2016-12-16 20:52:38 <@zhangliangming@ [com.happy.enterProgram.EnterProgram:61 init] - 启动界面完成>
2016-12-16 20:53:06 <@zhangliangming@ [com.happy.ui.MainFrame:188 exitPlayer] - 准备退出播放器>
2016-12-16 20:53:06 <@zhangliangming@ [com.happy.util.DataUtil:72 saveData] - 保存数据>
2016-12-16 20:53:08 <@zhangliangming@ [com.happy.ui.MainFrame:190 exitPlayer] - 退出成功>
