2016-12-15 00:01:24 <@zhangliangming@ [com.happy.util.DataUtil:24 init] - 开始加载初始数据.....>
2016-12-15 00:01:25 <@zhangliangming@ [com.happy.db.DBUtils:52 isTableExist] - baseDataTbl 表已经存在!不用创建!>
2016-12-15 00:01:25 <@zhangliangming@ [com.happy.db.DBUtils:52 isTableExist] - tabVersionTbl 表已经存在!不用创建!>
2016-12-15 00:01:30 <@zhangliangming@ [com.happy.db.DBUtils:52 isTableExist] - categoryTbl 表已经存在!不用创建!>
2016-12-15 00:01:32 <@zhangliangming@ [com.happy.db.DBUtils:52 isTableExist] - songTbl 表已经存在!不用创建!>
2016-12-15 00:01:35 <@zhangliangming@ [com.happy.util.DataUtil:27 init] - 初始数据加载完成.....>
2016-12-15 00:01:35 <@zhangliangming@ [com.happy.service.MediaPlayerService:70 init] - 播放器服务启动>
2016-12-15 00:01:37 <@zhangliangming@ [com.happy.enterProgram.EnterProgram:61 init] - 启动界面完成>
2016-12-15 00:02:25 <@zhangliangming@ [com.happy.ui.MainFrame:187 exitPlayer] - 准备退出播放器>
2016-12-15 00:02:25 <@zhangliangming@ [com.happy.util.DataUtil:72 saveData] - 保存数据>
2016-12-15 00:02:27 <@zhangliangming@ [com.happy.ui.MainFrame:189 exitPlayer] - 退出成功>
2016-12-15 00:03:18 <@zhangliangming@ [com.happy.util.DataUtil:24 init] - 开始加载初始数据.....>
2016-12-15 00:03:21 <@zhangliangming@ [com.happy.db.DBUtils:52 isTableExist] - baseDataTbl 表已经存在!不用创建!>
2016-12-15 00:03:21 <@zhangliangming@ [com.happy.db.DBUtils:52 isTableExist] - tabVersionTbl 表已经存在!不用创建!>
2016-12-15 00:03:25 <@zhangliangming@ [com.happy.db.DBUtils:52 isTableExist] - categoryTbl 表已经存在!不用创建!>
2016-12-15 00:03:27 <@zhangliangming@ [com.happy.db.DBUtils:52 isTableExist] - songTbl 表已经存在!不用创建!>
2016-12-15 00:03:29 <@zhangliangming@ [com.happy.util.DataUtil:27 init] - 初始数据加载完成.....>
2016-12-15 00:03:29 <@zhangliangming@ [com.happy.service.MediaPlayerService:70 init] - 播放器服务启动>
2016-12-15 00:03:33 <@zhangliangming@ [com.happy.enterProgram.EnterProgram:61 init] - 启动界面完成>
2016-12-15 00:04:09 <@zhangliangming@ [com.happy.ui.MainFrame:187 exitPlayer] - 准备退出播放器>
2016-12-15 00:04:09 <@zhangliangming@ [com.happy.util.DataUtil:72 saveData] - 保存数据>
2016-12-15 00:04:10 <@zhangliangming@ [com.happy.ui.MainFrame:189 exitPlayer] - 退出成功>
2016-12-15 00:04:14 <@zhangliangming@ [com.happy.util.DataUtil:24 init] - 开始加载初始数据.....>
2016-12-15 00:04:17 <@zhangliangming@ [com.happy.db.DBUtils:52 isTableExist] - baseDataTbl 表已经存在!不用创建!>
2016-12-15 00:04:17 <@zhangliangming@ [com.happy.db.DBUtils:52 isTableExist] - tabVersionTbl 表已经存在!不用创建!>
2016-12-15 00:04:21 <@zhangliangming@ [com.happy.db.DBUtils:52 isTableExist] - categoryTbl 表已经存在!不用创建!>
2016-12-15 00:04:22 <@zhangliangming@ [com.happy.db.DBUtils:52 isTableExist] - songTbl 表已经存在!不用创建!>
2016-12-15 00:04:23 <@zhangliangming@ [com.happy.util.DataUtil:27 init] - 初始数据加载完成.....>
2016-12-15 00:04:23 <@zhangliangming@ [com.happy.service.MediaPlayerService:70 init] - 播放器服务启动>
2016-12-15 00:04:26 <@zhangliangming@ [com.happy.enterProgram.EnterProgram:61 init] - 启动界面完成>
2016-12-15 00:04:31 <@zhangliangming@ [com.happy.ui.MainFrame:187 exitPlayer] - 准备退出播放器>
2016-12-15 00:04:31 <@zhangliangming@ [com.happy.util.DataUtil:72 saveData] - 保存数据>
2016-12-15 00:04:32 <@zhangliangming@ [com.happy.ui.MainFrame:189 exitPlayer] - 退出成功>
2016-12-15 00:04:49 <@zhangliangming@ [com.happy.util.DataUtil:24 init] - 开始加载初始数据.....>
2016-12-15 00:04:52 <@zhangliangming@ [com.happy.db.DBUtils:52 isTableExist] - baseDataTbl 表已经存在!不用创建!>
2016-12-15 00:04:52 <@zhangliangming@ [com.happy.db.DBUtils:52 isTableExist] - tabVersionTbl 表已经存在!不用创建!>
2016-12-15 00:04:55 <@zhangliangming@ [com.happy.db.DBUtils:52 isTableExist] - categoryTbl 表已经存在!不用创建!>
2016-12-15 00:04:57 <@zhangliangming@ [com.happy.db.DBUtils:52 isTableExist] - songTbl 表已经存在!不用创建!>
2016-12-15 00:04:59 <@zhangliangming@ [com.happy.util.DataUtil:27 init] - 初始数据加载完成.....>
2016-12-15 00:04:59 <@zhangliangming@ [com.happy.service.MediaPlayerService:70 init] - 播放器服务启动>
2016-12-15 00:05:02 <@zhangliangming@ [com.happy.enterProgram.EnterProgram:61 init] - 启动界面完成>
2016-12-15 00:05:08 <@zhangliangming@ [com.happy.ui.MainFrame:187 exitPlayer] - 准备退出播放器>
2016-12-15 00:05:08 <@zhangliangming@ [com.happy.util.DataUtil:72 saveData] - 保存数据>
2016-12-15 00:05:09 <@zhangliangming@ [com.happy.ui.MainFrame:189 exitPlayer] - 退出成功>
2016-12-15 00:05:13 <@zhangliangming@ [com.happy.util.DataUtil:24 init] - 开始加载初始数据.....>
2016-12-15 00:05:14 <@zhangliangming@ [com.happy.db.DBUtils:52 isTableExist] - baseDataTbl 表已经存在!不用创建!>
2016-12-15 00:05:14 <@zhangliangming@ [com.happy.db.DBUtils:52 isTableExist] - tabVersionTbl 表已经存在!不用创建!>
2016-12-15 00:05:17 <@zhangliangming@ [com.happy.db.DBUtils:52 isTableExist] - categoryTbl 表已经存在!不用创建!>
2016-12-15 00:05:18 <@zhangliangming@ [com.happy.db.DBUtils:52 isTableExist] - songTbl 表已经存在!不用创建!>
2016-12-15 00:05:20 <@zhangliangming@ [com.happy.util.DataUtil:27 init] - 初始数据加载完成.....>
2016-12-15 00:05:20 <@zhangliangming@ [com.happy.service.MediaPlayerService:70 init] - 播放器服务启动>
2016-12-15 00:05:23 <@zhangliangming@ [com.happy.enterProgram.EnterProgram:61 init] - 启动界面完成>
2016-12-15 00:06:09 <@zhangliangming@ [com.happy.ui.MainFrame:187 exitPlayer] - 准备退出播放器>
2016-12-15 00:06:09 <@zhangliangming@ [com.happy.util.DataUtil:72 saveData] - 保存数据>
2016-12-15 00:06:12 <@zhangliangming@ [com.happy.ui.MainFrame:189 exitPlayer] - 退出成功>
2016-12-15 00:45:37 <@zhangliangming@ [com.happy.util.DataUtil:24 init] - 开始加载初始数据.....>
2016-12-15 00:45:39 <@zhangliangming@ [com.happy.db.DBUtils:52 isTableExist] - baseDataTbl 表已经存在!不用创建!>
2016-12-15 00:45:39 <@zhangliangming@ [com.happy.db.DBUtils:52 isTableExist] - tabVersionTbl 表已经存在!不用创建!>
2016-12-15 00:45:41 <@zhangliangming@ [com.happy.db.DBUtils:52 isTableExist] - categoryTbl 表已经存在!不用创建!>
2016-12-15 00:45:42 <@zhangliangming@ [com.happy.db.DBUtils:52 isTableExist] - songTbl 表已经存在!不用创建!>
2016-12-15 00:45:44 <@zhangliangming@ [com.happy.util.DataUtil:27 init] - 初始数据加载完成.....>
2016-12-15 00:45:44 <@zhangliangming@ [com.happy.service.MediaPlayerService:70 init] - 播放器服务启动>
2016-12-15 00:45:47 <@zhangliangming@ [com.happy.enterProgram.EnterProgram:61 init] - 启动界面完成>
2016-12-15 00:45:57 <@zhangliangming@ [com.happy.ui.MainFrame:187 exitPlayer] - 准备退出播放器>
2016-12-15 00:45:57 <@zhangliangming@ [com.happy.util.DataUtil:72 saveData] - 保存数据>
2016-12-15 00:45:58 <@zhangliangming@ [com.happy.ui.MainFrame:189 exitPlayer] - 退出成功>
2016-12-15 00:50:43 <@zhangliangming@ [com.happy.util.DataUtil:24 init] - 开始加载初始数据.....>
2016-12-15 00:50:45 <@zhangliangming@ [com.happy.db.DBUtils:52 isTableExist] - baseDataTbl 表已经存在!不用创建!>
2016-12-15 00:50:45 <@zhangliangming@ [com.happy.db.DBUtils:52 isTableExist] - tabVersionTbl 表已经存在!不用创建!>
2016-12-15 00:50:47 <@zhangliangming@ [com.happy.db.DBUtils:52 isTableExist] - categoryTbl 表已经存在!不用创建!>
2016-12-15 00:50:49 <@zhangliangming@ [com.happy.db.DBUtils:52 isTableExist] - songTbl 表已经存在!不用创建!>
2016-12-15 00:50:51 <@zhangliangming@ [com.happy.util.DataUtil:27 init] - 初始数据加载完成.....>
2016-12-15 00:50:51 <@zhangliangming@ [com.happy.service.MediaPlayerService:70 init] - 播放器服务启动>
2016-12-15 00:50:54 <@zhangliangming@ [com.happy.enterProgram.EnterProgram:61 init] - 启动界面完成>
2016-12-15 00:51:49 <@zhangliangming@ [com.happy.ui.MainFrame:188 exitPlayer] - 准备退出播放器>
2016-12-15 00:51:49 <@zhangliangming@ [com.happy.util.DataUtil:72 saveData] - 保存数据>
2016-12-15 00:51:50 <@zhangliangming@ [com.happy.ui.MainFrame:190 exitPlayer] - 退出成功>
2016-12-15 00:52:50 <@zhangliangming@ [com.happy.util.DataUtil:24 init] - 开始加载初始数据.....>
2016-12-15 00:52:52 <@zhangliangming@ [com.happy.db.DBUtils:52 isTableExist] - baseDataTbl 表已经存在!不用创建!>
2016-12-15 00:52:52 <@zhangliangming@ [com.happy.db.DBUtils:52 isTableExist] - tabVersionTbl 表已经存在!不用创建!>
2016-12-15 00:52:54 <@zhangliangming@ [com.happy.db.DBUtils:52 isTableExist] - categoryTbl 表已经存在!不用创建!>
2016-12-15 00:52:56 <@zhangliangming@ [com.happy.db.DBUtils:52 isTableExist] - songTbl 表已经存在!不用创建!>
2016-12-15 00:52:58 <@zhangliangming@ [com.happy.util.DataUtil:27 init] - 初始数据加载完成.....>
2016-12-15 00:52:58 <@zhangliangming@ [com.happy.service.MediaPlayerService:70 init] - 播放器服务启动>
2016-12-15 00:53:01 <@zhangliangming@ [com.happy.enterProgram.EnterProgram:61 init] - 启动界面完成>
2016-12-15 00:53:22 <@zhangliangming@ [com.happy.ui.MainFrame:188 exitPlayer] - 准备退出播放器>
2016-12-15 00:53:22 <@zhangliangming@ [com.happy.util.DataUtil:72 saveData] - 保存数据>
2016-12-15 00:53:24 <@zhangliangming@ [com.happy.ui.MainFrame:190 exitPlayer] - 退出成功>
2016-12-15 00:54:05 <@zhangliangming@ [com.happy.util.DataUtil:24 init] - 开始加载初始数据.....>
2016-12-15 00:54:07 <@zhangliangming@ [com.happy.db.DBUtils:52 isTableExist] - baseDataTbl 表已经存在!不用创建!>
2016-12-15 00:54:07 <@zhangliangming@ [com.happy.db.DBUtils:52 isTableExist] - tabVersionTbl 表已经存在!不用创建!>
2016-12-15 00:54:08 <@zhangliangming@ [com.happy.db.DBUtils:52 isTableExist] - categoryTbl 表已经存在!不用创建!>
2016-12-15 00:54:09 <@zhangliangming@ [com.happy.db.DBUtils:52 isTableExist] - songTbl 表已经存在!不用创建!>
2016-12-15 00:54:11 <@zhangliangming@ [com.happy.util.DataUtil:27 init] - 初始数据加载完成.....>
2016-12-15 00:54:11 <@zhangliangming@ [com.happy.service.MediaPlayerService:70 init] - 播放器服务启动>
2016-12-15 00:54:13 <@zhangliangming@ [com.happy.enterProgram.EnterProgram:61 init] - 启动界面完成>
2016-12-15 00:54:34 <@zhangliangming@ [com.happy.ui.MainFrame:188 exitPlayer] - 准备退出播放器>
2016-12-15 00:54:34 <@zhangliangming@ [com.happy.util.DataUtil:72 saveData] - 保存数据>
2016-12-15 00:54:35 <@zhangliangming@ [com.happy.ui.MainFrame:190 exitPlayer] - 退出成功>
2016-12-15 00:55:06 <@zhangliangming@ [com.happy.util.DataUtil:24 init] - 开始加载初始数据.....>
2016-12-15 00:55:07 <@zhangliangming@ [com.happy.db.DBUtils:52 isTableExist] - baseDataTbl 表已经存在!不用创建!>
2016-12-15 00:55:07 <@zhangliangming@ [com.happy.db.DBUtils:52 isTableExist] - tabVersionTbl 表已经存在!不用创建!>
2016-12-15 00:55:10 <@zhangliangming@ [com.happy.db.DBUtils:52 isTableExist] - categoryTbl 表已经存在!不用创建!>
2016-12-15 00:55:12 <@zhangliangming@ [com.happy.db.DBUtils:52 isTableExist] - songTbl 表已经存在!不用创建!>
2016-12-15 00:55:13 <@zhangliangming@ [com.happy.util.DataUtil:27 init] - 初始数据加载完成.....>
2016-12-15 00:55:13 <@zhangliangming@ [com.happy.service.MediaPlayerService:70 init] - 播放器服务启动>
2016-12-15 00:55:15 <@zhangliangming@ [com.happy.enterProgram.EnterProgram:61 init] - 启动界面完成>
2016-12-15 00:57:38 <@zhangliangming@ [com.happy.ui.MainFrame:188 exitPlayer] - 准备退出播放器>
2016-12-15 00:57:38 <@zhangliangming@ [com.happy.util.DataUtil:72 saveData] - 保存数据>
2016-12-15 00:57:41 <@zhangliangming@ [com.happy.ui.MainFrame:190 exitPlayer] - 退出成功>
2016-12-15 00:57:51 <@zhangliangming@ [com.happy.util.DataUtil:24 init] - 开始加载初始数据.....>
2016-12-15 00:57:52 <@zhangliangming@ [com.happy.db.DBUtils:52 isTableExist] - baseDataTbl 表已经存在!不用创建!>
2016-12-15 00:57:52 <@zhangliangming@ [com.happy.db.DBUtils:52 isTableExist] - tabVersionTbl 表已经存在!不用创建!>
2016-12-15 00:57:55 <@zhangliangming@ [com.happy.db.DBUtils:52 isTableExist] - categoryTbl 表已经存在!不用创建!>
2016-12-15 00:57:57 <@zhangliangming@ [com.happy.db.DBUtils:52 isTableExist] - songTbl 表已经存在!不用创建!>
2016-12-15 00:57:59 <@zhangliangming@ [com.happy.util.DataUtil:27 init] - 初始数据加载完成.....>
2016-12-15 00:57:59 <@zhangliangming@ [com.happy.service.MediaPlayerService:70 init] - 播放器服务启动>
2016-12-15 00:58:01 <@zhangliangming@ [com.happy.enterProgram.EnterProgram:61 init] - 启动界面完成>
2016-12-15 01:05:33 <@zhangliangming@ [com.happy.util.DataUtil:24 init] - 开始加载初始数据.....>
2016-12-15 01:05:35 <@zhangliangming@ [com.happy.db.DBUtils:52 isTableExist] - baseDataTbl 表已经存在!不用创建!>
2016-12-15 01:05:35 <@zhangliangming@ [com.happy.db.DBUtils:52 isTableExist] - tabVersionTbl 表已经存在!不用创建!>
2016-12-15 01:05:37 <@zhangliangming@ [com.happy.db.DBUtils:52 isTableExist] - categoryTbl 表已经存在!不用创建!>
2016-12-15 01:05:38 <@zhangliangming@ [com.happy.util.DataUtil:24 init] - 开始加载初始数据.....>
2016-12-15 01:05:39 <@zhangliangming@ [com.happy.db.DBUtils:52 isTableExist] - songTbl 表已经存在!不用创建!>
2016-12-15 01:05:40 <@zhangliangming@ [com.happy.util.DataUtil:24 init] - 开始加载初始数据.....>
2016-12-15 01:05:40 <@zhangliangming@ [com.happy.db.BaseDataDB:92 <init>] - java.sql.SQLException: Failed to start database 'c:\haplayer\db\', see the next exception for details.>
2016-12-15 01:05:40 <@zhangliangming@ [com.happy.db.BaseDataDB:193 init] - java.sql.SQLException: Failed to start database 'c:\haplayer\db\', see the next exception for details.>
2016-12-15 01:05:40 <@zhangliangming@ [com.happy.db.CategoryDB:58 <init>] - java.sql.SQLException: Failed to start database 'c:\haplayer\db\', see the next exception for details.>
2016-12-15 01:05:40 <@zhangliangming@ [com.happy.db.CategoryDB:143 getAllCategory] - java.sql.SQLException: Failed to start database 'c:\haplayer\db\', see the next exception for details.>
2016-12-15 01:05:41 <@zhangliangming@ [com.happy.util.DataUtil:24 init] - 开始加载初始数据.....>
2016-12-15 01:05:41 <@zhangliangming@ [com.happy.db.SongInfoDB:56 <init>] - java.sql.SQLException: Failed to start database 'c:\haplayer\db\', see the next exception for details.>
2016-12-15 01:05:41 <@zhangliangming@ [com.happy.db.SongInfoDB:123 add] - java.sql.SQLException: Failed to start database 'c:\haplayer\db\', see the next exception for details.>
2016-12-15 01:05:41 <@zhangliangming@ [com.happy.db.CategoryDB:91 add] - java.sql.SQLException: Failed to start database 'c:\haplayer\db\', see the next exception for details.>
2016-12-15 01:05:41 <@zhangliangming@ [com.happy.util.DataUtil:27 init] - 初始数据加载完成.....>
2016-12-15 01:05:41 <@zhangliangming@ [com.happy.service.MediaPlayerService:70 init] - 播放器服务启动>
2016-12-15 01:05:41 <@zhangliangming@ [com.happy.util.DataUtil:27 init] - 初始数据加载完成.....>
2016-12-15 01:05:41 <@zhangliangming@ [com.happy.service.MediaPlayerService:70 init] - 播放器服务启动>
2016-12-15 01:05:43 <@zhangliangming@ [com.happy.enterProgram.EnterProgram:61 init] - 启动界面完成>
2016-12-15 01:05:44 <@zhangliangming@ [com.happy.enterProgram.EnterProgram:61 init] - 启动界面完成>
2016-12-15 01:05:44 <@zhangliangming@ [com.happy.db.BaseDataDB:92 <init>] - java.sql.SQLException: Failed to start database 'c:\haplayer\db\', see the next exception for details.>
2016-12-15 01:05:44 <@zhangliangming@ [com.happy.db.BaseDataDB:193 init] - java.sql.SQLException: Failed to start database 'c:\haplayer\db\', see the next exception for details.>
2016-12-15 01:05:44 <@zhangliangming@ [com.happy.db.CategoryDB:58 <init>] - java.sql.SQLException: Failed to start database 'c:\haplayer\db\', see the next exception for details.>
2016-12-15 01:05:44 <@zhangliangming@ [com.happy.db.CategoryDB:143 getAllCategory] - java.sql.SQLException: Failed to start database 'c:\haplayer\db\', see the next exception for details.>
2016-12-15 01:05:45 <@zhangliangming@ [com.happy.db.SongInfoDB:56 <init>] - java.sql.SQLException: Failed to start database 'c:\haplayer\db\', see the next exception for details.>
2016-12-15 01:05:45 <@zhangliangming@ [com.happy.db.SongInfoDB:123 add] - java.sql.SQLException: Failed to start database 'c:\haplayer\db\', see the next exception for details.>
2016-12-15 01:05:45 <@zhangliangming@ [com.happy.db.CategoryDB:91 add] - java.sql.SQLException: Failed to start database 'c:\haplayer\db\', see the next exception for details.>
2016-12-15 01:05:45 <@zhangliangming@ [com.happy.util.DataUtil:27 init] - 初始数据加载完成.....>
2016-12-15 01:05:45 <@zhangliangming@ [com.happy.service.MediaPlayerService:70 init] - 播放器服务启动>
2016-12-15 01:05:45 <@zhangliangming@ [com.happy.db.DBUtils:52 isTableExist] - baseDataTbl 表已经存在!不用创建!>
2016-12-15 01:05:45 <@zhangliangming@ [com.happy.db.DBUtils:52 isTableExist] - tabVersionTbl 表已经存在!不用创建!>
2016-12-15 01:05:46 <@zhangliangming@ [com.happy.enterProgram.EnterProgram:61 init] - 启动界面完成>
2016-12-15 01:05:47 <@zhangliangming@ [com.happy.db.DBUtils:52 isTableExist] - categoryTbl 表已经存在!不用创建!>
2016-12-15 01:05:49 <@zhangliangming@ [com.happy.db.DBUtils:52 isTableExist] - songTbl 表已经存在!不用创建!>
2016-12-15 01:05:50 <@zhangliangming@ [com.happy.util.DataUtil:27 init] - 初始数据加载完成.....>
2016-12-15 01:05:50 <@zhangliangming@ [com.happy.service.MediaPlayerService:70 init] - 播放器服务启动>
2016-12-15 01:05:53 <@zhangliangming@ [com.happy.enterProgram.EnterProgram:61 init] - 启动界面完成>
2016-12-15 01:05:53 <@zhangliangming@ [com.happy.ui.MainFrame:188 exitPlayer] - 准备退出播放器>
2016-12-15 01:05:53 <@zhangliangming@ [com.happy.util.DataUtil:72 saveData] - 保存数据>
2016-12-15 01:05:54 <@zhangliangming@ [com.happy.ui.MainFrame:188 exitPlayer] - 准备退出播放器>
2016-12-15 01:05:54 <@zhangliangming@ [com.happy.util.DataUtil:72 saveData] - 保存数据>
2016-12-15 01:05:54 <@zhangliangming@ [com.happy.db.BaseDataDB:296 isExist] - java.sql.SQLException: Failed to start database 'c:\haplayer\db\', see the next exception for details.>
2016-12-15 01:05:54 <@zhangliangming@ [com.happy.db.BaseDataDB:229 addTab] - java.sql.SQLException: Failed to start database 'c:\haplayer\db\', see the next exception for details.>
2016-12-15 01:05:54 <@zhangliangming@ [com.happy.ui.MainFrame:190 exitPlayer] - 退出成功>
2016-12-15 01:05:55 <@zhangliangming@ [com.happy.ui.MainFrame:190 exitPlayer] - 退出成功>
2016-12-15 01:05:59 <@zhangliangming@ [com.happy.ui.MainFrame:188 exitPlayer] - 准备退出播放器>
2016-12-15 01:05:59 <@zhangliangming@ [com.happy.util.DataUtil:72 saveData] - 保存数据>
2016-12-15 01:06:01 <@zhangliangming@ [com.happy.ui.MainFrame:188 exitPlayer] - 准备退出播放器>
2016-12-15 01:06:01 <@zhangliangming@ [com.happy.util.DataUtil:72 saveData] - 保存数据>
2016-12-15 01:06:01 <@zhangliangming@ [com.happy.db.BaseDataDB:296 isExist] - java.sql.SQLException: Failed to start database 'c:\haplayer\db\', see the next exception for details.>
2016-12-15 01:06:01 <@zhangliangming@ [com.happy.db.BaseDataDB:229 addTab] - java.sql.SQLException: Failed to start database 'c:\haplayer\db\', see the next exception for details.>
2016-12-15 01:06:01 <@zhangliangming@ [com.happy.ui.MainFrame:190 exitPlayer] - 退出成功>
2016-12-15 01:06:03 <@zhangliangming@ [com.happy.ui.MainFrame:190 exitPlayer] - 退出成功>
2016-12-15 01:06:11 <@zhangliangming@ [com.happy.util.DataUtil:24 init] - 开始加载初始数据.....>
2016-12-15 01:06:13 <@zhangliangming@ [com.happy.db.DBUtils:52 isTableExist] - baseDataTbl 表已经存在!不用创建!>
2016-12-15 01:06:13 <@zhangliangming@ [com.happy.db.DBUtils:52 isTableExist] - tabVersionTbl 表已经存在!不用创建!>
2016-12-15 01:06:16 <@zhangliangming@ [com.happy.db.DBUtils:52 isTableExist] - categoryTbl 表已经存在!不用创建!>
2016-12-15 01:06:17 <@zhangliangming@ [com.happy.db.DBUtils:52 isTableExist] - songTbl 表已经存在!不用创建!>
2016-12-15 01:06:19 <@zhangliangming@ [com.happy.util.DataUtil:27 init] - 初始数据加载完成.....>
2016-12-15 01:06:19 <@zhangliangming@ [com.happy.service.MediaPlayerService:70 init] - 播放器服务启动>
2016-12-15 01:06:22 <@zhangliangming@ [com.happy.enterProgram.EnterProgram:61 init] - 启动界面完成>
2016-12-15 01:07:20 <@zhangliangming@ [com.happy.util.DataUtil:24 init] - 开始加载初始数据.....>
2016-12-15 01:07:22 <@zhangliangming@ [com.happy.db.DBUtils:52 isTableExist] - baseDataTbl 表已经存在!不用创建!>
2016-12-15 01:07:22 <@zhangliangming@ [com.happy.db.DBUtils:52 isTableExist] - tabVersionTbl 表已经存在!不用创建!>
2016-12-15 01:07:25 <@zhangliangming@ [com.happy.db.DBUtils:52 isTableExist] - categoryTbl 表已经存在!不用创建!>
2016-12-15 01:07:27 <@zhangliangming@ [com.happy.db.DBUtils:52 isTableExist] - songTbl 表已经存在!不用创建!>
2016-12-15 01:07:29 <@zhangliangming@ [com.happy.util.DataUtil:27 init] - 初始数据加载完成.....>
2016-12-15 01:07:29 <@zhangliangming@ [com.happy.service.MediaPlayerService:70 init] - 播放器服务启动>
2016-12-15 01:07:31 <@zhangliangming@ [com.happy.enterProgram.EnterProgram:61 init] - 启动界面完成>
2016-12-15 01:09:48 <@zhangliangming@ [com.happy.ui.MainFrame:188 exitPlayer] - 准备退出播放器>
2016-12-15 01:09:48 <@zhangliangming@ [com.happy.util.DataUtil:72 saveData] - 保存数据>
2016-12-15 01:09:50 <@zhangliangming@ [com.happy.ui.MainFrame:190 exitPlayer] - 退出成功>
2016-12-15 01:09:52 <@zhangliangming@ [com.happy.util.DataUtil:24 init] - 开始加载初始数据.....>
2016-12-15 01:09:54 <@zhangliangming@ [com.happy.db.DBUtils:52 isTableExist] - baseDataTbl 表已经存在!不用创建!>
2016-12-15 01:09:54 <@zhangliangming@ [com.happy.db.DBUtils:52 isTableExist] - tabVersionTbl 表已经存在!不用创建!>
2016-12-15 01:09:56 <@zhangliangming@ [com.happy.db.DBUtils:52 isTableExist] - categoryTbl 表已经存在!不用创建!>
2016-12-15 01:09:58 <@zhangliangming@ [com.happy.db.DBUtils:52 isTableExist] - songTbl 表已经存在!不用创建!>
2016-12-15 01:09:59 <@zhangliangming@ [com.happy.util.DataUtil:27 init] - 初始数据加载完成.....>
2016-12-15 01:09:59 <@zhangliangming@ [com.happy.service.MediaPlayerService:70 init] - 播放器服务启动>
2016-12-15 01:10:02 <@zhangliangming@ [com.happy.enterProgram.EnterProgram:61 init] - 启动界面完成>
2016-12-15 01:13:33 <@zhangliangming@ [com.happy.util.DataUtil:24 init] - 开始加载初始数据.....>
2016-12-15 01:13:35 <@zhangliangming@ [com.happy.db.DBUtils:52 isTableExist] - baseDataTbl 表已经存在!不用创建!>
2016-12-15 01:13:35 <@zhangliangming@ [com.happy.db.DBUtils:52 isTableExist] - tabVersionTbl 表已经存在!不用创建!>
2016-12-15 01:13:36 <@zhangliangming@ [com.happy.db.DBUtils:52 isTableExist] - categoryTbl 表已经存在!不用创建!>
2016-12-15 01:13:38 <@zhangliangming@ [com.happy.db.DBUtils:52 isTableExist] - songTbl 表已经存在!不用创建!>
2016-12-15 01:13:39 <@zhangliangming@ [com.happy.util.DataUtil:27 init] - 初始数据加载完成.....>
2016-12-15 01:13:39 <@zhangliangming@ [com.happy.service.MediaPlayerService:70 init] - 播放器服务启动>
2016-12-15 01:13:41 <@zhangliangming@ [com.happy.enterProgram.EnterProgram:61 init] - 启动界面完成>
2016-12-15 01:40:34 <@zhangliangming@ [com.happy.util.DataUtil:24 init] - 开始加载初始数据.....>
2016-12-15 01:40:37 <@zhangliangming@ [com.happy.db.DBUtils:52 isTableExist] - baseDataTbl 表已经存在!不用创建!>
2016-12-15 01:40:37 <@zhangliangming@ [com.happy.db.DBUtils:52 isTableExist] - tabVersionTbl 表已经存在!不用创建!>
2016-12-15 01:40:39 <@zhangliangming@ [com.happy.db.DBUtils:52 isTableExist] - categoryTbl 表已经存在!不用创建!>
2016-12-15 01:40:40 <@zhangliangming@ [com.happy.db.DBUtils:52 isTableExist] - songTbl 表已经存在!不用创建!>
2016-12-15 01:40:41 <@zhangliangming@ [com.happy.util.DataUtil:27 init] - 初始数据加载完成.....>
2016-12-15 01:40:41 <@zhangliangming@ [com.happy.service.MediaPlayerService:70 init] - 播放器服务启动>
2016-12-15 01:40:44 <@zhangliangming@ [com.happy.enterProgram.EnterProgram:61 init] - 启动界面完成>
2016-12-15 01:49:28 <@zhangliangming@ [com.happy.ui.MainFrame:188 exitPlayer] - 准备退出播放器>
2016-12-15 01:49:28 <@zhangliangming@ [com.happy.util.DataUtil:72 saveData] - 保存数据>
2016-12-15 01:49:30 <@zhangliangming@ [com.happy.ui.MainFrame:190 exitPlayer] - 退出成功>
2016-12-15 01:49:31 <@zhangliangming@ [com.happy.util.DataUtil:24 init] - 开始加载初始数据.....>
2016-12-15 01:49:32 <@zhangliangming@ [com.happy.db.DBUtils:52 isTableExist] - baseDataTbl 表已经存在!不用创建!>
2016-12-15 01:49:32 <@zhangliangming@ [com.happy.db.DBUtils:52 isTableExist] - tabVersionTbl 表已经存在!不用创建!>
2016-12-15 01:49:35 <@zhangliangming@ [com.happy.db.DBUtils:52 isTableExist] - categoryTbl 表已经存在!不用创建!>
2016-12-15 01:49:37 <@zhangliangming@ [com.happy.db.DBUtils:52 isTableExist] - songTbl 表已经存在!不用创建!>
2016-12-15 01:49:38 <@zhangliangming@ [com.happy.util.DataUtil:27 init] - 初始数据加载完成.....>
2016-12-15 01:49:38 <@zhangliangming@ [com.happy.service.MediaPlayerService:70 init] - 播放器服务启动>
2016-12-15 01:49:42 <@zhangliangming@ [com.happy.enterProgram.EnterProgram:61 init] - 启动界面完成>
2016-12-15 01:51:53 <@zhangliangming@ [com.happy.util.DataUtil:24 init] - 开始加载初始数据.....>
2016-12-15 01:51:56 <@zhangliangming@ [com.happy.db.DBUtils:52 isTableExist] - baseDataTbl 表已经存在!不用创建!>
2016-12-15 01:51:56 <@zhangliangming@ [com.happy.db.DBUtils:52 isTableExist] - tabVersionTbl 表已经存在!不用创建!>
2016-12-15 01:51:58 <@zhangliangming@ [com.happy.db.DBUtils:52 isTableExist] - categoryTbl 表已经存在!不用创建!>
2016-12-15 01:51:59 <@zhangliangming@ [com.happy.db.DBUtils:52 isTableExist] - songTbl 表已经存在!不用创建!>
2016-12-15 01:52:01 <@zhangliangming@ [com.happy.util.DataUtil:27 init] - 初始数据加载完成.....>
2016-12-15 01:52:01 <@zhangliangming@ [com.happy.service.MediaPlayerService:70 init] - 播放器服务启动>
2016-12-15 01:52:04 <@zhangliangming@ [com.happy.enterProgram.EnterProgram:61 init] - 启动界面完成>
2016-12-15 01:53:44 <@zhangliangming@ [com.happy.util.DataUtil:24 init] - 开始加载初始数据.....>
2016-12-15 01:53:46 <@zhangliangming@ [com.happy.db.DBUtils:52 isTableExist] - baseDataTbl 表已经存在!不用创建!>
2016-12-15 01:53:46 <@zhangliangming@ [com.happy.db.DBUtils:52 isTableExist] - tabVersionTbl 表已经存在!不用创建!>
2016-12-15 01:53:48 <@zhangliangming@ [com.happy.db.DBUtils:52 isTableExist] - categoryTbl 表已经存在!不用创建!>
2016-12-15 01:53:50 <@zhangliangming@ [com.happy.db.DBUtils:52 isTableExist] - songTbl 表已经存在!不用创建!>
2016-12-15 01:53:51 <@zhangliangming@ [com.happy.util.DataUtil:27 init] - 初始数据加载完成.....>
2016-12-15 01:53:51 <@zhangliangming@ [com.happy.service.MediaPlayerService:70 init] - 播放器服务启动>
2016-12-15 01:53:55 <@zhangliangming@ [com.happy.enterProgram.EnterProgram:61 init] - 启动界面完成>
2016-12-15 01:55:12 <@zhangliangming@ [com.happy.util.DataUtil:24 init] - 开始加载初始数据.....>
2016-12-15 01:55:15 <@zhangliangming@ [com.happy.db.DBUtils:52 isTableExist] - baseDataTbl 表已经存在!不用创建!>
2016-12-15 01:55:15 <@zhangliangming@ [com.happy.db.DBUtils:52 isTableExist] - tabVersionTbl 表已经存在!不用创建!>
2016-12-15 01:55:21 <@zhangliangming@ [com.happy.util.DataUtil:24 init] - 开始加载初始数据.....>
2016-12-15 01:55:23 <@zhangliangming@ [com.happy.db.DBUtils:52 isTableExist] - baseDataTbl 表已经存在!不用创建!>
2016-12-15 01:55:23 <@zhangliangming@ [com.happy.db.DBUtils:52 isTableExist] - tabVersionTbl 表已经存在!不用创建!>
2016-12-15 01:55:25 <@zhangliangming@ [com.happy.db.DBUtils:52 isTableExist] - categoryTbl 表已经存在!不用创建!>
2016-12-15 01:55:27 <@zhangliangming@ [com.happy.db.DBUtils:52 isTableExist] - songTbl 表已经存在!不用创建!>
2016-12-15 01:55:29 <@zhangliangming@ [com.happy.util.DataUtil:27 init] - 初始数据加载完成.....>
2016-12-15 01:55:29 <@zhangliangming@ [com.happy.service.MediaPlayerService:70 init] - 播放器服务启动>
2016-12-15 01:55:32 <@zhangliangming@ [com.happy.enterProgram.EnterProgram:61 init] - 启动界面完成>
2016-12-15 02:04:05 <@zhangliangming@ [com.happy.ui.MainFrame:188 exitPlayer] - 准备退出播放器>
2016-12-15 02:04:05 <@zhangliangming@ [com.happy.util.DataUtil:72 saveData] - 保存数据>
2016-12-15 02:04:06 <@zhangliangming@ [com.happy.ui.MainFrame:190 exitPlayer] - 退出成功>
2016-12-15 02:04:09 <@zhangliangming@ [com.happy.util.DataUtil:24 init] - 开始加载初始数据.....>
2016-12-15 02:04:11 <@zhangliangming@ [com.happy.db.DBUtils:52 isTableExist] - baseDataTbl 表已经存在!不用创建!>
2016-12-15 02:04:11 <@zhangliangming@ [com.happy.db.DBUtils:52 isTableExist] - tabVersionTbl 表已经存在!不用创建!>
2016-12-15 02:04:13 <@zhangliangming@ [com.happy.db.DBUtils:52 isTableExist] - categoryTbl 表已经存在!不用创建!>
2016-12-15 02:04:15 <@zhangliangming@ [com.happy.db.DBUtils:52 isTableExist] - songTbl 表已经存在!不用创建!>
2016-12-15 02:04:16 <@zhangliangming@ [com.happy.util.DataUtil:27 init] - 初始数据加载完成.....>
2016-12-15 02:04:16 <@zhangliangming@ [com.happy.service.MediaPlayerService:70 init] - 播放器服务启动>
2016-12-15 02:04:19 <@zhangliangming@ [com.happy.enterProgram.EnterProgram:61 init] - 启动界面完成>
2016-12-15 02:04:28 <@zhangliangming@ [com.happy.ui.MainFrame:188 exitPlayer] - 准备退出播放器>
2016-12-15 02:04:28 <@zhangliangming@ [com.happy.util.DataUtil:72 saveData] - 保存数据>
2016-12-15 02:04:29 <@zhangliangming@ [com.happy.ui.MainFrame:190 exitPlayer] - 退出成功>
2016-12-15 02:04:46 <@zhangliangming@ [com.happy.util.DataUtil:24 init] - 开始加载初始数据.....>
2016-12-15 02:04:48 <@zhangliangming@ [com.happy.db.DBUtils:52 isTableExist] - baseDataTbl 表已经存在!不用创建!>
2016-12-15 02:04:48 <@zhangliangming@ [com.happy.db.DBUtils:52 isTableExist] - tabVersionTbl 表已经存在!不用创建!>
2016-12-15 02:04:50 <@zhangliangming@ [com.happy.db.DBUtils:52 isTableExist] - categoryTbl 表已经存在!不用创建!>
2016-12-15 02:04:52 <@zhangliangming@ [com.happy.db.DBUtils:52 isTableExist] - songTbl 表已经存在!不用创建!>
2016-12-15 02:04:54 <@zhangliangming@ [com.happy.util.DataUtil:27 init] - 初始数据加载完成.....>
2016-12-15 02:04:54 <@zhangliangming@ [com.happy.service.MediaPlayerService:70 init] - 播放器服务启动>
2016-12-15 02:04:57 <@zhangliangming@ [com.happy.enterProgram.EnterProgram:61 init] - 启动界面完成>
2016-12-15 02:05:46 <@zhangliangming@ [com.happy.ui.MainFrame:188 exitPlayer] - 准备退出播放器>
2016-12-15 02:05:46 <@zhangliangming@ [com.happy.util.DataUtil:72 saveData] - 保存数据>
2016-12-15 02:05:47 <@zhangliangming@ [com.happy.ui.MainFrame:190 exitPlayer] - 退出成功>
2016-12-15 02:06:28 <@zhangliangming@ [com.happy.util.DataUtil:24 init] - 开始加载初始数据.....>
2016-12-15 02:06:32 <@zhangliangming@ [com.happy.db.DBUtils:52 isTableExist] - baseDataTbl 表已经存在!不用创建!>
2016-12-15 02:06:32 <@zhangliangming@ [com.happy.db.DBUtils:52 isTableExist] - tabVersionTbl 表已经存在!不用创建!>
2016-12-15 02:06:37 <@zhangliangming@ [com.happy.db.DBUtils:52 isTableExist] - categoryTbl 表已经存在!不用创建!>
2016-12-15 02:06:39 <@zhangliangming@ [com.happy.db.DBUtils:52 isTableExist] - songTbl 表已经存在!不用创建!>
2016-12-15 02:06:41 <@zhangliangming@ [com.happy.util.DataUtil:27 init] - 初始数据加载完成.....>
2016-12-15 02:06:41 <@zhangliangming@ [com.happy.service.MediaPlayerService:70 init] - 播放器服务启动>
2016-12-15 02:06:44 <@zhangliangming@ [com.happy.enterProgram.EnterProgram:61 init] - 启动界面完成>
2016-12-15 02:14:34 <@zhangliangming@ [com.happy.ui.MainFrame:188 exitPlayer] - 准备退出播放器>
2016-12-15 02:14:34 <@zhangliangming@ [com.happy.util.DataUtil:72 saveData] - 保存数据>
2016-12-15 02:14:36 <@zhangliangming@ [com.happy.ui.MainFrame:190 exitPlayer] - 退出成功>
2016-12-15 02:15:12 <@zhangliangming@ [com.happy.util.DataUtil:24 init] - 开始加载初始数据.....>
2016-12-15 02:15:14 <@zhangliangming@ [com.happy.db.DBUtils:52 isTableExist] - baseDataTbl 表已经存在!不用创建!>
2016-12-15 02:15:14 <@zhangliangming@ [com.happy.db.DBUtils:52 isTableExist] - tabVersionTbl 表已经存在!不用创建!>
2016-12-15 02:15:18 <@zhangliangming@ [com.happy.db.DBUtils:52 isTableExist] - categoryTbl 表已经存在!不用创建!>
2016-12-15 02:15:20 <@zhangliangming@ [com.happy.db.DBUtils:52 isTableExist] - songTbl 表已经存在!不用创建!>
2016-12-15 02:15:22 <@zhangliangming@ [com.happy.util.DataUtil:27 init] - 初始数据加载完成.....>
2016-12-15 02:15:22 <@zhangliangming@ [com.happy.service.MediaPlayerService:70 init] - 播放器服务启动>
2016-12-15 02:15:26 <@zhangliangming@ [com.happy.enterProgram.EnterProgram:61 init] - 启动界面完成>
2016-12-15 09:00:14 <@zhangliangming@ [com.happy.util.DataUtil:24 init] - 开始加载初始数据.....>
2016-12-15 09:00:15 <@zhangliangming@ [com.happy.db.DBUtils:52 isTableExist] - baseDataTbl 表已经存在!不用创建!>
2016-12-15 09:00:15 <@zhangliangming@ [com.happy.db.DBUtils:52 isTableExist] - tabVersionTbl 表已经存在!不用创建!>
2016-12-15 09:00:16 <@zhangliangming@ [com.happy.db.DBUtils:52 isTableExist] - categoryTbl 表已经存在!不用创建!>
2016-12-15 09:00:17 <@zhangliangming@ [com.happy.db.DBUtils:52 isTableExist] - songTbl 表已经存在!不用创建!>
2016-12-15 09:00:18 <@zhangliangming@ [com.happy.util.DataUtil:27 init] - 初始数据加载完成.....>
2016-12-15 09:00:18 <@zhangliangming@ [com.happy.service.MediaPlayerService:70 init] - 播放器服务启动>
2016-12-15 09:00:19 <@zhangliangming@ [com.happy.enterProgram.EnterProgram:61 init] - 启动界面完成>
2016-12-15 09:00:40 <@zhangliangming@ [com.happy.ui.MainFrame:188 exitPlayer] - 准备退出播放器>
2016-12-15 09:00:40 <@zhangliangming@ [com.happy.util.DataUtil:72 saveData] - 保存数据>
2016-12-15 09:00:40 <@zhangliangming@ [com.happy.ui.MainFrame:190 exitPlayer] - 退出成功>
2016-12-15 09:01:01 <@zhangliangming@ [com.happy.util.DataUtil:24 init] - 开始加载初始数据.....>
2016-12-15 09:01:02 <@zhangliangming@ [com.happy.db.DBUtils:52 isTableExist] - baseDataTbl 表已经存在!不用创建!>
2016-12-15 09:01:02 <@zhangliangming@ [com.happy.db.DBUtils:52 isTableExist] - tabVersionTbl 表已经存在!不用创建!>
2016-12-15 09:01:03 <@zhangliangming@ [com.happy.db.DBUtils:52 isTableExist] - categoryTbl 表已经存在!不用创建!>
2016-12-15 09:01:04 <@zhangliangming@ [com.happy.db.DBUtils:52 isTableExist] - songTbl 表已经存在!不用创建!>
2016-12-15 09:01:04 <@zhangliangming@ [com.happy.util.DataUtil:27 init] - 初始数据加载完成.....>
2016-12-15 09:01:04 <@zhangliangming@ [com.happy.service.MediaPlayerService:70 init] - 播放器服务启动>
2016-12-15 09:01:06 <@zhangliangming@ [com.happy.enterProgram.EnterProgram:61 init] - 启动界面完成>
2016-12-15 09:01:21 <@zhangliangming@ [com.happy.ui.MainFrame:188 exitPlayer] - 准备退出播放器>
2016-12-15 09:01:21 <@zhangliangming@ [com.happy.util.DataUtil:72 saveData] - 保存数据>
2016-12-15 09:01:21 <@zhangliangming@ [com.happy.ui.MainFrame:190 exitPlayer] - 退出成功>
2016-12-15 09:01:24 <@zhangliangming@ [com.happy.util.DataUtil:24 init] - 开始加载初始数据.....>
2016-12-15 09:01:25 <@zhangliangming@ [com.happy.db.DBUtils:52 isTableExist] - baseDataTbl 表已经存在!不用创建!>
2016-12-15 09:01:25 <@zhangliangming@ [com.happy.db.DBUtils:52 isTableExist] - tabVersionTbl 表已经存在!不用创建!>
2016-12-15 09:01:25 <@zhangliangming@ [com.happy.db.DBUtils:52 isTableExist] - categoryTbl 表已经存在!不用创建!>
2016-12-15 09:01:26 <@zhangliangming@ [com.happy.db.DBUtils:52 isTableExist] - songTbl 表已经存在!不用创建!>
2016-12-15 09:01:27 <@zhangliangming@ [com.happy.util.DataUtil:27 init] - 初始数据加载完成.....>
2016-12-15 09:01:27 <@zhangliangming@ [com.happy.service.MediaPlayerService:70 init] - 播放器服务启动>
2016-12-15 09:01:28 <@zhangliangming@ [com.happy.enterProgram.EnterProgram:61 init] - 启动界面完成>
2016-12-15 09:01:44 <@zhangliangming@ [com.happy.ui.MainFrame:188 exitPlayer] - 准备退出播放器>
2016-12-15 09:01:44 <@zhangliangming@ [com.happy.util.DataUtil:72 saveData] - 保存数据>
2016-12-15 09:01:44 <@zhangliangming@ [com.happy.ui.MainFrame:190 exitPlayer] - 退出成功>
2016-12-15 09:04:09 <@zhangliangming@ [com.happy.util.DataUtil:24 init] - 开始加载初始数据.....>
2016-12-15 09:04:10 <@zhangliangming@ [com.happy.db.DBUtils:52 isTableExist] - baseDataTbl 表已经存在!不用创建!>
2016-12-15 09:04:10 <@zhangliangming@ [com.happy.db.DBUtils:52 isTableExist] - tabVersionTbl 表已经存在!不用创建!>
2016-12-15 09:04:11 <@zhangliangming@ [com.happy.db.DBUtils:52 isTableExist] - categoryTbl 表已经存在!不用创建!>
2016-12-15 09:04:12 <@zhangliangming@ [com.happy.db.DBUtils:52 isTableExist] - songTbl 表已经存在!不用创建!>
2016-12-15 09:04:12 <@zhangliangming@ [com.happy.util.DataUtil:27 init] - 初始数据加载完成.....>
2016-12-15 09:04:12 <@zhangliangming@ [com.happy.service.MediaPlayerService:70 init] - 播放器服务启动>
2016-12-15 09:04:14 <@zhangliangming@ [com.happy.enterProgram.EnterProgram:61 init] - 启动界面完成>
2016-12-15 09:08:01 <@zhangliangming@ [com.happy.ui.MainFrame:188 exitPlayer] - 准备退出播放器>
2016-12-15 09:08:01 <@zhangliangming@ [com.happy.util.DataUtil:72 saveData] - 保存数据>
2016-12-15 09:08:01 <@zhangliangming@ [com.happy.ui.MainFrame:190 exitPlayer] - 退出成功>
2016-12-15 09:08:04 <@zhangliangming@ [com.happy.util.DataUtil:24 init] - 开始加载初始数据.....>
2016-12-15 09:08:05 <@zhangliangming@ [com.happy.db.DBUtils:52 isTableExist] - baseDataTbl 表已经存在!不用创建!>
2016-12-15 09:08:05 <@zhangliangming@ [com.happy.db.DBUtils:52 isTableExist] - tabVersionTbl 表已经存在!不用创建!>
2016-12-15 09:08:06 <@zhangliangming@ [com.happy.db.DBUtils:52 isTableExist] - categoryTbl 表已经存在!不用创建!>
2016-12-15 09:08:06 <@zhangliangming@ [com.happy.db.DBUtils:52 isTableExist] - songTbl 表已经存在!不用创建!>
2016-12-15 09:08:07 <@zhangliangming@ [com.happy.util.DataUtil:27 init] - 初始数据加载完成.....>
2016-12-15 09:08:07 <@zhangliangming@ [com.happy.service.MediaPlayerService:70 init] - 播放器服务启动>
2016-12-15 09:08:09 <@zhangliangming@ [com.happy.enterProgram.EnterProgram:61 init] - 启动界面完成>
2016-12-15 09:08:41 <@zhangliangming@ [com.happy.ui.MainFrame:188 exitPlayer] - 准备退出播放器>
2016-12-15 09:08:41 <@zhangliangming@ [com.happy.util.DataUtil:72 saveData] - 保存数据>
2016-12-15 09:08:42 <@zhangliangming@ [com.happy.ui.MainFrame:190 exitPlayer] - 退出成功>
2016-12-15 09:09:11 <@zhangliangming@ [com.happy.util.DataUtil:24 init] - 开始加载初始数据.....>
2016-12-15 09:09:12 <@zhangliangming@ [com.happy.db.DBUtils:52 isTableExist] - baseDataTbl 表已经存在!不用创建!>
2016-12-15 09:09:12 <@zhangliangming@ [com.happy.db.DBUtils:52 isTableExist] - tabVersionTbl 表已经存在!不用创建!>
2016-12-15 09:09:13 <@zhangliangming@ [com.happy.db.DBUtils:52 isTableExist] - categoryTbl 表已经存在!不用创建!>
2016-12-15 09:09:13 <@zhangliangming@ [com.happy.db.DBUtils:52 isTableExist] - songTbl 表已经存在!不用创建!>
2016-12-15 09:09:14 <@zhangliangming@ [com.happy.util.DataUtil:27 init] - 初始数据加载完成.....>
2016-12-15 09:09:14 <@zhangliangming@ [com.happy.service.MediaPlayerService:70 init] - 播放器服务启动>
2016-12-15 09:09:15 <@zhangliangming@ [com.happy.enterProgram.EnterProgram:61 init] - 启动界面完成>
2016-12-15 09:09:38 <@zhangliangming@ [com.happy.ui.MainFrame:188 exitPlayer] - 准备退出播放器>
2016-12-15 09:09:38 <@zhangliangming@ [com.happy.util.DataUtil:72 saveData] - 保存数据>
2016-12-15 09:09:39 <@zhangliangming@ [com.happy.ui.MainFrame:190 exitPlayer] - 退出成功>
2016-12-15 09:10:18 <@zhangliangming@ [com.happy.util.DataUtil:24 init] - 开始加载初始数据.....>
2016-12-15 09:10:19 <@zhangliangming@ [com.happy.db.DBUtils:52 isTableExist] - baseDataTbl 表已经存在!不用创建!>
2016-12-15 09:10:19 <@zhangliangming@ [com.happy.db.DBUtils:52 isTableExist] - tabVersionTbl 表已经存在!不用创建!>
2016-12-15 09:10:20 <@zhangliangming@ [com.happy.db.DBUtils:52 isTableExist] - categoryTbl 表已经存在!不用创建!>
2016-12-15 09:10:21 <@zhangliangming@ [com.happy.db.DBUtils:52 isTableExist] - songTbl 表已经存在!不用创建!>
2016-12-15 09:10:23 <@zhangliangming@ [com.happy.util.DataUtil:27 init] - 初始数据加载完成.....>
2016-12-15 09:10:23 <@zhangliangming@ [com.happy.service.MediaPlayerService:70 init] - 播放器服务启动>
2016-12-15 09:10:26 <@zhangliangming@ [com.happy.enterProgram.EnterProgram:61 init] - 启动界面完成>
2016-12-15 09:10:57 <@zhangliangming@ [com.happy.ui.MainFrame:188 exitPlayer] - 准备退出播放器>
2016-12-15 09:10:57 <@zhangliangming@ [com.happy.util.DataUtil:72 saveData] - 保存数据>
2016-12-15 09:10:58 <@zhangliangming@ [com.happy.ui.MainFrame:190 exitPlayer] - 退出成功>
2016-12-15 09:12:34 <@zhangliangming@ [com.happy.util.DataUtil:24 init] - 开始加载初始数据.....>
2016-12-15 09:12:35 <@zhangliangming@ [com.happy.db.DBUtils:52 isTableExist] - baseDataTbl 表已经存在!不用创建!>
2016-12-15 09:12:35 <@zhangliangming@ [com.happy.db.DBUtils:52 isTableExist] - tabVersionTbl 表已经存在!不用创建!>
2016-12-15 09:12:36 <@zhangliangming@ [com.happy.db.DBUtils:52 isTableExist] - categoryTbl 表已经存在!不用创建!>
2016-12-15 09:12:37 <@zhangliangming@ [com.happy.db.DBUtils:52 isTableExist] - songTbl 表已经存在!不用创建!>
2016-12-15 09:12:37 <@zhangliangming@ [com.happy.util.DataUtil:27 init] - 初始数据加载完成.....>
2016-12-15 09:12:37 <@zhangliangming@ [com.happy.service.MediaPlayerService:70 init] - 播放器服务启动>
2016-12-15 09:12:39 <@zhangliangming@ [com.happy.enterProgram.EnterProgram:61 init] - 启动界面完成>
2016-12-15 09:12:53 <@zhangliangming@ [com.happy.ui.MainFrame:188 exitPlayer] - 准备退出播放器>
2016-12-15 09:12:53 <@zhangliangming@ [com.happy.util.DataUtil:72 saveData] - 保存数据>
2016-12-15 09:12:54 <@zhangliangming@ [com.happy.ui.MainFrame:190 exitPlayer] - 退出成功>
2016-12-15 09:20:51 <@zhangliangming@ [com.happy.util.DataUtil:24 init] - 开始加载初始数据.....>
2016-12-15 09:20:51 <@zhangliangming@ [com.happy.db.DBUtils:52 isTableExist] - baseDataTbl 表已经存在!不用创建!>
2016-12-15 09:20:51 <@zhangliangming@ [com.happy.db.DBUtils:52 isTableExist] - tabVersionTbl 表已经存在!不用创建!>
2016-12-15 09:20:53 <@zhangliangming@ [com.happy.db.DBUtils:52 isTableExist] - categoryTbl 表已经存在!不用创建!>
2016-12-15 09:20:53 <@zhangliangming@ [com.happy.db.DBUtils:52 isTableExist] - songTbl 表已经存在!不用创建!>
2016-12-15 09:20:54 <@zhangliangming@ [com.happy.util.DataUtil:27 init] - 初始数据加载完成.....>
2016-12-15 09:20:54 <@zhangliangming@ [com.happy.service.MediaPlayerService:70 init] - 播放器服务启动>
2016-12-15 09:20:55 <@zhangliangming@ [com.happy.enterProgram.EnterProgram:61 init] - 启动界面完成>
2016-12-15 09:26:03 <@zhangliangming@ [com.happy.ui.MainFrame:188 exitPlayer] - 准备退出播放器>
2016-12-15 09:26:03 <@zhangliangming@ [com.happy.util.DataUtil:72 saveData] - 保存数据>
2016-12-15 09:26:04 <@zhangliangming@ [com.happy.ui.MainFrame:190 exitPlayer] - 退出成功>
2016-12-15 09:26:08 <@zhangliangming@ [com.happy.util.DataUtil:24 init] - 开始加载初始数据.....>
2016-12-15 09:26:09 <@zhangliangming@ [com.happy.db.DBUtils:52 isTableExist] - baseDataTbl 表已经存在!不用创建!>
2016-12-15 09:26:09 <@zhangliangming@ [com.happy.db.DBUtils:52 isTableExist] - tabVersionTbl 表已经存在!不用创建!>
2016-12-15 09:26:10 <@zhangliangming@ [com.happy.db.DBUtils:52 isTableExist] - categoryTbl 表已经存在!不用创建!>
2016-12-15 09:26:10 <@zhangliangming@ [com.happy.db.DBUtils:52 isTableExist] - songTbl 表已经存在!不用创建!>
2016-12-15 09:26:11 <@zhangliangming@ [com.happy.util.DataUtil:27 init] - 初始数据加载完成.....>
2016-12-15 09:26:11 <@zhangliangming@ [com.happy.service.MediaPlayerService:70 init] - 播放器服务启动>
2016-12-15 09:26:12 <@zhangliangming@ [com.happy.enterProgram.EnterProgram:61 init] - 启动界面完成>
2016-12-15 09:34:59 <@zhangliangming@ [com.happy.ui.MainFrame:188 exitPlayer] - 准备退出播放器>
2016-12-15 09:34:59 <@zhangliangming@ [com.happy.util.DataUtil:72 saveData] - 保存数据>
2016-12-15 09:35:00 <@zhangliangming@ [com.happy.ui.MainFrame:190 exitPlayer] - 退出成功>
2016-12-15 09:35:02 <@zhangliangming@ [com.happy.util.DataUtil:24 init] - 开始加载初始数据.....>
2016-12-15 09:35:02 <@zhangliangming@ [com.happy.db.DBUtils:52 isTableExist] - baseDataTbl 表已经存在!不用创建!>
2016-12-15 09:35:02 <@zhangliangming@ [com.happy.db.DBUtils:52 isTableExist] - tabVersionTbl 表已经存在!不用创建!>
2016-12-15 09:35:03 <@zhangliangming@ [com.happy.db.DBUtils:52 isTableExist] - categoryTbl 表已经存在!不用创建!>
2016-12-15 09:35:04 <@zhangliangming@ [com.happy.db.DBUtils:52 isTableExist] - songTbl 表已经存在!不用创建!>
2016-12-15 09:35:05 <@zhangliangming@ [com.happy.util.DataUtil:27 init] - 初始数据加载完成.....>
2016-12-15 09:35:05 <@zhangliangming@ [com.happy.service.MediaPlayerService:70 init] - 播放器服务启动>
2016-12-15 09:35:06 <@zhangliangming@ [com.happy.enterProgram.EnterProgram:61 init] - 启动界面完成>
2016-12-15 11:35:50 <@zhangliangming@ [com.happy.ui.MainFrame:188 exitPlayer] - 准备退出播放器>
2016-12-15 11:35:50 <@zhangliangming@ [com.happy.util.DataUtil:72 saveData] - 保存数据>
2016-12-15 11:35:51 <@zhangliangming@ [com.happy.ui.MainFrame:190 exitPlayer] - 退出成功>
2016-12-15 11:35:53 <@zhangliangming@ [com.happy.util.DataUtil:24 init] - 开始加载初始数据.....>
2016-12-15 11:35:54 <@zhangliangming@ [com.happy.db.DBUtils:52 isTableExist] - baseDataTbl 表已经存在!不用创建!>
2016-12-15 11:35:54 <@zhangliangming@ [com.happy.db.DBUtils:52 isTableExist] - tabVersionTbl 表已经存在!不用创建!>
2016-12-15 11:35:55 <@zhangliangming@ [com.happy.db.DBUtils:52 isTableExist] - categoryTbl 表已经存在!不用创建!>
2016-12-15 11:35:55 <@zhangliangming@ [com.happy.db.DBUtils:52 isTableExist] - songTbl 表已经存在!不用创建!>
2016-12-15 11:35:56 <@zhangliangming@ [com.happy.util.DataUtil:27 init] - 初始数据加载完成.....>
2016-12-15 11:35:56 <@zhangliangming@ [com.happy.service.MediaPlayerService:70 init] - 播放器服务启动>
2016-12-15 11:35:57 <@zhangliangming@ [com.happy.enterProgram.EnterProgram:61 init] - 启动界面完成>
2016-12-15 11:36:06 <@zhangliangming@ [com.happy.ui.MainFrame:188 exitPlayer] - 准备退出播放器>
2016-12-15 11:36:06 <@zhangliangming@ [com.happy.util.DataUtil:72 saveData] - 保存数据>
2016-12-15 11:36:07 <@zhangliangming@ [com.happy.ui.MainFrame:190 exitPlayer] - 退出成功>
2016-12-15 11:37:12 <@zhangliangming@ [com.happy.util.DataUtil:24 init] - 开始加载初始数据.....>
2016-12-15 11:37:13 <@zhangliangming@ [com.happy.db.DBUtils:52 isTableExist] - baseDataTbl 表已经存在!不用创建!>
2016-12-15 11:37:13 <@zhangliangming@ [com.happy.db.DBUtils:52 isTableExist] - tabVersionTbl 表已经存在!不用创建!>
2016-12-15 11:37:14 <@zhangliangming@ [com.happy.db.DBUtils:52 isTableExist] - categoryTbl 表已经存在!不用创建!>
2016-12-15 11:37:15 <@zhangliangming@ [com.happy.db.DBUtils:52 isTableExist] - songTbl 表已经存在!不用创建!>
2016-12-15 11:37:16 <@zhangliangming@ [com.happy.util.DataUtil:27 init] - 初始数据加载完成.....>
2016-12-15 11:37:16 <@zhangliangming@ [com.happy.service.MediaPlayerService:70 init] - 播放器服务启动>
2016-12-15 11:37:17 <@zhangliangming@ [com.happy.enterProgram.EnterProgram:61 init] - 启动界面完成>
2016-12-15 11:37:45 <@zhangliangming@ [com.happy.ui.MainFrame:188 exitPlayer] - 准备退出播放器>
2016-12-15 11:37:45 <@zhangliangming@ [com.happy.util.DataUtil:72 saveData] - 保存数据>
2016-12-15 11:37:46 <@zhangliangming@ [com.happy.ui.MainFrame:190 exitPlayer] - 退出成功>
2016-12-15 11:37:58 <@zhangliangming@ [com.happy.util.DataUtil:24 init] - 开始加载初始数据.....>
2016-12-15 11:37:59 <@zhangliangming@ [com.happy.db.DBUtils:52 isTableExist] - baseDataTbl 表已经存在!不用创建!>
2016-12-15 11:37:59 <@zhangliangming@ [com.happy.db.DBUtils:52 isTableExist] - tabVersionTbl 表已经存在!不用创建!>
2016-12-15 11:38:00 <@zhangliangming@ [com.happy.db.DBUtils:52 isTableExist] - categoryTbl 表已经存在!不用创建!>
2016-12-15 11:38:01 <@zhangliangming@ [com.happy.db.DBUtils:52 isTableExist] - songTbl 表已经存在!不用创建!>
2016-12-15 11:38:02 <@zhangliangming@ [com.happy.util.DataUtil:27 init] - 初始数据加载完成.....>
2016-12-15 11:38:02 <@zhangliangming@ [com.happy.service.MediaPlayerService:70 init] - 播放器服务启动>
2016-12-15 11:38:03 <@zhangliangming@ [com.happy.enterProgram.EnterProgram:61 init] - 启动界面完成>
2016-12-15 11:38:19 <@zhangliangming@ [com.happy.ui.MainFrame:188 exitPlayer] - 准备退出播放器>
2016-12-15 11:38:19 <@zhangliangming@ [com.happy.util.DataUtil:72 saveData] - 保存数据>
2016-12-15 11:38:19 <@zhangliangming@ [com.happy.ui.MainFrame:190 exitPlayer] - 退出成功>
2016-12-15 11:43:07 <@zhangliangming@ [com.happy.util.DataUtil:24 init] - 开始加载初始数据.....>
2016-12-15 11:43:08 <@zhangliangming@ [com.happy.db.DBUtils:52 isTableExist] - baseDataTbl 表已经存在!不用创建!>
2016-12-15 11:43:08 <@zhangliangming@ [com.happy.db.DBUtils:52 isTableExist] - tabVersionTbl 表已经存在!不用创建!>
2016-12-15 11:43:09 <@zhangliangming@ [com.happy.db.DBUtils:52 isTableExist] - categoryTbl 表已经存在!不用创建!>
2016-12-15 11:43:10 <@zhangliangming@ [com.happy.db.DBUtils:52 isTableExist] - songTbl 表已经存在!不用创建!>
2016-12-15 11:43:10 <@zhangliangming@ [com.happy.util.DataUtil:27 init] - 初始数据加载完成.....>
2016-12-15 11:43:10 <@zhangliangming@ [com.happy.service.MediaPlayerService:70 init] - 播放器服务启动>
2016-12-15 11:43:12 <@zhangliangming@ [com.happy.enterProgram.EnterProgram:61 init] - 启动界面完成>
2016-12-15 11:43:27 <@zhangliangming@ [com.happy.ui.MainFrame:188 exitPlayer] - 准备退出播放器>
2016-12-15 11:43:27 <@zhangliangming@ [com.happy.util.DataUtil:72 saveData] - 保存数据>
2016-12-15 11:43:28 <@zhangliangming@ [com.happy.ui.MainFrame:190 exitPlayer] - 退出成功>
2016-12-15 11:46:24 <@zhangliangming@ [com.happy.util.DataUtil:24 init] - 开始加载初始数据.....>
2016-12-15 11:46:25 <@zhangliangming@ [com.happy.db.DBUtils:52 isTableExist] - baseDataTbl 表已经存在!不用创建!>
2016-12-15 11:46:25 <@zhangliangming@ [com.happy.db.DBUtils:52 isTableExist] - tabVersionTbl 表已经存在!不用创建!>
2016-12-15 11:46:26 <@zhangliangming@ [com.happy.db.DBUtils:52 isTableExist] - categoryTbl 表已经存在!不用创建!>
2016-12-15 11:46:27 <@zhangliangming@ [com.happy.db.DBUtils:52 isTableExist] - songTbl 表已经存在!不用创建!>
2016-12-15 11:46:27 <@zhangliangming@ [com.happy.util.DataUtil:27 init] - 初始数据加载完成.....>
2016-12-15 11:46:27 <@zhangliangming@ [com.happy.service.MediaPlayerService:70 init] - 播放器服务启动>
2016-12-15 11:46:29 <@zhangliangming@ [com.happy.enterProgram.EnterProgram:61 init] - 启动界面完成>
2016-12-15 11:46:39 <@zhangliangming@ [com.happy.ui.MainFrame:188 exitPlayer] - 准备退出播放器>
2016-12-15 11:46:39 <@zhangliangming@ [com.happy.util.DataUtil:72 saveData] - 保存数据>
2016-12-15 11:46:39 <@zhangliangming@ [com.happy.ui.MainFrame:190 exitPlayer] - 退出成功>
2016-12-15 11:46:52 <@zhangliangming@ [com.happy.util.DataUtil:24 init] - 开始加载初始数据.....>
2016-12-15 11:46:53 <@zhangliangming@ [com.happy.db.DBUtils:52 isTableExist] - baseDataTbl 表已经存在!不用创建!>
2016-12-15 11:46:53 <@zhangliangming@ [com.happy.db.DBUtils:52 isTableExist] - tabVersionTbl 表已经存在!不用创建!>
2016-12-15 11:46:54 <@zhangliangming@ [com.happy.db.DBUtils:52 isTableExist] - categoryTbl 表已经存在!不用创建!>
2016-12-15 11:46:54 <@zhangliangming@ [com.happy.db.DBUtils:52 isTableExist] - songTbl 表已经存在!不用创建!>
2016-12-15 11:46:55 <@zhangliangming@ [com.happy.util.DataUtil:27 init] - 初始数据加载完成.....>
2016-12-15 11:46:55 <@zhangliangming@ [com.happy.service.MediaPlayerService:70 init] - 播放器服务启动>
2016-12-15 11:46:56 <@zhangliangming@ [com.happy.enterProgram.EnterProgram:61 init] - 启动界面完成>
2016-12-15 11:47:02 <@zhangliangming@ [com.happy.ui.MainFrame:188 exitPlayer] - 准备退出播放器>
2016-12-15 11:47:02 <@zhangliangming@ [com.happy.util.DataUtil:72 saveData] - 保存数据>
2016-12-15 11:47:02 <@zhangliangming@ [com.happy.ui.MainFrame:190 exitPlayer] - 退出成功>
2016-12-15 11:51:08 <@zhangliangming@ [com.happy.util.DataUtil:24 init] - 开始加载初始数据.....>
2016-12-15 11:51:09 <@zhangliangming@ [com.happy.db.DBUtils:52 isTableExist] - baseDataTbl 表已经存在!不用创建!>
2016-12-15 11:51:09 <@zhangliangming@ [com.happy.db.DBUtils:52 isTableExist] - tabVersionTbl 表已经存在!不用创建!>
2016-12-15 11:51:10 <@zhangliangming@ [com.happy.db.DBUtils:52 isTableExist] - categoryTbl 表已经存在!不用创建!>
2016-12-15 11:51:10 <@zhangliangming@ [com.happy.db.DBUtils:52 isTableExist] - songTbl 表已经存在!不用创建!>
2016-12-15 11:51:11 <@zhangliangming@ [com.happy.util.DataUtil:27 init] - 初始数据加载完成.....>
2016-12-15 11:51:11 <@zhangliangming@ [com.happy.service.MediaPlayerService:70 init] - 播放器服务启动>
2016-12-15 11:51:12 <@zhangliangming@ [com.happy.enterProgram.EnterProgram:61 init] - 启动界面完成>
2016-12-15 11:51:27 <@zhangliangming@ [com.happy.ui.MainFrame:188 exitPlayer] - 准备退出播放器>
2016-12-15 11:51:27 <@zhangliangming@ [com.happy.util.DataUtil:72 saveData] - 保存数据>
2016-12-15 11:51:28 <@zhangliangming@ [com.happy.ui.MainFrame:190 exitPlayer] - 退出成功>
2016-12-15 12:08:01 <@zhangliangming@ [com.happy.util.DataUtil:24 init] - 开始加载初始数据.....>
2016-12-15 12:08:02 <@zhangliangming@ [com.happy.db.DBUtils:52 isTableExist] - baseDataTbl 表已经存在!不用创建!>
2016-12-15 12:08:02 <@zhangliangming@ [com.happy.db.DBUtils:52 isTableExist] - tabVersionTbl 表已经存在!不用创建!>
2016-12-15 12:08:03 <@zhangliangming@ [com.happy.db.DBUtils:52 isTableExist] - categoryTbl 表已经存在!不用创建!>
2016-12-15 12:08:04 <@zhangliangming@ [com.happy.db.DBUtils:52 isTableExist] - songTbl 表已经存在!不用创建!>
2016-12-15 12:08:04 <@zhangliangming@ [com.happy.util.DataUtil:27 init] - 初始数据加载完成.....>
2016-12-15 12:08:04 <@zhangliangming@ [com.happy.service.MediaPlayerService:70 init] - 播放器服务启动>
2016-12-15 12:08:06 <@zhangliangming@ [com.happy.enterProgram.EnterProgram:61 init] - 启动界面完成>
2016-12-15 12:08:11 <@zhangliangming@ [com.happy.ui.MainFrame:188 exitPlayer] - 准备退出播放器>
2016-12-15 12:08:11 <@zhangliangming@ [com.happy.util.DataUtil:72 saveData] - 保存数据>
2016-12-15 12:08:11 <@zhangliangming@ [com.happy.ui.MainFrame:190 exitPlayer] - 退出成功>
2016-12-15 12:08:27 <@zhangliangming@ [com.happy.util.DataUtil:24 init] - 开始加载初始数据.....>
2016-12-15 12:08:28 <@zhangliangming@ [com.happy.db.DBUtils:52 isTableExist] - baseDataTbl 表已经存在!不用创建!>
2016-12-15 12:08:28 <@zhangliangming@ [com.happy.db.DBUtils:52 isTableExist] - tabVersionTbl 表已经存在!不用创建!>
2016-12-15 12:08:29 <@zhangliangming@ [com.happy.db.DBUtils:52 isTableExist] - categoryTbl 表已经存在!不用创建!>
2016-12-15 12:08:30 <@zhangliangming@ [com.happy.db.DBUtils:52 isTableExist] - songTbl 表已经存在!不用创建!>
2016-12-15 12:08:30 <@zhangliangming@ [com.happy.util.DataUtil:27 init] - 初始数据加载完成.....>
2016-12-15 12:08:30 <@zhangliangming@ [com.happy.service.MediaPlayerService:70 init] - 播放器服务启动>
2016-12-15 12:08:32 <@zhangliangming@ [com.happy.enterProgram.EnterProgram:61 init] - 启动界面完成>
2016-12-15 12:08:45 <@zhangliangming@ [com.happy.ui.MainFrame:188 exitPlayer] - 准备退出播放器>
2016-12-15 12:08:45 <@zhangliangming@ [com.happy.util.DataUtil:72 saveData] - 保存数据>
2016-12-15 12:08:45 <@zhangliangming@ [com.happy.ui.MainFrame:190 exitPlayer] - 退出成功>
2016-12-15 12:09:41 <@zhangliangming@ [com.happy.util.DataUtil:24 init] - 开始加载初始数据.....>
2016-12-15 12:09:42 <@zhangliangming@ [com.happy.db.DBUtils:52 isTableExist] - baseDataTbl 表已经存在!不用创建!>
2016-12-15 12:09:42 <@zhangliangming@ [com.happy.db.DBUtils:52 isTableExist] - tabVersionTbl 表已经存在!不用创建!>
2016-12-15 12:09:43 <@zhangliangming@ [com.happy.db.DBUtils:52 isTableExist] - categoryTbl 表已经存在!不用创建!>
2016-12-15 12:09:44 <@zhangliangming@ [com.happy.db.DBUtils:52 isTableExist] - songTbl 表已经存在!不用创建!>
2016-12-15 12:09:44 <@zhangliangming@ [com.happy.util.DataUtil:27 init] - 初始数据加载完成.....>
2016-12-15 12:09:44 <@zhangliangming@ [com.happy.service.MediaPlayerService:70 init] - 播放器服务启动>
2016-12-15 12:09:46 <@zhangliangming@ [com.happy.enterProgram.EnterProgram:61 init] - 启动界面完成>
2016-12-15 12:09:56 <@zhangliangming@ [com.happy.ui.MainFrame:188 exitPlayer] - 准备退出播放器>
2016-12-15 12:09:56 <@zhangliangming@ [com.happy.util.DataUtil:72 saveData] - 保存数据>
2016-12-15 12:09:57 <@zhangliangming@ [com.happy.ui.MainFrame:190 exitPlayer] - 退出成功>
2016-12-15 12:13:21 <@zhangliangming@ [com.happy.util.DataUtil:24 init] - 开始加载初始数据.....>
2016-12-15 12:13:22 <@zhangliangming@ [com.happy.db.DBUtils:52 isTableExist] - baseDataTbl 表已经存在!不用创建!>
2016-12-15 12:13:22 <@zhangliangming@ [com.happy.db.DBUtils:52 isTableExist] - tabVersionTbl 表已经存在!不用创建!>
2016-12-15 12:13:23 <@zhangliangming@ [com.happy.db.DBUtils:52 isTableExist] - categoryTbl 表已经存在!不用创建!>
2016-12-15 12:13:23 <@zhangliangming@ [com.happy.db.DBUtils:52 isTableExist] - songTbl 表已经存在!不用创建!>
2016-12-15 12:13:24 <@zhangliangming@ [com.happy.util.DataUtil:27 init] - 初始数据加载完成.....>
2016-12-15 12:13:24 <@zhangliangming@ [com.happy.service.MediaPlayerService:70 init] - 播放器服务启动>
2016-12-15 12:13:26 <@zhangliangming@ [com.happy.enterProgram.EnterProgram:61 init] - 启动界面完成>
2016-12-15 12:15:05 <@zhangliangming@ [com.happy.ui.MainFrame:188 exitPlayer] - 准备退出播放器>
2016-12-15 12:15:05 <@zhangliangming@ [com.happy.util.DataUtil:72 saveData] - 保存数据>
2016-12-15 12:15:06 <@zhangliangming@ [com.happy.ui.MainFrame:190 exitPlayer] - 退出成功>
2016-12-15 12:15:07 <@zhangliangming@ [com.happy.util.DataUtil:24 init] - 开始加载初始数据.....>
2016-12-15 12:15:07 <@zhangliangming@ [com.happy.db.DBUtils:52 isTableExist] - baseDataTbl 表已经存在!不用创建!>
2016-12-15 12:15:07 <@zhangliangming@ [com.happy.db.DBUtils:52 isTableExist] - tabVersionTbl 表已经存在!不用创建!>
2016-12-15 12:15:08 <@zhangliangming@ [com.happy.db.DBUtils:52 isTableExist] - categoryTbl 表已经存在!不用创建!>
2016-12-15 12:15:09 <@zhangliangming@ [com.happy.db.DBUtils:52 isTableExist] - songTbl 表已经存在!不用创建!>
2016-12-15 12:15:10 <@zhangliangming@ [com.happy.util.DataUtil:27 init] - 初始数据加载完成.....>
2016-12-15 12:15:10 <@zhangliangming@ [com.happy.service.MediaPlayerService:70 init] - 播放器服务启动>
2016-12-15 12:15:11 <@zhangliangming@ [com.happy.enterProgram.EnterProgram:61 init] - 启动界面完成>
2016-12-15 12:15:22 <@zhangliangming@ [com.happy.ui.MainFrame:188 exitPlayer] - 准备退出播放器>
2016-12-15 12:15:22 <@zhangliangming@ [com.happy.util.DataUtil:72 saveData] - 保存数据>
2016-12-15 12:15:23 <@zhangliangming@ [com.happy.ui.MainFrame:190 exitPlayer] - 退出成功>
2016-12-15 12:17:05 <@zhangliangming@ [com.happy.util.DataUtil:24 init] - 开始加载初始数据.....>
2016-12-15 12:17:06 <@zhangliangming@ [com.happy.db.DBUtils:52 isTableExist] - baseDataTbl 表已经存在!不用创建!>
2016-12-15 12:17:06 <@zhangliangming@ [com.happy.db.DBUtils:52 isTableExist] - tabVersionTbl 表已经存在!不用创建!>
2016-12-15 12:17:07 <@zhangliangming@ [com.happy.db.DBUtils:52 isTableExist] - categoryTbl 表已经存在!不用创建!>
2016-12-15 12:17:08 <@zhangliangming@ [com.happy.db.DBUtils:52 isTableExist] - songTbl 表已经存在!不用创建!>
2016-12-15 12:17:08 <@zhangliangming@ [com.happy.util.DataUtil:27 init] - 初始数据加载完成.....>
2016-12-15 12:17:08 <@zhangliangming@ [com.happy.service.MediaPlayerService:70 init] - 播放器服务启动>
2016-12-15 12:17:10 <@zhangliangming@ [com.happy.enterProgram.EnterProgram:61 init] - 启动界面完成>
2016-12-15 12:17:19 <@zhangliangming@ [com.happy.ui.MainFrame:188 exitPlayer] - 准备退出播放器>
2016-12-15 12:17:19 <@zhangliangming@ [com.happy.util.DataUtil:72 saveData] - 保存数据>
2016-12-15 12:17:20 <@zhangliangming@ [com.happy.ui.MainFrame:190 exitPlayer] - 退出成功>
2016-12-15 12:17:22 <@zhangliangming@ [com.happy.util.DataUtil:24 init] - 开始加载初始数据.....>
2016-12-15 12:17:23 <@zhangliangming@ [com.happy.db.DBUtils:52 isTableExist] - baseDataTbl 表已经存在!不用创建!>
2016-12-15 12:17:23 <@zhangliangming@ [com.happy.db.DBUtils:52 isTableExist] - tabVersionTbl 表已经存在!不用创建!>
2016-12-15 12:17:24 <@zhangliangming@ [com.happy.db.DBUtils:52 isTableExist] - categoryTbl 表已经存在!不用创建!>
2016-12-15 12:17:25 <@zhangliangming@ [com.happy.db.DBUtils:52 isTableExist] - songTbl 表已经存在!不用创建!>
2016-12-15 12:17:25 <@zhangliangming@ [com.happy.util.DataUtil:27 init] - 初始数据加载完成.....>
2016-12-15 12:17:25 <@zhangliangming@ [com.happy.service.MediaPlayerService:70 init] - 播放器服务启动>
2016-12-15 12:17:27 <@zhangliangming@ [com.happy.enterProgram.EnterProgram:61 init] - 启动界面完成>
2016-12-15 12:17:31 <@zhangliangming@ [com.happy.ui.MainFrame:188 exitPlayer] - 准备退出播放器>
2016-12-15 12:17:31 <@zhangliangming@ [com.happy.util.DataUtil:72 saveData] - 保存数据>
2016-12-15 12:17:31 <@zhangliangming@ [com.happy.ui.MainFrame:190 exitPlayer] - 退出成功>
2016-12-15 12:17:33 <@zhangliangming@ [com.happy.util.DataUtil:24 init] - 开始加载初始数据.....>
2016-12-15 12:17:34 <@zhangliangming@ [com.happy.db.DBUtils:52 isTableExist] - baseDataTbl 表已经存在!不用创建!>
2016-12-15 12:17:34 <@zhangliangming@ [com.happy.db.DBUtils:52 isTableExist] - tabVersionTbl 表已经存在!不用创建!>
2016-12-15 12:17:35 <@zhangliangming@ [com.happy.db.DBUtils:52 isTableExist] - categoryTbl 表已经存在!不用创建!>
2016-12-15 12:17:36 <@zhangliangming@ [com.happy.db.DBUtils:52 isTableExist] - songTbl 表已经存在!不用创建!>
2016-12-15 12:17:36 <@zhangliangming@ [com.happy.util.DataUtil:27 init] - 初始数据加载完成.....>
2016-12-15 12:17:36 <@zhangliangming@ [com.happy.service.MediaPlayerService:70 init] - 播放器服务启动>
2016-12-15 12:17:38 <@zhangliangming@ [com.happy.enterProgram.EnterProgram:61 init] - 启动界面完成>
2016-12-15 12:17:39 <@zhangliangming@ [com.happy.ui.MainFrame:188 exitPlayer] - 准备退出播放器>
2016-12-15 12:17:39 <@zhangliangming@ [com.happy.util.DataUtil:72 saveData] - 保存数据>
2016-12-15 12:17:40 <@zhangliangming@ [com.happy.ui.MainFrame:190 exitPlayer] - 退出成功>
2016-12-15 12:21:23 <@zhangliangming@ [com.happy.util.DataUtil:24 init] - 开始加载初始数据.....>
2016-12-15 12:21:24 <@zhangliangming@ [com.happy.db.DBUtils:52 isTableExist] - baseDataTbl 表已经存在!不用创建!>
2016-12-15 12:21:24 <@zhangliangming@ [com.happy.db.DBUtils:52 isTableExist] - tabVersionTbl 表已经存在!不用创建!>
2016-12-15 12:21:25 <@zhangliangming@ [com.happy.db.DBUtils:52 isTableExist] - categoryTbl 表已经存在!不用创建!>
2016-12-15 12:21:26 <@zhangliangming@ [com.happy.db.DBUtils:52 isTableExist] - songTbl 表已经存在!不用创建!>
2016-12-15 12:21:26 <@zhangliangming@ [com.happy.util.DataUtil:27 init] - 初始数据加载完成.....>
2016-12-15 12:21:26 <@zhangliangming@ [com.happy.service.MediaPlayerService:70 init] - 播放器服务启动>
2016-12-15 12:21:28 <@zhangliangming@ [com.happy.enterProgram.EnterProgram:61 init] - 启动界面完成>
2016-12-15 12:21:38 <@zhangliangming@ [com.happy.ui.MainFrame:188 exitPlayer] - 准备退出播放器>
2016-12-15 12:21:38 <@zhangliangming@ [com.happy.util.DataUtil:72 saveData] - 保存数据>
2016-12-15 12:21:39 <@zhangliangming@ [com.happy.ui.MainFrame:190 exitPlayer] - 退出成功>
2016-12-15 12:21:56 <@zhangliangming@ [com.happy.util.DataUtil:24 init] - 开始加载初始数据.....>
2016-12-15 12:21:57 <@zhangliangming@ [com.happy.db.DBUtils:52 isTableExist] - baseDataTbl 表已经存在!不用创建!>
2016-12-15 12:21:57 <@zhangliangming@ [com.happy.db.DBUtils:52 isTableExist] - tabVersionTbl 表已经存在!不用创建!>
2016-12-15 12:21:58 <@zhangliangming@ [com.happy.db.DBUtils:52 isTableExist] - categoryTbl 表已经存在!不用创建!>
2016-12-15 12:21:59 <@zhangliangming@ [com.happy.db.DBUtils:52 isTableExist] - songTbl 表已经存在!不用创建!>
2016-12-15 12:21:59 <@zhangliangming@ [com.happy.util.DataUtil:27 init] - 初始数据加载完成.....>
2016-12-15 12:21:59 <@zhangliangming@ [com.happy.service.MediaPlayerService:70 init] - 播放器服务启动>
2016-12-15 12:22:01 <@zhangliangming@ [com.happy.enterProgram.EnterProgram:61 init] - 启动界面完成>
2016-12-15 12:22:02 <@zhangliangming@ [com.happy.ui.MainFrame:188 exitPlayer] - 准备退出播放器>
2016-12-15 12:22:02 <@zhangliangming@ [com.happy.util.DataUtil:72 saveData] - 保存数据>
2016-12-15 12:22:03 <@zhangliangming@ [com.happy.ui.MainFrame:190 exitPlayer] - 退出成功>
2016-12-15 12:22:15 <@zhangliangming@ [com.happy.util.DataUtil:24 init] - 开始加载初始数据.....>
2016-12-15 12:22:16 <@zhangliangming@ [com.happy.db.DBUtils:52 isTableExist] - baseDataTbl 表已经存在!不用创建!>
2016-12-15 12:22:16 <@zhangliangming@ [com.happy.db.DBUtils:52 isTableExist] - tabVersionTbl 表已经存在!不用创建!>
2016-12-15 12:22:17 <@zhangliangming@ [com.happy.db.DBUtils:52 isTableExist] - categoryTbl 表已经存在!不用创建!>
2016-12-15 12:22:17 <@zhangliangming@ [com.happy.db.DBUtils:52 isTableExist] - songTbl 表已经存在!不用创建!>
2016-12-15 12:22:18 <@zhangliangming@ [com.happy.util.DataUtil:27 init] - 初始数据加载完成.....>
2016-12-15 12:22:18 <@zhangliangming@ [com.happy.service.MediaPlayerService:70 init] - 播放器服务启动>
2016-12-15 12:22:20 <@zhangliangming@ [com.happy.enterProgram.EnterProgram:61 init] - 启动界面完成>
2016-12-15 12:22:33 <@zhangliangming@ [com.happy.ui.MainFrame:188 exitPlayer] - 准备退出播放器>
2016-12-15 12:22:33 <@zhangliangming@ [com.happy.util.DataUtil:72 saveData] - 保存数据>
2016-12-15 12:22:34 <@zhangliangming@ [com.happy.ui.MainFrame:190 exitPlayer] - 退出成功>
2016-12-15 12:30:32 <@zhangliangming@ [com.happy.util.DataUtil:24 init] - 开始加载初始数据.....>
2016-12-15 12:30:33 <@zhangliangming@ [com.happy.db.DBUtils:52 isTableExist] - baseDataTbl 表已经存在!不用创建!>
2016-12-15 12:30:33 <@zhangliangming@ [com.happy.db.DBUtils:52 isTableExist] - tabVersionTbl 表已经存在!不用创建!>
2016-12-15 12:30:34 <@zhangliangming@ [com.happy.db.DBUtils:52 isTableExist] - categoryTbl 表已经存在!不用创建!>
2016-12-15 12:30:34 <@zhangliangming@ [com.happy.db.DBUtils:52 isTableExist] - songTbl 表已经存在!不用创建!>
2016-12-15 12:30:35 <@zhangliangming@ [com.happy.util.DataUtil:27 init] - 初始数据加载完成.....>
2016-12-15 12:30:35 <@zhangliangming@ [com.happy.service.MediaPlayerService:70 init] - 播放器服务启动>
2016-12-15 12:30:36 <@zhangliangming@ [com.happy.enterProgram.EnterProgram:61 init] - 启动界面完成>
2016-12-15 12:30:47 <@zhangliangming@ [com.happy.ui.MainFrame:188 exitPlayer] - 准备退出播放器>
2016-12-15 12:30:47 <@zhangliangming@ [com.happy.util.DataUtil:72 saveData] - 保存数据>
2016-12-15 12:30:47 <@zhangliangming@ [com.happy.ui.MainFrame:190 exitPlayer] - 退出成功>
2016-12-15 12:49:44 <@zhangliangming@ [com.happy.util.DataUtil:24 init] - 开始加载初始数据.....>
2016-12-15 12:49:45 <@zhangliangming@ [com.happy.db.DBUtils:52 isTableExist] - baseDataTbl 表已经存在!不用创建!>
2016-12-15 12:49:45 <@zhangliangming@ [com.happy.db.DBUtils:52 isTableExist] - tabVersionTbl 表已经存在!不用创建!>
2016-12-15 12:49:46 <@zhangliangming@ [com.happy.db.DBUtils:52 isTableExist] - categoryTbl 表已经存在!不用创建!>
2016-12-15 12:49:47 <@zhangliangming@ [com.happy.db.DBUtils:52 isTableExist] - songTbl 表已经存在!不用创建!>
2016-12-15 12:49:47 <@zhangliangming@ [com.happy.util.DataUtil:27 init] - 初始数据加载完成.....>
2016-12-15 12:49:47 <@zhangliangming@ [com.happy.service.MediaPlayerService:70 init] - 播放器服务启动>
2016-12-15 12:49:48 <@zhangliangming@ [com.happy.enterProgram.EnterProgram:61 init] - 启动界面完成>
2016-12-15 12:49:54 <@zhangliangming@ [com.happy.ui.MainFrame:188 exitPlayer] - 准备退出播放器>
2016-12-15 12:49:54 <@zhangliangming@ [com.happy.util.DataUtil:72 saveData] - 保存数据>
2016-12-15 12:49:55 <@zhangliangming@ [com.happy.ui.MainFrame:190 exitPlayer] - 退出成功>
2016-12-15 12:54:35 <@zhangliangming@ [com.happy.util.DataUtil:24 init] - 开始加载初始数据.....>
2016-12-15 12:54:36 <@zhangliangming@ [com.happy.db.DBUtils:52 isTableExist] - baseDataTbl 表已经存在!不用创建!>
2016-12-15 12:54:36 <@zhangliangming@ [com.happy.db.DBUtils:52 isTableExist] - tabVersionTbl 表已经存在!不用创建!>
2016-12-15 12:54:37 <@zhangliangming@ [com.happy.db.DBUtils:52 isTableExist] - categoryTbl 表已经存在!不用创建!>
2016-12-15 12:54:37 <@zhangliangming@ [com.happy.db.DBUtils:52 isTableExist] - songTbl 表已经存在!不用创建!>
2016-12-15 12:54:38 <@zhangliangming@ [com.happy.util.DataUtil:27 init] - 初始数据加载完成.....>
2016-12-15 12:54:38 <@zhangliangming@ [com.happy.service.MediaPlayerService:70 init] - 播放器服务启动>
2016-12-15 12:54:39 <@zhangliangming@ [com.happy.enterProgram.EnterProgram:61 init] - 启动界面完成>
2016-12-15 12:54:44 <@zhangliangming@ [com.happy.ui.MainFrame:188 exitPlayer] - 准备退出播放器>
2016-12-15 12:54:44 <@zhangliangming@ [com.happy.util.DataUtil:72 saveData] - 保存数据>
2016-12-15 12:54:45 <@zhangliangming@ [com.happy.ui.MainFrame:190 exitPlayer] - 退出成功>
2016-12-15 12:54:56 <@zhangliangming@ [com.happy.util.DataUtil:24 init] - 开始加载初始数据.....>
2016-12-15 12:54:57 <@zhangliangming@ [com.happy.db.DBUtils:52 isTableExist] - baseDataTbl 表已经存在!不用创建!>
2016-12-15 12:54:57 <@zhangliangming@ [com.happy.db.DBUtils:52 isTableExist] - tabVersionTbl 表已经存在!不用创建!>
2016-12-15 12:54:58 <@zhangliangming@ [com.happy.db.DBUtils:52 isTableExist] - categoryTbl 表已经存在!不用创建!>
2016-12-15 12:54:58 <@zhangliangming@ [com.happy.db.DBUtils:52 isTableExist] - songTbl 表已经存在!不用创建!>
2016-12-15 12:54:59 <@zhangliangming@ [com.happy.util.DataUtil:27 init] - 初始数据加载完成.....>
2016-12-15 12:54:59 <@zhangliangming@ [com.happy.service.MediaPlayerService:70 init] - 播放器服务启动>
2016-12-15 12:55:43 <@zhangliangming@ [com.happy.util.DataUtil:24 init] - 开始加载初始数据.....>
2016-12-15 12:55:44 <@zhangliangming@ [com.happy.db.DBUtils:52 isTableExist] - baseDataTbl 表已经存在!不用创建!>
2016-12-15 12:55:44 <@zhangliangming@ [com.happy.db.DBUtils:52 isTableExist] - tabVersionTbl 表已经存在!不用创建!>
2016-12-15 12:55:45 <@zhangliangming@ [com.happy.db.DBUtils:52 isTableExist] - categoryTbl 表已经存在!不用创建!>
2016-12-15 12:55:46 <@zhangliangming@ [com.happy.db.DBUtils:52 isTableExist] - songTbl 表已经存在!不用创建!>
2016-12-15 12:55:47 <@zhangliangming@ [com.happy.util.DataUtil:27 init] - 初始数据加载完成.....>
2016-12-15 12:55:47 <@zhangliangming@ [com.happy.service.MediaPlayerService:70 init] - 播放器服务启动>
2016-12-15 12:56:44 <@zhangliangming@ [com.happy.util.DataUtil:24 init] - 开始加载初始数据.....>
2016-12-15 12:56:45 <@zhangliangming@ [com.happy.db.DBUtils:52 isTableExist] - baseDataTbl 表已经存在!不用创建!>
2016-12-15 12:56:45 <@zhangliangming@ [com.happy.db.DBUtils:52 isTableExist] - tabVersionTbl 表已经存在!不用创建!>
2016-12-15 12:56:45 <@zhangliangming@ [com.happy.db.DBUtils:52 isTableExist] - categoryTbl 表已经存在!不用创建!>
2016-12-15 12:56:46 <@zhangliangming@ [com.happy.db.DBUtils:52 isTableExist] - songTbl 表已经存在!不用创建!>
2016-12-15 12:56:47 <@zhangliangming@ [com.happy.util.DataUtil:27 init] - 初始数据加载完成.....>
2016-12-15 12:56:47 <@zhangliangming@ [com.happy.service.MediaPlayerService:70 init] - 播放器服务启动>
2016-12-15 12:56:48 <@zhangliangming@ [com.happy.enterProgram.EnterProgram:61 init] - 启动界面完成>
2016-12-15 12:56:54 <@zhangliangming@ [com.happy.ui.MainFrame:188 exitPlayer] - 准备退出播放器>
2016-12-15 12:56:54 <@zhangliangming@ [com.happy.util.DataUtil:72 saveData] - 保存数据>
2016-12-15 12:56:55 <@zhangliangming@ [com.happy.ui.MainFrame:190 exitPlayer] - 退出成功>
2016-12-15 12:56:57 <@zhangliangming@ [com.happy.util.DataUtil:24 init] - 开始加载初始数据.....>
2016-12-15 12:56:58 <@zhangliangming@ [com.happy.db.DBUtils:52 isTableExist] - baseDataTbl 表已经存在!不用创建!>
2016-12-15 12:56:58 <@zhangliangming@ [com.happy.db.DBUtils:52 isTableExist] - tabVersionTbl 表已经存在!不用创建!>
2016-12-15 12:56:59 <@zhangliangming@ [com.happy.db.DBUtils:52 isTableExist] - categoryTbl 表已经存在!不用创建!>
2016-12-15 12:57:00 <@zhangliangming@ [com.happy.db.DBUtils:52 isTableExist] - songTbl 表已经存在!不用创建!>
2016-12-15 12:57:01 <@zhangliangming@ [com.happy.util.DataUtil:27 init] - 初始数据加载完成.....>
2016-12-15 12:57:01 <@zhangliangming@ [com.happy.service.MediaPlayerService:70 init] - 播放器服务启动>
2016-12-15 12:58:43 <@zhangliangming@ [com.happy.util.DataUtil:24 init] - 开始加载初始数据.....>
2016-12-15 12:58:44 <@zhangliangming@ [com.happy.db.DBUtils:52 isTableExist] - baseDataTbl 表已经存在!不用创建!>
2016-12-15 12:58:44 <@zhangliangming@ [com.happy.db.DBUtils:52 isTableExist] - tabVersionTbl 表已经存在!不用创建!>
2016-12-15 12:58:45 <@zhangliangming@ [com.happy.db.DBUtils:52 isTableExist] - categoryTbl 表已经存在!不用创建!>
2016-12-15 12:58:45 <@zhangliangming@ [com.happy.db.DBUtils:52 isTableExist] - songTbl 表已经存在!不用创建!>
2016-12-15 12:58:46 <@zhangliangming@ [com.happy.util.DataUtil:27 init] - 初始数据加载完成.....>
2016-12-15 12:58:46 <@zhangliangming@ [com.happy.service.MediaPlayerService:70 init] - 播放器服务启动>
2016-12-15 12:59:24 <@zhangliangming@ [com.happy.enterProgram.EnterProgram:61 init] - 启动界面完成>
2016-12-15 12:59:29 <@zhangliangming@ [com.happy.ui.MainFrame:188 exitPlayer] - 准备退出播放器>
2016-12-15 12:59:29 <@zhangliangming@ [com.happy.util.DataUtil:72 saveData] - 保存数据>
2016-12-15 12:59:30 <@zhangliangming@ [com.happy.ui.MainFrame:190 exitPlayer] - 退出成功>
2016-12-15 12:59:41 <@zhangliangming@ [com.happy.util.DataUtil:24 init] - 开始加载初始数据.....>
2016-12-15 12:59:42 <@zhangliangming@ [com.happy.db.DBUtils:52 isTableExist] - baseDataTbl 表已经存在!不用创建!>
2016-12-15 12:59:42 <@zhangliangming@ [com.happy.db.DBUtils:52 isTableExist] - tabVersionTbl 表已经存在!不用创建!>
2016-12-15 12:59:43 <@zhangliangming@ [com.happy.db.DBUtils:52 isTableExist] - categoryTbl 表已经存在!不用创建!>
2016-12-15 12:59:44 <@zhangliangming@ [com.happy.db.DBUtils:52 isTableExist] - songTbl 表已经存在!不用创建!>
2016-12-15 12:59:44 <@zhangliangming@ [com.happy.util.DataUtil:27 init] - 初始数据加载完成.....>
2016-12-15 12:59:44 <@zhangliangming@ [com.happy.service.MediaPlayerService:70 init] - 播放器服务启动>
2016-12-15 12:59:46 <@zhangliangming@ [com.happy.enterProgram.EnterProgram:61 init] - 启动界面完成>
2016-12-15 12:59:54 <@zhangliangming@ [com.happy.ui.MainFrame:188 exitPlayer] - 准备退出播放器>
2016-12-15 12:59:54 <@zhangliangming@ [com.happy.util.DataUtil:72 saveData] - 保存数据>
2016-12-15 12:59:55 <@zhangliangming@ [com.happy.ui.MainFrame:190 exitPlayer] - 退出成功>
2016-12-15 13:00:26 <@zhangliangming@ [com.happy.util.DataUtil:24 init] - 开始加载初始数据.....>
2016-12-15 13:00:27 <@zhangliangming@ [com.happy.db.DBUtils:52 isTableExist] - baseDataTbl 表已经存在!不用创建!>
2016-12-15 13:00:27 <@zhangliangming@ [com.happy.db.DBUtils:52 isTableExist] - tabVersionTbl 表已经存在!不用创建!>
2016-12-15 13:00:28 <@zhangliangming@ [com.happy.db.DBUtils:52 isTableExist] - categoryTbl 表已经存在!不用创建!>
2016-12-15 13:00:28 <@zhangliangming@ [com.happy.db.DBUtils:52 isTableExist] - songTbl 表已经存在!不用创建!>
2016-12-15 13:00:29 <@zhangliangming@ [com.happy.util.DataUtil:27 init] - 初始数据加载完成.....>
2016-12-15 13:00:29 <@zhangliangming@ [com.happy.service.MediaPlayerService:70 init] - 播放器服务启动>
2016-12-15 13:00:31 <@zhangliangming@ [com.happy.enterProgram.EnterProgram:61 init] - 启动界面完成>
2016-12-15 13:00:33 <@zhangliangming@ [com.happy.ui.MainFrame:188 exitPlayer] - 准备退出播放器>
2016-12-15 13:00:33 <@zhangliangming@ [com.happy.util.DataUtil:72 saveData] - 保存数据>
2016-12-15 13:00:33 <@zhangliangming@ [com.happy.ui.MainFrame:190 exitPlayer] - 退出成功>
2016-12-15 13:00:35 <@zhangliangming@ [com.happy.util.DataUtil:24 init] - 开始加载初始数据.....>
2016-12-15 13:00:36 <@zhangliangming@ [com.happy.db.DBUtils:52 isTableExist] - baseDataTbl 表已经存在!不用创建!>
2016-12-15 13:00:36 <@zhangliangming@ [com.happy.db.DBUtils:52 isTableExist] - tabVersionTbl 表已经存在!不用创建!>
2016-12-15 13:00:37 <@zhangliangming@ [com.happy.db.DBUtils:52 isTableExist] - categoryTbl 表已经存在!不用创建!>
2016-12-15 13:00:38 <@zhangliangming@ [com.happy.db.DBUtils:52 isTableExist] - songTbl 表已经存在!不用创建!>
2016-12-15 13:00:38 <@zhangliangming@ [com.happy.util.DataUtil:27 init] - 初始数据加载完成.....>
2016-12-15 13:00:38 <@zhangliangming@ [com.happy.service.MediaPlayerService:70 init] - 播放器服务启动>
2016-12-15 13:01:22 <@zhangliangming@ [com.happy.enterProgram.EnterProgram:61 init] - 启动界面完成>
2016-12-15 13:01:28 <@zhangliangming@ [com.happy.ui.MainFrame:188 exitPlayer] - 准备退出播放器>
2016-12-15 13:01:28 <@zhangliangming@ [com.happy.util.DataUtil:72 saveData] - 保存数据>
2016-12-15 13:01:29 <@zhangliangming@ [com.happy.ui.MainFrame:190 exitPlayer] - 退出成功>
2016-12-15 13:01:41 <@zhangliangming@ [com.happy.util.DataUtil:24 init] - 开始加载初始数据.....>
2016-12-15 13:01:42 <@zhangliangming@ [com.happy.db.DBUtils:52 isTableExist] - baseDataTbl 表已经存在!不用创建!>
2016-12-15 13:01:42 <@zhangliangming@ [com.happy.db.DBUtils:52 isTableExist] - tabVersionTbl 表已经存在!不用创建!>
2016-12-15 13:01:43 <@zhangliangming@ [com.happy.db.DBUtils:52 isTableExist] - categoryTbl 表已经存在!不用创建!>
2016-12-15 13:01:44 <@zhangliangming@ [com.happy.db.DBUtils:52 isTableExist] - songTbl 表已经存在!不用创建!>
2016-12-15 13:01:44 <@zhangliangming@ [com.happy.util.DataUtil:27 init] - 初始数据加载完成.....>
2016-12-15 13:01:44 <@zhangliangming@ [com.happy.service.MediaPlayerService:70 init] - 播放器服务启动>
2016-12-15 13:01:50 <@zhangliangming@ [com.happy.enterProgram.EnterProgram:61 init] - 启动界面完成>
2016-12-15 13:01:55 <@zhangliangming@ [com.happy.ui.MainFrame:188 exitPlayer] - 准备退出播放器>
2016-12-15 13:01:55 <@zhangliangming@ [com.happy.util.DataUtil:72 saveData] - 保存数据>
2016-12-15 13:01:56 <@zhangliangming@ [com.happy.ui.MainFrame:190 exitPlayer] - 退出成功>
2016-12-15 13:03:07 <@zhangliangming@ [com.happy.util.DataUtil:24 init] - 开始加载初始数据.....>
2016-12-15 13:03:08 <@zhangliangming@ [com.happy.db.DBUtils:52 isTableExist] - baseDataTbl 表已经存在!不用创建!>
2016-12-15 13:03:08 <@zhangliangming@ [com.happy.db.DBUtils:52 isTableExist] - tabVersionTbl 表已经存在!不用创建!>
2016-12-15 13:03:09 <@zhangliangming@ [com.happy.db.DBUtils:52 isTableExist] - categoryTbl 表已经存在!不用创建!>
2016-12-15 13:03:09 <@zhangliangming@ [com.happy.db.DBUtils:52 isTableExist] - songTbl 表已经存在!不用创建!>
2016-12-15 13:03:10 <@zhangliangming@ [com.happy.util.DataUtil:27 init] - 初始数据加载完成.....>
2016-12-15 13:03:10 <@zhangliangming@ [com.happy.service.MediaPlayerService:70 init] - 播放器服务启动>
2016-12-15 13:03:12 <@zhangliangming@ [com.happy.enterProgram.EnterProgram:61 init] - 启动界面完成>
2016-12-15 13:03:19 <@zhangliangming@ [com.happy.ui.MainFrame:188 exitPlayer] - 准备退出播放器>
2016-12-15 13:03:19 <@zhangliangming@ [com.happy.util.DataUtil:72 saveData] - 保存数据>
2016-12-15 13:03:19 <@zhangliangming@ [com.happy.ui.MainFrame:190 exitPlayer] - 退出成功>
2016-12-15 13:03:21 <@zhangliangming@ [com.happy.util.DataUtil:24 init] - 开始加载初始数据.....>
2016-12-15 13:03:22 <@zhangliangming@ [com.happy.db.DBUtils:52 isTableExist] - baseDataTbl 表已经存在!不用创建!>
2016-12-15 13:03:22 <@zhangliangming@ [com.happy.db.DBUtils:52 isTableExist] - tabVersionTbl 表已经存在!不用创建!>
2016-12-15 13:03:23 <@zhangliangming@ [com.happy.db.DBUtils:52 isTableExist] - categoryTbl 表已经存在!不用创建!>
2016-12-15 13:03:24 <@zhangliangming@ [com.happy.db.DBUtils:52 isTableExist] - songTbl 表已经存在!不用创建!>
2016-12-15 13:03:24 <@zhangliangming@ [com.happy.util.DataUtil:27 init] - 初始数据加载完成.....>
2016-12-15 13:03:24 <@zhangliangming@ [com.happy.service.MediaPlayerService:70 init] - 播放器服务启动>
2016-12-15 13:03:26 <@zhangliangming@ [com.happy.enterProgram.EnterProgram:61 init] - 启动界面完成>
2016-12-15 13:03:30 <@zhangliangming@ [com.happy.ui.MainFrame:188 exitPlayer] - 准备退出播放器>
2016-12-15 13:03:30 <@zhangliangming@ [com.happy.util.DataUtil:72 saveData] - 保存数据>
2016-12-15 13:03:30 <@zhangliangming@ [com.happy.ui.MainFrame:190 exitPlayer] - 退出成功>
2016-12-15 13:03:43 <@zhangliangming@ [com.happy.util.DataUtil:24 init] - 开始加载初始数据.....>
2016-12-15 13:03:44 <@zhangliangming@ [com.happy.db.DBUtils:52 isTableExist] - baseDataTbl 表已经存在!不用创建!>
2016-12-15 13:03:44 <@zhangliangming@ [com.happy.db.DBUtils:52 isTableExist] - tabVersionTbl 表已经存在!不用创建!>
2016-12-15 13:03:45 <@zhangliangming@ [com.happy.db.DBUtils:52 isTableExist] - categoryTbl 表已经存在!不用创建!>
2016-12-15 13:03:46 <@zhangliangming@ [com.happy.db.DBUtils:52 isTableExist] - songTbl 表已经存在!不用创建!>
2016-12-15 13:03:46 <@zhangliangming@ [com.happy.util.DataUtil:27 init] - 初始数据加载完成.....>
2016-12-15 13:03:46 <@zhangliangming@ [com.happy.service.MediaPlayerService:70 init] - 播放器服务启动>
2016-12-15 13:11:45 <@zhangliangming@ [com.happy.util.DataUtil:24 init] - 开始加载初始数据.....>
2016-12-15 13:11:46 <@zhangliangming@ [com.happy.db.DBUtils:52 isTableExist] - baseDataTbl 表已经存在!不用创建!>
2016-12-15 13:11:46 <@zhangliangming@ [com.happy.db.DBUtils:52 isTableExist] - tabVersionTbl 表已经存在!不用创建!>
2016-12-15 13:11:47 <@zhangliangming@ [com.happy.db.DBUtils:52 isTableExist] - categoryTbl 表已经存在!不用创建!>
2016-12-15 13:11:48 <@zhangliangming@ [com.happy.db.DBUtils:52 isTableExist] - songTbl 表已经存在!不用创建!>
2016-12-15 13:11:48 <@zhangliangming@ [com.happy.util.DataUtil:27 init] - 初始数据加载完成.....>
2016-12-15 13:11:48 <@zhangliangming@ [com.happy.service.MediaPlayerService:70 init] - 播放器服务启动>
2016-12-15 13:11:50 <@zhangliangming@ [com.happy.enterProgram.EnterProgram:61 init] - 启动界面完成>
2016-12-15 13:11:55 <@zhangliangming@ [com.happy.ui.MainFrame:188 exitPlayer] - 准备退出播放器>
2016-12-15 13:11:55 <@zhangliangming@ [com.happy.util.DataUtil:72 saveData] - 保存数据>
2016-12-15 13:11:56 <@zhangliangming@ [com.happy.ui.MainFrame:190 exitPlayer] - 退出成功>
2016-12-15 13:11:58 <@zhangliangming@ [com.happy.util.DataUtil:24 init] - 开始加载初始数据.....>
2016-12-15 13:11:59 <@zhangliangming@ [com.happy.db.DBUtils:52 isTableExist] - baseDataTbl 表已经存在!不用创建!>
2016-12-15 13:11:59 <@zhangliangming@ [com.happy.db.DBUtils:52 isTableExist] - tabVersionTbl 表已经存在!不用创建!>
2016-12-15 13:12:00 <@zhangliangming@ [com.happy.db.DBUtils:52 isTableExist] - categoryTbl 表已经存在!不用创建!>
2016-12-15 13:12:00 <@zhangliangming@ [com.happy.db.DBUtils:52 isTableExist] - songTbl 表已经存在!不用创建!>
2016-12-15 13:12:01 <@zhangliangming@ [com.happy.util.DataUtil:27 init] - 初始数据加载完成.....>
2016-12-15 13:12:01 <@zhangliangming@ [com.happy.service.MediaPlayerService:70 init] - 播放器服务启动>
2016-12-15 13:12:02 <@zhangliangming@ [com.happy.enterProgram.EnterProgram:61 init] - 启动界面完成>
2016-12-15 13:12:08 <@zhangliangming@ [com.happy.ui.MainFrame:188 exitPlayer] - 准备退出播放器>
2016-12-15 13:12:08 <@zhangliangming@ [com.happy.util.DataUtil:72 saveData] - 保存数据>
2016-12-15 13:12:09 <@zhangliangming@ [com.happy.ui.MainFrame:190 exitPlayer] - 退出成功>
2016-12-15 13:12:35 <@zhangliangming@ [com.happy.util.DataUtil:24 init] - 开始加载初始数据.....>
2016-12-15 13:12:36 <@zhangliangming@ [com.happy.db.DBUtils:52 isTableExist] - baseDataTbl 表已经存在!不用创建!>
2016-12-15 13:12:36 <@zhangliangming@ [com.happy.db.DBUtils:52 isTableExist] - tabVersionTbl 表已经存在!不用创建!>
2016-12-15 13:12:37 <@zhangliangming@ [com.happy.db.DBUtils:52 isTableExist] - categoryTbl 表已经存在!不用创建!>
2016-12-15 13:12:38 <@zhangliangming@ [com.happy.db.DBUtils:52 isTableExist] - songTbl 表已经存在!不用创建!>
2016-12-15 13:12:38 <@zhangliangming@ [com.happy.util.DataUtil:27 init] - 初始数据加载完成.....>
2016-12-15 13:12:38 <@zhangliangming@ [com.happy.service.MediaPlayerService:70 init] - 播放器服务启动>
2016-12-15 13:12:40 <@zhangliangming@ [com.happy.enterProgram.EnterProgram:61 init] - 启动界面完成>
2016-12-15 13:12:47 <@zhangliangming@ [com.happy.ui.MainFrame:188 exitPlayer] - 准备退出播放器>
2016-12-15 13:12:47 <@zhangliangming@ [com.happy.util.DataUtil:72 saveData] - 保存数据>
2016-12-15 13:12:47 <@zhangliangming@ [com.happy.ui.MainFrame:190 exitPlayer] - 退出成功>
2016-12-15 13:15:46 <@zhangliangming@ [com.happy.util.DataUtil:24 init] - 开始加载初始数据.....>
2016-12-15 13:15:47 <@zhangliangming@ [com.happy.db.DBUtils:52 isTableExist] - baseDataTbl 表已经存在!不用创建!>
2016-12-15 13:15:47 <@zhangliangming@ [com.happy.db.DBUtils:52 isTableExist] - tabVersionTbl 表已经存在!不用创建!>
2016-12-15 13:15:48 <@zhangliangming@ [com.happy.db.DBUtils:52 isTableExist] - categoryTbl 表已经存在!不用创建!>
2016-12-15 13:15:48 <@zhangliangming@ [com.happy.db.DBUtils:52 isTableExist] - songTbl 表已经存在!不用创建!>
2016-12-15 13:15:49 <@zhangliangming@ [com.happy.util.DataUtil:27 init] - 初始数据加载完成.....>
2016-12-15 13:15:49 <@zhangliangming@ [com.happy.service.MediaPlayerService:70 init] - 播放器服务启动>
2016-12-15 13:15:50 <@zhangliangming@ [com.happy.enterProgram.EnterProgram:61 init] - 启动界面完成>
2016-12-15 14:05:11 <@zhangliangming@ [com.happy.ui.MainFrame:188 exitPlayer] - 准备退出播放器>
2016-12-15 14:05:11 <@zhangliangming@ [com.happy.util.DataUtil:72 saveData] - 保存数据>
2016-12-15 14:05:12 <@zhangliangming@ [com.happy.ui.MainFrame:190 exitPlayer] - 退出成功>
2016-12-15 14:05:18 <@zhangliangming@ [com.happy.util.DataUtil:24 init] - 开始加载初始数据.....>
2016-12-15 14:05:19 <@zhangliangming@ [com.happy.db.DBUtils:52 isTableExist] - baseDataTbl 表已经存在!不用创建!>
2016-12-15 14:05:19 <@zhangliangming@ [com.happy.db.DBUtils:52 isTableExist] - tabVersionTbl 表已经存在!不用创建!>
2016-12-15 14:05:20 <@zhangliangming@ [com.happy.db.DBUtils:52 isTableExist] - categoryTbl 表已经存在!不用创建!>
2016-12-15 14:05:21 <@zhangliangming@ [com.happy.db.DBUtils:52 isTableExist] - songTbl 表已经存在!不用创建!>
2016-12-15 14:05:22 <@zhangliangming@ [com.happy.util.DataUtil:27 init] - 初始数据加载完成.....>
2016-12-15 14:05:22 <@zhangliangming@ [com.happy.service.MediaPlayerService:70 init] - 播放器服务启动>
2016-12-15 14:05:23 <@zhangliangming@ [com.happy.enterProgram.EnterProgram:61 init] - 启动界面完成>
