2016-12-14 00:03:01 <@zhangliangming@ [com.happy.util.DataUtil:24 init] - 开始加载初始数据.....>
2016-12-14 00:03:02 <@zhangliangming@ [com.happy.db.BaseDataDB:49 <init>] - java.sql.SQLException: Failed to start database 'c:\haplayer\db\', see the next exception for details.>
2016-12-14 00:03:02 <@zhangliangming@ [com.happy.db.BaseDataDB:97 init] - java.sql.SQLException: Failed to start database 'c:\haplayer\db\', see the next exception for details.>
2016-12-14 00:03:02 <@zhangliangming@ [com.happy.db.CategoryDB:45 <init>] - java.sql.SQLException: Failed to start database 'c:\haplayer\db\', see the next exception for details.>
2016-12-14 00:03:02 <@zhangliangming@ [com.happy.db.CategoryDB:130 getAllCategory] - java.sql.SQLException: Failed to start database 'c:\haplayer\db\', see the next exception for details.>
2016-12-14 00:03:03 <@zhangliangming@ [com.happy.db.SongInfoDB:46 <init>] - java.sql.SQLException: Failed to start database 'c:\haplayer\db\', see the next exception for details.>
2016-12-14 00:03:03 <@zhangliangming@ [com.happy.db.SongInfoDB:113 add] - java.sql.SQLException: Failed to start database 'c:\haplayer\db\', see the next exception for details.>
2016-12-14 00:03:03 <@zhangliangming@ [com.happy.db.CategoryDB:78 add] - java.sql.SQLException: Failed to start database 'c:\haplayer\db\', see the next exception for details.>
2016-12-14 00:03:03 <@zhangliangming@ [com.happy.util.DataUtil:27 init] - 初始数据加载完成.....>
2016-12-14 00:03:08 <@zhangliangming@ [com.happy.util.DataUtil:24 init] - 开始加载初始数据.....>
2016-12-14 00:03:11 <@zhangliangming@ [com.happy.db.DBUtils:52 isTableExist] - baseDataTbl 表已经存在!不用创建!>
2016-12-14 00:03:11 <@zhangliangming@ [com.happy.db.DBUtils:52 isTableExist] - categoryTbl 表已经存在!不用创建!>
2016-12-14 00:03:11 <@zhangliangming@ [com.happy.db.DBUtils:52 isTableExist] - songTbl 表已经存在!不用创建!>
2016-12-14 00:03:11 <@zhangliangming@ [com.happy.util.DataUtil:27 init] - 初始数据加载完成.....>
2016-12-14 00:03:14 <@zhangliangming@ [com.happy.enterProgram.EnterProgram:59 init] - 启动界面完成>
2016-12-14 00:03:29 <@zhangliangming@ [com.happy.ui.MainFrame:166 exitPlayer] - 准备退出播放器>
2016-12-14 00:03:29 <@zhangliangming@ [com.happy.util.DataUtil:72 saveData] - 保存数据>
2016-12-14 00:03:30 <@zhangliangming@ [com.happy.ui.MainFrame:169 exitPlayer] - 关闭数据库连接>
2016-12-14 00:03:30 <@zhangliangming@ [com.happy.ui.MainFrame:170 exitPlayer] - 退出成功>
2016-12-14 00:03:37 <@zhangliangming@ [com.happy.util.DataUtil:24 init] - 开始加载初始数据.....>
2016-12-14 00:03:40 <@zhangliangming@ [com.happy.db.DBUtils:52 isTableExist] - baseDataTbl 表已经存在!不用创建!>
2016-12-14 00:03:41 <@zhangliangming@ [com.happy.db.DBUtils:52 isTableExist] - categoryTbl 表已经存在!不用创建!>
2016-12-14 00:03:41 <@zhangliangming@ [com.happy.db.DBUtils:52 isTableExist] - songTbl 表已经存在!不用创建!>
2016-12-14 00:03:41 <@zhangliangming@ [com.happy.util.DataUtil:27 init] - 初始数据加载完成.....>
2016-12-14 00:03:43 <@zhangliangming@ [com.happy.enterProgram.EnterProgram:59 init] - 启动界面完成>
2016-12-14 00:05:32 <@zhangliangming@ [com.happy.ui.MainFrame:166 exitPlayer] - 准备退出播放器>
2016-12-14 00:05:32 <@zhangliangming@ [com.happy.util.DataUtil:72 saveData] - 保存数据>
2016-12-14 00:05:32 <@zhangliangming@ [com.happy.ui.MainFrame:169 exitPlayer] - 关闭数据库连接>
2016-12-14 00:05:32 <@zhangliangming@ [com.happy.ui.MainFrame:170 exitPlayer] - 退出成功>
2016-12-14 00:44:47 <@zhangliangming@ [com.happy.util.DataUtil:24 init] - 开始加载初始数据.....>
2016-12-14 00:45:10 <@zhangliangming@ [com.happy.util.DataUtil:27 init] - 初始数据加载完成.....>
2016-12-14 00:45:13 <@zhangliangming@ [com.happy.enterProgram.EnterProgram:59 init] - 启动界面完成>
2016-12-14 00:46:22 <@zhangliangming@ [com.happy.ui.MainFrame:163 exitPlayer] - 准备退出播放器>
2016-12-14 00:46:22 <@zhangliangming@ [com.happy.util.DataUtil:72 saveData] - 保存数据>
2016-12-14 00:46:22 <@zhangliangming@ [com.happy.db.BaseDataDB:142 addTab] - java.sql.SQLSyntaxErrorException: The number of values assigned is not the same as the number of specified or implied columns.>
2016-12-14 00:46:22 <@zhangliangming@ [com.happy.ui.MainFrame:165 exitPlayer] - 退出成功>
2016-12-14 00:47:42 <@zhangliangming@ [com.happy.util.DataUtil:24 init] - 开始加载初始数据.....>
2016-12-14 00:48:04 <@zhangliangming@ [com.happy.util.DataUtil:27 init] - 初始数据加载完成.....>
2016-12-14 00:48:07 <@zhangliangming@ [com.happy.enterProgram.EnterProgram:59 init] - 启动界面完成>
2016-12-14 00:49:21 <@zhangliangming@ [com.happy.ui.MainFrame:163 exitPlayer] - 准备退出播放器>
2016-12-14 00:49:21 <@zhangliangming@ [com.happy.util.DataUtil:72 saveData] - 保存数据>
2016-12-14 00:49:22 <@zhangliangming@ [com.happy.ui.MainFrame:165 exitPlayer] - 退出成功>
2016-12-14 00:49:29 <@zhangliangming@ [com.happy.util.DataUtil:24 init] - 开始加载初始数据.....>
2016-12-14 00:49:31 <@zhangliangming@ [com.happy.db.DBUtils:52 isTableExist] - baseDataTbl 表已经存在!不用创建!>
2016-12-14 00:49:33 <@zhangliangming@ [com.happy.db.DBUtils:52 isTableExist] - categoryTbl 表已经存在!不用创建!>
2016-12-14 00:49:35 <@zhangliangming@ [com.happy.db.DBUtils:52 isTableExist] - songTbl 表已经存在!不用创建!>
2016-12-14 00:49:36 <@zhangliangming@ [com.happy.util.DataUtil:27 init] - 初始数据加载完成.....>
2016-12-14 00:49:38 <@zhangliangming@ [com.happy.enterProgram.EnterProgram:59 init] - 启动界面完成>
2016-12-14 00:50:18 <@zhangliangming@ [com.happy.ui.MainFrame:163 exitPlayer] - 准备退出播放器>
2016-12-14 00:50:18 <@zhangliangming@ [com.happy.util.DataUtil:72 saveData] - 保存数据>
2016-12-14 00:50:21 <@zhangliangming@ [com.happy.ui.MainFrame:165 exitPlayer] - 退出成功>
2016-12-14 00:55:42 <@zhangliangming@ [com.happy.util.DataUtil:24 init] - 开始加载初始数据.....>
2016-12-14 00:55:44 <@zhangliangming@ [com.happy.db.DBUtils:52 isTableExist] - baseDataTbl 表已经存在!不用创建!>
2016-12-14 00:55:46 <@zhangliangming@ [com.happy.db.DBUtils:52 isTableExist] - categoryTbl 表已经存在!不用创建!>
2016-12-14 00:55:47 <@zhangliangming@ [com.happy.db.DBUtils:52 isTableExist] - songTbl 表已经存在!不用创建!>
2016-12-14 00:55:48 <@zhangliangming@ [com.happy.util.DataUtil:27 init] - 初始数据加载完成.....>
2016-12-14 00:55:49 <@zhangliangming@ [com.happy.enterProgram.EnterProgram:58 init] - 启动界面完成>
2016-12-14 00:56:20 <@zhangliangming@ [com.happy.ui.MainFrame:163 exitPlayer] - 准备退出播放器>
2016-12-14 00:56:20 <@zhangliangming@ [com.happy.util.DataUtil:72 saveData] - 保存数据>
2016-12-14 00:56:22 <@zhangliangming@ [com.happy.ui.MainFrame:165 exitPlayer] - 退出成功>
2016-12-14 00:56:27 <@zhangliangming@ [com.happy.util.DataUtil:24 init] - 开始加载初始数据.....>
2016-12-14 00:56:29 <@zhangliangming@ [com.happy.db.DBUtils:52 isTableExist] - baseDataTbl 表已经存在!不用创建!>
2016-12-14 00:56:31 <@zhangliangming@ [com.happy.db.DBUtils:52 isTableExist] - categoryTbl 表已经存在!不用创建!>
2016-12-14 00:56:32 <@zhangliangming@ [com.happy.db.DBUtils:52 isTableExist] - songTbl 表已经存在!不用创建!>
2016-12-14 00:56:34 <@zhangliangming@ [com.happy.util.DataUtil:27 init] - 初始数据加载完成.....>
2016-12-14 00:56:36 <@zhangliangming@ [com.happy.enterProgram.EnterProgram:58 init] - 启动界面完成>
2016-12-14 00:56:47 <@zhangliangming@ [com.happy.ui.MainFrame:163 exitPlayer] - 准备退出播放器>
2016-12-14 00:56:47 <@zhangliangming@ [com.happy.util.DataUtil:72 saveData] - 保存数据>
2016-12-14 00:56:49 <@zhangliangming@ [com.happy.ui.MainFrame:165 exitPlayer] - 退出成功>
2016-12-14 19:22:13 <@zhangliangming@ [com.happy.util.DataUtil:24 init] - 开始加载初始数据.....>
2016-12-14 19:22:16 <@zhangliangming@ [com.happy.db.DBUtils:52 isTableExist] - baseDataTbl 表已经存在!不用创建!>
2016-12-14 19:22:17 <@zhangliangming@ [com.happy.db.BaseDataDB:123 updateTab] - java.sql.SQLException: Column 'PLAYINFOPID' already exists in Table/View '"APP"."BASEDATATBL"'.>
2016-12-14 19:22:17 <@zhangliangming@ [com.happy.db.BaseDataDB:123 updateTab] - java.sql.SQLException: Column 'PLAYINFOID' already exists in Table/View '"APP"."BASEDATATBL"'.>
2016-12-14 19:22:18 <@zhangliangming@ [com.happy.db.BaseDataDB:123 updateTab] - java.sql.SQLException: Column 'SHOWDESKTOPLYRICS' already exists in Table/View '"APP"."BASEDATATBL"'.>
2016-12-14 19:22:18 <@zhangliangming@ [com.happy.db.BaseDataDB:123 updateTab] - java.sql.SQLException: Column 'LRCCOLORINDEX' already exists in Table/View '"APP"."BASEDATATBL"'.>
2016-12-14 19:22:18 <@zhangliangming@ [com.happy.db.BaseDataDB:123 updateTab] - java.sql.SQLException: Column 'LRCFONTSIZE' already exists in Table/View '"APP"."BASEDATATBL"'.>
2016-12-14 19:22:18 <@zhangliangming@ [com.happy.db.BaseDataDB:123 updateTab] - java.sql.SQLException: Column 'DESKTOPLRCFONTSIZE' already exists in Table/View '"APP"."BASEDATATBL"'.>
2016-12-14 19:22:18 <@zhangliangming@ [com.happy.db.BaseDataDB:123 updateTab] - java.sql.SQLException: Column 'DESKTOPLRCINDEX' already exists in Table/View '"APP"."BASEDATATBL"'.>
2016-12-14 19:22:19 <@zhangliangming@ [com.happy.db.DBUtils:52 isTableExist] - categoryTbl 表已经存在!不用创建!>
2016-12-14 19:22:19 <@zhangliangming@ [com.happy.db.DBUtils:52 isTableExist] - songTbl 表已经存在!不用创建!>
2016-12-14 19:22:20 <@zhangliangming@ [com.happy.util.DataUtil:27 init] - 初始数据加载完成.....>
2016-12-14 19:22:20 <@zhangliangming@ [com.happy.service.MediaPlayerService:70 init] - 播放器服务启动>
2016-12-14 19:22:23 <@zhangliangming@ [com.happy.enterProgram.EnterProgram:61 init] - 启动界面完成>
2016-12-14 19:23:17 <@zhangliangming@ [com.happy.ui.MainFrame:163 exitPlayer] - 准备退出播放器>
2016-12-14 19:23:17 <@zhangliangming@ [com.happy.util.DataUtil:72 saveData] - 保存数据>
2016-12-14 19:23:18 <@zhangliangming@ [com.happy.ui.MainFrame:165 exitPlayer] - 退出成功>
2016-12-14 19:30:32 <@zhangliangming@ [com.happy.util.DataUtil:24 init] - 开始加载初始数据.....>
2016-12-14 19:30:34 <@zhangliangming@ [com.happy.db.DBUtils:52 isTableExist] - baseDataTbl 表已经存在!不用创建!>
2016-12-14 19:30:34 <@zhangliangming@ [com.happy.db.DBUtils:52 isTableExist] - tabVersionTbl 表已经存在!不用创建!>
2016-12-14 19:30:35 <@zhangliangming@ [com.happy.db.DBUtils:52 isTableExist] - categoryTbl 表已经存在!不用创建!>
2016-12-14 19:30:36 <@zhangliangming@ [com.happy.db.DBUtils:52 isTableExist] - songTbl 表已经存在!不用创建!>
2016-12-14 19:30:37 <@zhangliangming@ [com.happy.util.DataUtil:27 init] - 初始数据加载完成.....>
2016-12-14 19:30:37 <@zhangliangming@ [com.happy.service.MediaPlayerService:70 init] - 播放器服务启动>
2016-12-14 19:30:40 <@zhangliangming@ [com.happy.enterProgram.EnterProgram:61 init] - 启动界面完成>
2016-12-14 19:31:25 <@zhangliangming@ [com.happy.ui.MainFrame:163 exitPlayer] - 准备退出播放器>
2016-12-14 19:31:25 <@zhangliangming@ [com.happy.util.DataUtil:72 saveData] - 保存数据>
2016-12-14 19:31:26 <@zhangliangming@ [com.happy.ui.MainFrame:165 exitPlayer] - 退出成功>
2016-12-14 19:32:19 <@zhangliangming@ [com.happy.util.DataUtil:24 init] - 开始加载初始数据.....>
2016-12-14 19:32:22 <@zhangliangming@ [com.happy.db.DBUtils:52 isTableExist] - baseDataTbl 表已经存在!不用创建!>
2016-12-14 19:32:22 <@zhangliangming@ [com.happy.db.DBUtils:52 isTableExist] - tabVersionTbl 表已经存在!不用创建!>
2016-12-14 19:32:24 <@zhangliangming@ [com.happy.db.DBUtils:52 isTableExist] - categoryTbl 表已经存在!不用创建!>
2016-12-14 19:32:24 <@zhangliangming@ [com.happy.db.DBUtils:52 isTableExist] - songTbl 表已经存在!不用创建!>
2016-12-14 19:32:25 <@zhangliangming@ [com.happy.util.DataUtil:27 init] - 初始数据加载完成.....>
2016-12-14 19:32:25 <@zhangliangming@ [com.happy.service.MediaPlayerService:70 init] - 播放器服务启动>
2016-12-14 19:32:28 <@zhangliangming@ [com.happy.enterProgram.EnterProgram:61 init] - 启动界面完成>
2016-12-14 19:34:45 <@zhangliangming@ [com.happy.ui.MainFrame:163 exitPlayer] - 准备退出播放器>
2016-12-14 19:34:45 <@zhangliangming@ [com.happy.util.DataUtil:72 saveData] - 保存数据>
2016-12-14 19:34:46 <@zhangliangming@ [com.happy.ui.MainFrame:165 exitPlayer] - 退出成功>
2016-12-14 19:35:55 <@zhangliangming@ [com.happy.util.DataUtil:24 init] - 开始加载初始数据.....>
2016-12-14 19:35:58 <@zhangliangming@ [com.happy.db.DBUtils:52 isTableExist] - baseDataTbl 表已经存在!不用创建!>
2016-12-14 19:35:58 <@zhangliangming@ [com.happy.db.DBUtils:52 isTableExist] - tabVersionTbl 表已经存在!不用创建!>
2016-12-14 19:35:59 <@zhangliangming@ [com.happy.db.DBUtils:52 isTableExist] - categoryTbl 表已经存在!不用创建!>
2016-12-14 19:36:00 <@zhangliangming@ [com.happy.db.DBUtils:52 isTableExist] - songTbl 表已经存在!不用创建!>
2016-12-14 19:36:01 <@zhangliangming@ [com.happy.util.DataUtil:27 init] - 初始数据加载完成.....>
2016-12-14 19:36:01 <@zhangliangming@ [com.happy.service.MediaPlayerService:70 init] - 播放器服务启动>
2016-12-14 19:36:04 <@zhangliangming@ [com.happy.enterProgram.EnterProgram:61 init] - 启动界面完成>
2016-12-14 19:37:24 <@zhangliangming@ [com.happy.ui.MainFrame:163 exitPlayer] - 准备退出播放器>
2016-12-14 19:37:24 <@zhangliangming@ [com.happy.util.DataUtil:72 saveData] - 保存数据>
2016-12-14 19:37:26 <@zhangliangming@ [com.happy.ui.MainFrame:165 exitPlayer] - 退出成功>
2016-12-14 19:39:58 <@zhangliangming@ [com.happy.util.DataUtil:24 init] - 开始加载初始数据.....>
2016-12-14 19:40:01 <@zhangliangming@ [com.happy.db.DBUtils:52 isTableExist] - baseDataTbl 表已经存在!不用创建!>
2016-12-14 19:40:01 <@zhangliangming@ [com.happy.db.DBUtils:52 isTableExist] - tabVersionTbl 表已经存在!不用创建!>
2016-12-14 19:40:02 <@zhangliangming@ [com.happy.db.DBUtils:52 isTableExist] - categoryTbl 表已经存在!不用创建!>
2016-12-14 19:40:03 <@zhangliangming@ [com.happy.db.DBUtils:52 isTableExist] - songTbl 表已经存在!不用创建!>
2016-12-14 19:40:05 <@zhangliangming@ [com.happy.util.DataUtil:27 init] - 初始数据加载完成.....>
2016-12-14 19:40:05 <@zhangliangming@ [com.happy.service.MediaPlayerService:70 init] - 播放器服务启动>
2016-12-14 19:40:08 <@zhangliangming@ [com.happy.enterProgram.EnterProgram:61 init] - 启动界面完成>
2016-12-14 19:40:18 <@zhangliangming@ [com.happy.ui.MainFrame:163 exitPlayer] - 准备退出播放器>
2016-12-14 19:40:18 <@zhangliangming@ [com.happy.util.DataUtil:72 saveData] - 保存数据>
2016-12-14 19:40:20 <@zhangliangming@ [com.happy.ui.MainFrame:165 exitPlayer] - 退出成功>
2016-12-14 19:45:35 <@zhangliangming@ [com.happy.util.DataUtil:24 init] - 开始加载初始数据.....>
2016-12-14 19:45:37 <@zhangliangming@ [com.happy.db.DBUtils:52 isTableExist] - baseDataTbl 表已经存在!不用创建!>
2016-12-14 19:45:37 <@zhangliangming@ [com.happy.db.DBUtils:52 isTableExist] - tabVersionTbl 表已经存在!不用创建!>
2016-12-14 19:45:39 <@zhangliangming@ [com.happy.db.DBUtils:52 isTableExist] - categoryTbl 表已经存在!不用创建!>
2016-12-14 19:45:39 <@zhangliangming@ [com.happy.db.DBUtils:52 isTableExist] - songTbl 表已经存在!不用创建!>
2016-12-14 19:45:40 <@zhangliangming@ [com.happy.util.DataUtil:27 init] - 初始数据加载完成.....>
2016-12-14 19:45:40 <@zhangliangming@ [com.happy.service.MediaPlayerService:70 init] - 播放器服务启动>
2016-12-14 19:45:44 <@zhangliangming@ [com.happy.enterProgram.EnterProgram:61 init] - 启动界面完成>
2016-12-14 19:46:06 <@zhangliangming@ [com.happy.ui.MainFrame:163 exitPlayer] - 准备退出播放器>
2016-12-14 19:46:06 <@zhangliangming@ [com.happy.util.DataUtil:72 saveData] - 保存数据>
2016-12-14 19:46:07 <@zhangliangming@ [com.happy.ui.MainFrame:165 exitPlayer] - 退出成功>
2016-12-14 19:46:23 <@zhangliangming@ [com.happy.util.DataUtil:24 init] - 开始加载初始数据.....>
2016-12-14 19:46:26 <@zhangliangming@ [com.happy.db.DBUtils:52 isTableExist] - baseDataTbl 表已经存在!不用创建!>
2016-12-14 19:46:26 <@zhangliangming@ [com.happy.db.DBUtils:52 isTableExist] - tabVersionTbl 表已经存在!不用创建!>
2016-12-14 19:46:27 <@zhangliangming@ [com.happy.db.DBUtils:52 isTableExist] - categoryTbl 表已经存在!不用创建!>
2016-12-14 19:46:28 <@zhangliangming@ [com.happy.db.DBUtils:52 isTableExist] - songTbl 表已经存在!不用创建!>
2016-12-14 19:46:29 <@zhangliangming@ [com.happy.util.DataUtil:27 init] - 初始数据加载完成.....>
2016-12-14 19:46:29 <@zhangliangming@ [com.happy.service.MediaPlayerService:70 init] - 播放器服务启动>
2016-12-14 19:46:32 <@zhangliangming@ [com.happy.enterProgram.EnterProgram:61 init] - 启动界面完成>
2016-12-14 19:46:49 <@zhangliangming@ [com.happy.ui.MainFrame:163 exitPlayer] - 准备退出播放器>
2016-12-14 19:46:49 <@zhangliangming@ [com.happy.util.DataUtil:72 saveData] - 保存数据>
2016-12-14 19:46:50 <@zhangliangming@ [com.happy.ui.MainFrame:165 exitPlayer] - 退出成功>
2016-12-14 19:47:19 <@zhangliangming@ [com.happy.util.DataUtil:24 init] - 开始加载初始数据.....>
2016-12-14 19:47:22 <@zhangliangming@ [com.happy.db.DBUtils:52 isTableExist] - baseDataTbl 表已经存在!不用创建!>
2016-12-14 19:47:22 <@zhangliangming@ [com.happy.db.DBUtils:52 isTableExist] - tabVersionTbl 表已经存在!不用创建!>
2016-12-14 19:47:23 <@zhangliangming@ [com.happy.db.DBUtils:52 isTableExist] - categoryTbl 表已经存在!不用创建!>
2016-12-14 19:47:24 <@zhangliangming@ [com.happy.db.DBUtils:52 isTableExist] - songTbl 表已经存在!不用创建!>
2016-12-14 19:47:25 <@zhangliangming@ [com.happy.util.DataUtil:27 init] - 初始数据加载完成.....>
2016-12-14 19:47:25 <@zhangliangming@ [com.happy.service.MediaPlayerService:70 init] - 播放器服务启动>
2016-12-14 19:47:28 <@zhangliangming@ [com.happy.enterProgram.EnterProgram:61 init] - 启动界面完成>
2016-12-14 19:49:07 <@zhangliangming@ [com.happy.ui.MainFrame:163 exitPlayer] - 准备退出播放器>
2016-12-14 19:49:07 <@zhangliangming@ [com.happy.util.DataUtil:72 saveData] - 保存数据>
2016-12-14 19:49:09 <@zhangliangming@ [com.happy.ui.MainFrame:165 exitPlayer] - 退出成功>
2016-12-14 19:49:58 <@zhangliangming@ [com.happy.util.DataUtil:24 init] - 开始加载初始数据.....>
2016-12-14 19:50:00 <@zhangliangming@ [com.happy.db.DBUtils:52 isTableExist] - baseDataTbl 表已经存在!不用创建!>
2016-12-14 19:50:00 <@zhangliangming@ [com.happy.db.DBUtils:52 isTableExist] - tabVersionTbl 表已经存在!不用创建!>
2016-12-14 19:50:01 <@zhangliangming@ [com.happy.db.DBUtils:52 isTableExist] - categoryTbl 表已经存在!不用创建!>
2016-12-14 19:50:02 <@zhangliangming@ [com.happy.db.DBUtils:52 isTableExist] - songTbl 表已经存在!不用创建!>
2016-12-14 19:50:03 <@zhangliangming@ [com.happy.util.DataUtil:27 init] - 初始数据加载完成.....>
2016-12-14 19:50:03 <@zhangliangming@ [com.happy.service.MediaPlayerService:70 init] - 播放器服务启动>
2016-12-14 19:50:06 <@zhangliangming@ [com.happy.enterProgram.EnterProgram:61 init] - 启动界面完成>
2016-12-14 19:50:15 <@zhangliangming@ [com.happy.ui.MainFrame:163 exitPlayer] - 准备退出播放器>
2016-12-14 19:50:15 <@zhangliangming@ [com.happy.util.DataUtil:72 saveData] - 保存数据>
2016-12-14 19:50:16 <@zhangliangming@ [com.happy.ui.MainFrame:165 exitPlayer] - 退出成功>
2016-12-14 19:50:21 <@zhangliangming@ [com.happy.util.DataUtil:24 init] - 开始加载初始数据.....>
2016-12-14 19:50:23 <@zhangliangming@ [com.happy.db.DBUtils:52 isTableExist] - baseDataTbl 表已经存在!不用创建!>
2016-12-14 19:50:23 <@zhangliangming@ [com.happy.db.DBUtils:52 isTableExist] - tabVersionTbl 表已经存在!不用创建!>
2016-12-14 19:50:24 <@zhangliangming@ [com.happy.db.DBUtils:52 isTableExist] - categoryTbl 表已经存在!不用创建!>
2016-12-14 19:50:25 <@zhangliangming@ [com.happy.db.DBUtils:52 isTableExist] - songTbl 表已经存在!不用创建!>
2016-12-14 19:50:26 <@zhangliangming@ [com.happy.util.DataUtil:27 init] - 初始数据加载完成.....>
2016-12-14 19:50:26 <@zhangliangming@ [com.happy.service.MediaPlayerService:70 init] - 播放器服务启动>
2016-12-14 19:50:29 <@zhangliangming@ [com.happy.enterProgram.EnterProgram:61 init] - 启动界面完成>
2016-12-14 19:50:39 <@zhangliangming@ [com.happy.ui.MainFrame:163 exitPlayer] - 准备退出播放器>
2016-12-14 19:50:39 <@zhangliangming@ [com.happy.util.DataUtil:72 saveData] - 保存数据>
2016-12-14 19:50:40 <@zhangliangming@ [com.happy.ui.MainFrame:165 exitPlayer] - 退出成功>
2016-12-14 19:51:29 <@zhangliangming@ [com.happy.util.DataUtil:24 init] - 开始加载初始数据.....>
2016-12-14 19:51:31 <@zhangliangming@ [com.happy.db.DBUtils:52 isTableExist] - baseDataTbl 表已经存在!不用创建!>
2016-12-14 19:51:31 <@zhangliangming@ [com.happy.db.DBUtils:52 isTableExist] - tabVersionTbl 表已经存在!不用创建!>
2016-12-14 19:51:33 <@zhangliangming@ [com.happy.db.DBUtils:52 isTableExist] - categoryTbl 表已经存在!不用创建!>
2016-12-14 19:51:34 <@zhangliangming@ [com.happy.db.DBUtils:52 isTableExist] - songTbl 表已经存在!不用创建!>
2016-12-14 19:51:34 <@zhangliangming@ [com.happy.util.DataUtil:27 init] - 初始数据加载完成.....>
2016-12-14 19:51:34 <@zhangliangming@ [com.happy.service.MediaPlayerService:70 init] - 播放器服务启动>
2016-12-14 19:51:37 <@zhangliangming@ [com.happy.enterProgram.EnterProgram:61 init] - 启动界面完成>
2016-12-14 19:51:47 <@zhangliangming@ [com.happy.ui.MainFrame:163 exitPlayer] - 准备退出播放器>
2016-12-14 19:51:47 <@zhangliangming@ [com.happy.util.DataUtil:72 saveData] - 保存数据>
2016-12-14 19:51:48 <@zhangliangming@ [com.happy.ui.MainFrame:165 exitPlayer] - 退出成功>
2016-12-14 19:51:57 <@zhangliangming@ [com.happy.util.DataUtil:24 init] - 开始加载初始数据.....>
2016-12-14 19:52:00 <@zhangliangming@ [com.happy.db.DBUtils:52 isTableExist] - baseDataTbl 表已经存在!不用创建!>
2016-12-14 19:52:00 <@zhangliangming@ [com.happy.db.DBUtils:52 isTableExist] - tabVersionTbl 表已经存在!不用创建!>
2016-12-14 19:52:01 <@zhangliangming@ [com.happy.db.DBUtils:52 isTableExist] - categoryTbl 表已经存在!不用创建!>
2016-12-14 19:52:02 <@zhangliangming@ [com.happy.db.DBUtils:52 isTableExist] - songTbl 表已经存在!不用创建!>
2016-12-14 19:52:03 <@zhangliangming@ [com.happy.util.DataUtil:27 init] - 初始数据加载完成.....>
2016-12-14 19:52:03 <@zhangliangming@ [com.happy.service.MediaPlayerService:70 init] - 播放器服务启动>
2016-12-14 19:52:06 <@zhangliangming@ [com.happy.enterProgram.EnterProgram:61 init] - 启动界面完成>
2016-12-14 19:53:08 <@zhangliangming@ [com.happy.ui.MainFrame:163 exitPlayer] - 准备退出播放器>
2016-12-14 19:53:08 <@zhangliangming@ [com.happy.util.DataUtil:72 saveData] - 保存数据>
2016-12-14 19:53:09 <@zhangliangming@ [com.happy.ui.MainFrame:165 exitPlayer] - 退出成功>
2016-12-14 19:53:13 <@zhangliangming@ [com.happy.util.DataUtil:24 init] - 开始加载初始数据.....>
2016-12-14 19:53:16 <@zhangliangming@ [com.happy.db.DBUtils:52 isTableExist] - baseDataTbl 表已经存在!不用创建!>
2016-12-14 19:53:16 <@zhangliangming@ [com.happy.db.DBUtils:52 isTableExist] - tabVersionTbl 表已经存在!不用创建!>
2016-12-14 19:53:18 <@zhangliangming@ [com.happy.db.DBUtils:52 isTableExist] - categoryTbl 表已经存在!不用创建!>
2016-12-14 19:53:19 <@zhangliangming@ [com.happy.db.DBUtils:52 isTableExist] - songTbl 表已经存在!不用创建!>
2016-12-14 19:53:20 <@zhangliangming@ [com.happy.util.DataUtil:27 init] - 初始数据加载完成.....>
2016-12-14 19:53:20 <@zhangliangming@ [com.happy.service.MediaPlayerService:70 init] - 播放器服务启动>
2016-12-14 19:53:22 <@zhangliangming@ [com.happy.enterProgram.EnterProgram:61 init] - 启动界面完成>
2016-12-14 19:53:46 <@zhangliangming@ [com.happy.ui.MainFrame:163 exitPlayer] - 准备退出播放器>
2016-12-14 19:53:46 <@zhangliangming@ [com.happy.util.DataUtil:72 saveData] - 保存数据>
2016-12-14 19:53:47 <@zhangliangming@ [com.happy.ui.MainFrame:165 exitPlayer] - 退出成功>
2016-12-14 19:57:45 <@zhangliangming@ [com.happy.util.DataUtil:24 init] - 开始加载初始数据.....>
2016-12-14 19:57:47 <@zhangliangming@ [com.happy.db.DBUtils:52 isTableExist] - baseDataTbl 表已经存在!不用创建!>
2016-12-14 19:57:47 <@zhangliangming@ [com.happy.db.DBUtils:52 isTableExist] - tabVersionTbl 表已经存在!不用创建!>
2016-12-14 19:57:53 <@zhangliangming@ [com.happy.db.DBUtils:52 isTableExist] - categoryTbl 表已经存在!不用创建!>
2016-12-14 19:57:58 <@zhangliangming@ [com.happy.db.DBUtils:52 isTableExist] - songTbl 表已经存在!不用创建!>
2016-12-14 19:58:03 <@zhangliangming@ [com.happy.util.DataUtil:27 init] - 初始数据加载完成.....>
2016-12-14 19:58:03 <@zhangliangming@ [com.happy.service.MediaPlayerService:70 init] - 播放器服务启动>
2016-12-14 19:58:05 <@zhangliangming@ [com.happy.enterProgram.EnterProgram:61 init] - 启动界面完成>
2016-12-14 19:58:43 <@zhangliangming@ [com.happy.ui.MainFrame:163 exitPlayer] - 准备退出播放器>
2016-12-14 19:58:43 <@zhangliangming@ [com.happy.util.DataUtil:72 saveData] - 保存数据>
2016-12-14 19:58:46 <@zhangliangming@ [com.happy.ui.MainFrame:165 exitPlayer] - 退出成功>
2016-12-14 19:59:55 <@zhangliangming@ [com.happy.util.DataUtil:24 init] - 开始加载初始数据.....>
2016-12-14 19:59:59 <@zhangliangming@ [com.happy.db.DBUtils:52 isTableExist] - baseDataTbl 表已经存在!不用创建!>
2016-12-14 19:59:59 <@zhangliangming@ [com.happy.db.DBUtils:52 isTableExist] - tabVersionTbl 表已经存在!不用创建!>
2016-12-14 20:00:04 <@zhangliangming@ [com.happy.db.DBUtils:52 isTableExist] - categoryTbl 表已经存在!不用创建!>
2016-12-14 20:00:08 <@zhangliangming@ [com.happy.db.DBUtils:52 isTableExist] - songTbl 表已经存在!不用创建!>
2016-12-14 20:00:11 <@zhangliangming@ [com.happy.util.DataUtil:27 init] - 初始数据加载完成.....>
2016-12-14 20:00:11 <@zhangliangming@ [com.happy.service.MediaPlayerService:70 init] - 播放器服务启动>
2016-12-14 20:00:14 <@zhangliangming@ [com.happy.enterProgram.EnterProgram:61 init] - 启动界面完成>
2016-12-14 20:04:37 <@zhangliangming@ [com.happy.ui.MainFrame:166 exitPlayer] - 准备退出播放器>
2016-12-14 20:04:37 <@zhangliangming@ [com.happy.util.DataUtil:72 saveData] - 保存数据>
2016-12-14 20:04:39 <@zhangliangming@ [com.happy.ui.MainFrame:168 exitPlayer] - 退出成功>
2016-12-14 20:37:49 <@zhangliangming@ [com.happy.util.DataUtil:24 init] - 开始加载初始数据.....>
2016-12-14 20:37:51 <@zhangliangming@ [com.happy.db.DBUtils:52 isTableExist] - baseDataTbl 表已经存在!不用创建!>
2016-12-14 20:37:51 <@zhangliangming@ [com.happy.db.DBUtils:52 isTableExist] - tabVersionTbl 表已经存在!不用创建!>
2016-12-14 20:37:53 <@zhangliangming@ [com.happy.db.DBUtils:52 isTableExist] - categoryTbl 表已经存在!不用创建!>
2016-12-14 20:37:53 <@zhangliangming@ [com.happy.db.DBUtils:52 isTableExist] - songTbl 表已经存在!不用创建!>
2016-12-14 20:37:55 <@zhangliangming@ [com.happy.util.DataUtil:27 init] - 初始数据加载完成.....>
2016-12-14 20:37:55 <@zhangliangming@ [com.happy.service.MediaPlayerService:70 init] - 播放器服务启动>
2016-12-14 20:37:58 <@zhangliangming@ [com.happy.enterProgram.EnterProgram:61 init] - 启动界面完成>
2016-12-14 20:38:55 <@zhangliangming@ [com.happy.ui.MainFrame:166 exitPlayer] - 准备退出播放器>
2016-12-14 20:38:55 <@zhangliangming@ [com.happy.util.DataUtil:72 saveData] - 保存数据>
2016-12-14 20:38:56 <@zhangliangming@ [com.happy.ui.MainFrame:168 exitPlayer] - 退出成功>
2016-12-14 20:40:11 <@zhangliangming@ [com.happy.util.DataUtil:24 init] - 开始加载初始数据.....>
2016-12-14 20:40:13 <@zhangliangming@ [com.happy.db.DBUtils:52 isTableExist] - baseDataTbl 表已经存在!不用创建!>
2016-12-14 20:40:13 <@zhangliangming@ [com.happy.db.DBUtils:52 isTableExist] - tabVersionTbl 表已经存在!不用创建!>
2016-12-14 20:40:15 <@zhangliangming@ [com.happy.db.DBUtils:52 isTableExist] - categoryTbl 表已经存在!不用创建!>
2016-12-14 20:40:16 <@zhangliangming@ [com.happy.db.DBUtils:52 isTableExist] - songTbl 表已经存在!不用创建!>
2016-12-14 20:40:17 <@zhangliangming@ [com.happy.util.DataUtil:27 init] - 初始数据加载完成.....>
2016-12-14 20:40:17 <@zhangliangming@ [com.happy.service.MediaPlayerService:70 init] - 播放器服务启动>
2016-12-14 20:43:33 <@zhangliangming@ [com.happy.util.DataUtil:24 init] - 开始加载初始数据.....>
2016-12-14 20:43:35 <@zhangliangming@ [com.happy.db.DBUtils:52 isTableExist] - baseDataTbl 表已经存在!不用创建!>
2016-12-14 20:43:36 <@zhangliangming@ [com.happy.db.DBUtils:52 isTableExist] - tabVersionTbl 表已经存在!不用创建!>
2016-12-14 20:43:37 <@zhangliangming@ [com.happy.db.DBUtils:52 isTableExist] - categoryTbl 表已经存在!不用创建!>
2016-12-14 20:43:38 <@zhangliangming@ [com.happy.db.DBUtils:52 isTableExist] - songTbl 表已经存在!不用创建!>
2016-12-14 20:43:39 <@zhangliangming@ [com.happy.util.DataUtil:27 init] - 初始数据加载完成.....>
2016-12-14 20:43:39 <@zhangliangming@ [com.happy.service.MediaPlayerService:70 init] - 播放器服务启动>
2016-12-14 20:43:42 <@zhangliangming@ [com.happy.enterProgram.EnterProgram:61 init] - 启动界面完成>
2016-12-14 20:44:02 <@zhangliangming@ [com.happy.ui.MainFrame:166 exitPlayer] - 准备退出播放器>
2016-12-14 20:44:02 <@zhangliangming@ [com.happy.util.DataUtil:72 saveData] - 保存数据>
2016-12-14 20:46:26 <@zhangliangming@ [com.happy.util.DataUtil:24 init] - 开始加载初始数据.....>
2016-12-14 20:46:28 <@zhangliangming@ [com.happy.db.DBUtils:52 isTableExist] - baseDataTbl 表已经存在!不用创建!>
2016-12-14 20:46:28 <@zhangliangming@ [com.happy.db.DBUtils:52 isTableExist] - tabVersionTbl 表已经存在!不用创建!>
2016-12-14 20:46:30 <@zhangliangming@ [com.happy.db.DBUtils:52 isTableExist] - categoryTbl 表已经存在!不用创建!>
2016-12-14 20:46:31 <@zhangliangming@ [com.happy.db.DBUtils:52 isTableExist] - songTbl 表已经存在!不用创建!>
2016-12-14 20:46:32 <@zhangliangming@ [com.happy.util.DataUtil:27 init] - 初始数据加载完成.....>
2016-12-14 20:46:32 <@zhangliangming@ [com.happy.service.MediaPlayerService:70 init] - 播放器服务启动>
2016-12-14 20:46:34 <@zhangliangming@ [com.happy.enterProgram.EnterProgram:61 init] - 启动界面完成>
2016-12-14 20:46:52 <@zhangliangming@ [com.happy.ui.MainFrame:166 exitPlayer] - 准备退出播放器>
2016-12-14 20:46:52 <@zhangliangming@ [com.happy.util.DataUtil:72 saveData] - 保存数据>
2016-12-14 20:46:53 <@zhangliangming@ [com.happy.ui.MainFrame:168 exitPlayer] - 退出成功>
2016-12-14 20:47:34 <@zhangliangming@ [com.happy.util.DataUtil:24 init] - 开始加载初始数据.....>
2016-12-14 20:47:36 <@zhangliangming@ [com.happy.db.DBUtils:52 isTableExist] - baseDataTbl 表已经存在!不用创建!>
2016-12-14 20:47:36 <@zhangliangming@ [com.happy.db.DBUtils:52 isTableExist] - tabVersionTbl 表已经存在!不用创建!>
2016-12-14 20:47:39 <@zhangliangming@ [com.happy.db.DBUtils:52 isTableExist] - categoryTbl 表已经存在!不用创建!>
2016-12-14 20:47:40 <@zhangliangming@ [com.happy.db.DBUtils:52 isTableExist] - songTbl 表已经存在!不用创建!>
2016-12-14 20:47:41 <@zhangliangming@ [com.happy.util.DataUtil:27 init] - 初始数据加载完成.....>
2016-12-14 20:47:41 <@zhangliangming@ [com.happy.service.MediaPlayerService:70 init] - 播放器服务启动>
2016-12-14 20:47:44 <@zhangliangming@ [com.happy.enterProgram.EnterProgram:61 init] - 启动界面完成>
2016-12-14 20:47:57 <@zhangliangming@ [com.happy.ui.MainFrame:166 exitPlayer] - 准备退出播放器>
2016-12-14 20:47:57 <@zhangliangming@ [com.happy.util.DataUtil:72 saveData] - 保存数据>
2016-12-14 20:47:59 <@zhangliangming@ [com.happy.ui.MainFrame:168 exitPlayer] - 退出成功>
2016-12-14 20:48:41 <@zhangliangming@ [com.happy.util.DataUtil:24 init] - 开始加载初始数据.....>
2016-12-14 20:48:43 <@zhangliangming@ [com.happy.db.DBUtils:52 isTableExist] - baseDataTbl 表已经存在!不用创建!>
2016-12-14 20:48:43 <@zhangliangming@ [com.happy.db.DBUtils:52 isTableExist] - tabVersionTbl 表已经存在!不用创建!>
2016-12-14 20:48:44 <@zhangliangming@ [com.happy.db.DBUtils:52 isTableExist] - categoryTbl 表已经存在!不用创建!>
2016-12-14 20:48:45 <@zhangliangming@ [com.happy.db.DBUtils:52 isTableExist] - songTbl 表已经存在!不用创建!>
2016-12-14 20:48:47 <@zhangliangming@ [com.happy.util.DataUtil:27 init] - 初始数据加载完成.....>
2016-12-14 20:48:47 <@zhangliangming@ [com.happy.service.MediaPlayerService:70 init] - 播放器服务启动>
2016-12-14 20:48:49 <@zhangliangming@ [com.happy.enterProgram.EnterProgram:61 init] - 启动界面完成>
2016-12-14 20:49:03 <@zhangliangming@ [com.happy.ui.MainFrame:166 exitPlayer] - 准备退出播放器>
2016-12-14 20:49:03 <@zhangliangming@ [com.happy.util.DataUtil:72 saveData] - 保存数据>
2016-12-14 20:49:04 <@zhangliangming@ [com.happy.ui.MainFrame:168 exitPlayer] - 退出成功>
2016-12-14 20:51:00 <@zhangliangming@ [com.happy.util.DataUtil:24 init] - 开始加载初始数据.....>
2016-12-14 20:51:02 <@zhangliangming@ [com.happy.db.DBUtils:52 isTableExist] - baseDataTbl 表已经存在!不用创建!>
2016-12-14 20:51:02 <@zhangliangming@ [com.happy.db.DBUtils:52 isTableExist] - tabVersionTbl 表已经存在!不用创建!>
2016-12-14 20:51:04 <@zhangliangming@ [com.happy.db.DBUtils:52 isTableExist] - categoryTbl 表已经存在!不用创建!>
2016-12-14 20:51:06 <@zhangliangming@ [com.happy.db.DBUtils:52 isTableExist] - songTbl 表已经存在!不用创建!>
2016-12-14 20:51:07 <@zhangliangming@ [com.happy.util.DataUtil:27 init] - 初始数据加载完成.....>
2016-12-14 20:51:07 <@zhangliangming@ [com.happy.service.MediaPlayerService:70 init] - 播放器服务启动>
2016-12-14 20:51:10 <@zhangliangming@ [com.happy.enterProgram.EnterProgram:61 init] - 启动界面完成>
2016-12-14 20:53:11 <@zhangliangming@ [com.happy.ui.MainFrame:166 exitPlayer] - 准备退出播放器>
2016-12-14 20:53:11 <@zhangliangming@ [com.happy.util.DataUtil:72 saveData] - 保存数据>
2016-12-14 20:53:12 <@zhangliangming@ [com.happy.ui.MainFrame:168 exitPlayer] - 退出成功>
2016-12-14 20:53:23 <@zhangliangming@ [com.happy.util.DataUtil:24 init] - 开始加载初始数据.....>
2016-12-14 20:53:25 <@zhangliangming@ [com.happy.db.DBUtils:52 isTableExist] - baseDataTbl 表已经存在!不用创建!>
2016-12-14 20:53:25 <@zhangliangming@ [com.happy.db.DBUtils:52 isTableExist] - tabVersionTbl 表已经存在!不用创建!>
2016-12-14 20:53:27 <@zhangliangming@ [com.happy.db.DBUtils:52 isTableExist] - categoryTbl 表已经存在!不用创建!>
2016-12-14 20:53:29 <@zhangliangming@ [com.happy.db.DBUtils:52 isTableExist] - songTbl 表已经存在!不用创建!>
2016-12-14 20:53:30 <@zhangliangming@ [com.happy.util.DataUtil:27 init] - 初始数据加载完成.....>
2016-12-14 20:53:30 <@zhangliangming@ [com.happy.service.MediaPlayerService:70 init] - 播放器服务启动>
2016-12-14 20:53:34 <@zhangliangming@ [com.happy.enterProgram.EnterProgram:61 init] - 启动界面完成>
2016-12-14 20:55:21 <@zhangliangming@ [com.happy.ui.MainFrame:166 exitPlayer] - 准备退出播放器>
2016-12-14 20:55:21 <@zhangliangming@ [com.happy.util.DataUtil:72 saveData] - 保存数据>
2016-12-14 20:55:23 <@zhangliangming@ [com.happy.ui.MainFrame:168 exitPlayer] - 退出成功>
2016-12-14 20:55:30 <@zhangliangming@ [com.happy.util.DataUtil:24 init] - 开始加载初始数据.....>
2016-12-14 20:55:33 <@zhangliangming@ [com.happy.db.DBUtils:52 isTableExist] - baseDataTbl 表已经存在!不用创建!>
2016-12-14 20:55:33 <@zhangliangming@ [com.happy.db.DBUtils:52 isTableExist] - tabVersionTbl 表已经存在!不用创建!>
2016-12-14 20:55:35 <@zhangliangming@ [com.happy.db.DBUtils:52 isTableExist] - categoryTbl 表已经存在!不用创建!>
2016-12-14 20:55:36 <@zhangliangming@ [com.happy.db.DBUtils:52 isTableExist] - songTbl 表已经存在!不用创建!>
2016-12-14 20:55:38 <@zhangliangming@ [com.happy.util.DataUtil:27 init] - 初始数据加载完成.....>
2016-12-14 20:55:38 <@zhangliangming@ [com.happy.service.MediaPlayerService:70 init] - 播放器服务启动>
2016-12-14 20:55:40 <@zhangliangming@ [com.happy.enterProgram.EnterProgram:61 init] - 启动界面完成>
2016-12-14 20:57:01 <@zhangliangming@ [com.happy.ui.MainFrame:166 exitPlayer] - 准备退出播放器>
2016-12-14 20:57:01 <@zhangliangming@ [com.happy.util.DataUtil:72 saveData] - 保存数据>
2016-12-14 20:57:03 <@zhangliangming@ [com.happy.ui.MainFrame:168 exitPlayer] - 退出成功>
2016-12-14 20:57:24 <@zhangliangming@ [com.happy.util.DataUtil:24 init] - 开始加载初始数据.....>
2016-12-14 20:57:26 <@zhangliangming@ [com.happy.db.DBUtils:52 isTableExist] - baseDataTbl 表已经存在!不用创建!>
2016-12-14 20:57:26 <@zhangliangming@ [com.happy.db.DBUtils:52 isTableExist] - tabVersionTbl 表已经存在!不用创建!>
2016-12-14 20:57:28 <@zhangliangming@ [com.happy.db.DBUtils:52 isTableExist] - categoryTbl 表已经存在!不用创建!>
2016-12-14 20:57:30 <@zhangliangming@ [com.happy.db.DBUtils:52 isTableExist] - songTbl 表已经存在!不用创建!>
2016-12-14 20:57:32 <@zhangliangming@ [com.happy.util.DataUtil:27 init] - 初始数据加载完成.....>
2016-12-14 20:57:32 <@zhangliangming@ [com.happy.service.MediaPlayerService:70 init] - 播放器服务启动>
2016-12-14 20:57:36 <@zhangliangming@ [com.happy.enterProgram.EnterProgram:61 init] - 启动界面完成>
2016-12-14 20:57:45 <@zhangliangming@ [com.happy.ui.MainFrame:166 exitPlayer] - 准备退出播放器>
2016-12-14 20:57:45 <@zhangliangming@ [com.happy.util.DataUtil:72 saveData] - 保存数据>
2016-12-14 20:57:47 <@zhangliangming@ [com.happy.ui.MainFrame:168 exitPlayer] - 退出成功>
2016-12-14 21:01:50 <@zhangliangming@ [com.happy.util.DataUtil:24 init] - 开始加载初始数据.....>
2016-12-14 21:01:52 <@zhangliangming@ [com.happy.db.DBUtils:52 isTableExist] - baseDataTbl 表已经存在!不用创建!>
2016-12-14 21:01:52 <@zhangliangming@ [com.happy.db.DBUtils:52 isTableExist] - tabVersionTbl 表已经存在!不用创建!>
2016-12-14 21:01:55 <@zhangliangming@ [com.happy.db.DBUtils:52 isTableExist] - categoryTbl 表已经存在!不用创建!>
2016-12-14 21:01:56 <@zhangliangming@ [com.happy.db.DBUtils:52 isTableExist] - songTbl 表已经存在!不用创建!>
2016-12-14 21:01:58 <@zhangliangming@ [com.happy.util.DataUtil:27 init] - 初始数据加载完成.....>
2016-12-14 21:01:58 <@zhangliangming@ [com.happy.service.MediaPlayerService:70 init] - 播放器服务启动>
2016-12-14 21:02:01 <@zhangliangming@ [com.happy.enterProgram.EnterProgram:61 init] - 启动界面完成>
2016-12-14 21:02:18 <@zhangliangming@ [com.happy.ui.MainFrame:166 exitPlayer] - 准备退出播放器>
2016-12-14 21:02:18 <@zhangliangming@ [com.happy.util.DataUtil:72 saveData] - 保存数据>
2016-12-14 21:02:20 <@zhangliangming@ [com.happy.ui.MainFrame:168 exitPlayer] - 退出成功>
2016-12-14 21:02:36 <@zhangliangming@ [com.happy.util.DataUtil:24 init] - 开始加载初始数据.....>
2016-12-14 21:02:38 <@zhangliangming@ [com.happy.db.DBUtils:52 isTableExist] - baseDataTbl 表已经存在!不用创建!>
2016-12-14 21:02:38 <@zhangliangming@ [com.happy.db.DBUtils:52 isTableExist] - tabVersionTbl 表已经存在!不用创建!>
2016-12-14 21:02:39 <@zhangliangming@ [com.happy.db.DBUtils:52 isTableExist] - categoryTbl 表已经存在!不用创建!>
2016-12-14 21:02:42 <@zhangliangming@ [com.happy.db.DBUtils:52 isTableExist] - songTbl 表已经存在!不用创建!>
2016-12-14 21:02:44 <@zhangliangming@ [com.happy.util.DataUtil:27 init] - 初始数据加载完成.....>
2016-12-14 21:02:44 <@zhangliangming@ [com.happy.service.MediaPlayerService:70 init] - 播放器服务启动>
2016-12-14 21:02:46 <@zhangliangming@ [com.happy.enterProgram.EnterProgram:61 init] - 启动界面完成>
2016-12-14 21:03:29 <@zhangliangming@ [com.happy.ui.MainFrame:166 exitPlayer] - 准备退出播放器>
2016-12-14 21:03:29 <@zhangliangming@ [com.happy.util.DataUtil:72 saveData] - 保存数据>
2016-12-14 21:03:31 <@zhangliangming@ [com.happy.ui.MainFrame:168 exitPlayer] - 退出成功>
2016-12-14 21:10:34 <@zhangliangming@ [com.happy.util.DataUtil:24 init] - 开始加载初始数据.....>
2016-12-14 21:10:36 <@zhangliangming@ [com.happy.db.DBUtils:52 isTableExist] - baseDataTbl 表已经存在!不用创建!>
2016-12-14 21:10:36 <@zhangliangming@ [com.happy.db.DBUtils:52 isTableExist] - tabVersionTbl 表已经存在!不用创建!>
2016-12-14 21:10:40 <@zhangliangming@ [com.happy.db.DBUtils:52 isTableExist] - categoryTbl 表已经存在!不用创建!>
2016-12-14 21:10:41 <@zhangliangming@ [com.happy.db.DBUtils:52 isTableExist] - songTbl 表已经存在!不用创建!>
2016-12-14 21:10:43 <@zhangliangming@ [com.happy.util.DataUtil:27 init] - 初始数据加载完成.....>
2016-12-14 21:10:43 <@zhangliangming@ [com.happy.service.MediaPlayerService:70 init] - 播放器服务启动>
2016-12-14 21:10:46 <@zhangliangming@ [com.happy.enterProgram.EnterProgram:61 init] - 启动界面完成>
2016-12-14 21:12:32 <@zhangliangming@ [com.happy.ui.MainFrame:166 exitPlayer] - 准备退出播放器>
2016-12-14 21:12:32 <@zhangliangming@ [com.happy.util.DataUtil:72 saveData] - 保存数据>
2016-12-14 21:12:35 <@zhangliangming@ [com.happy.ui.MainFrame:168 exitPlayer] - 退出成功>
2016-12-14 21:12:38 <@zhangliangming@ [com.happy.util.DataUtil:24 init] - 开始加载初始数据.....>
2016-12-14 21:12:41 <@zhangliangming@ [com.happy.db.DBUtils:52 isTableExist] - baseDataTbl 表已经存在!不用创建!>
2016-12-14 21:12:41 <@zhangliangming@ [com.happy.db.DBUtils:52 isTableExist] - tabVersionTbl 表已经存在!不用创建!>
2016-12-14 21:12:44 <@zhangliangming@ [com.happy.db.DBUtils:52 isTableExist] - categoryTbl 表已经存在!不用创建!>
2016-12-14 21:12:45 <@zhangliangming@ [com.happy.db.DBUtils:52 isTableExist] - songTbl 表已经存在!不用创建!>
2016-12-14 21:12:47 <@zhangliangming@ [com.happy.util.DataUtil:27 init] - 初始数据加载完成.....>
2016-12-14 21:12:47 <@zhangliangming@ [com.happy.service.MediaPlayerService:70 init] - 播放器服务启动>
2016-12-14 21:12:50 <@zhangliangming@ [com.happy.enterProgram.EnterProgram:61 init] - 启动界面完成>
2016-12-14 21:12:57 <@zhangliangming@ [com.happy.ui.MainFrame:166 exitPlayer] - 准备退出播放器>
2016-12-14 21:12:57 <@zhangliangming@ [com.happy.util.DataUtil:72 saveData] - 保存数据>
2016-12-14 21:12:59 <@zhangliangming@ [com.happy.ui.MainFrame:168 exitPlayer] - 退出成功>
2016-12-14 21:13:03 <@zhangliangming@ [com.happy.util.DataUtil:24 init] - 开始加载初始数据.....>
2016-12-14 21:13:05 <@zhangliangming@ [com.happy.db.DBUtils:52 isTableExist] - baseDataTbl 表已经存在!不用创建!>
2016-12-14 21:13:05 <@zhangliangming@ [com.happy.db.DBUtils:52 isTableExist] - tabVersionTbl 表已经存在!不用创建!>
2016-12-14 21:13:07 <@zhangliangming@ [com.happy.db.DBUtils:52 isTableExist] - categoryTbl 表已经存在!不用创建!>
2016-12-14 21:13:08 <@zhangliangming@ [com.happy.db.DBUtils:52 isTableExist] - songTbl 表已经存在!不用创建!>
2016-12-14 21:13:12 <@zhangliangming@ [com.happy.util.DataUtil:27 init] - 初始数据加载完成.....>
2016-12-14 21:13:12 <@zhangliangming@ [com.happy.service.MediaPlayerService:70 init] - 播放器服务启动>
2016-12-14 21:13:15 <@zhangliangming@ [com.happy.enterProgram.EnterProgram:61 init] - 启动界面完成>
2016-12-14 21:14:37 <@zhangliangming@ [com.happy.util.DataUtil:24 init] - 开始加载初始数据.....>
2016-12-14 21:14:39 <@zhangliangming@ [com.happy.db.DBUtils:52 isTableExist] - baseDataTbl 表已经存在!不用创建!>
2016-12-14 21:14:39 <@zhangliangming@ [com.happy.db.DBUtils:52 isTableExist] - tabVersionTbl 表已经存在!不用创建!>
2016-12-14 21:14:42 <@zhangliangming@ [com.happy.db.DBUtils:52 isTableExist] - categoryTbl 表已经存在!不用创建!>
2016-12-14 21:14:44 <@zhangliangming@ [com.happy.db.DBUtils:52 isTableExist] - songTbl 表已经存在!不用创建!>
2016-12-14 21:14:45 <@zhangliangming@ [com.happy.util.DataUtil:27 init] - 初始数据加载完成.....>
2016-12-14 21:14:45 <@zhangliangming@ [com.happy.service.MediaPlayerService:70 init] - 播放器服务启动>
2016-12-14 21:14:48 <@zhangliangming@ [com.happy.enterProgram.EnterProgram:61 init] - 启动界面完成>
2016-12-14 21:18:42 <@zhangliangming@ [com.happy.ui.MainFrame:166 exitPlayer] - 准备退出播放器>
2016-12-14 21:18:42 <@zhangliangming@ [com.happy.util.DataUtil:72 saveData] - 保存数据>
2016-12-14 21:18:45 <@zhangliangming@ [com.happy.ui.MainFrame:168 exitPlayer] - 退出成功>
2016-12-14 21:18:48 <@zhangliangming@ [com.happy.util.DataUtil:24 init] - 开始加载初始数据.....>
2016-12-14 21:18:50 <@zhangliangming@ [com.happy.db.DBUtils:52 isTableExist] - baseDataTbl 表已经存在!不用创建!>
2016-12-14 21:18:50 <@zhangliangming@ [com.happy.db.DBUtils:52 isTableExist] - tabVersionTbl 表已经存在!不用创建!>
2016-12-14 21:18:52 <@zhangliangming@ [com.happy.db.DBUtils:52 isTableExist] - categoryTbl 表已经存在!不用创建!>
2016-12-14 21:18:53 <@zhangliangming@ [com.happy.db.DBUtils:52 isTableExist] - songTbl 表已经存在!不用创建!>
2016-12-14 21:18:55 <@zhangliangming@ [com.happy.util.DataUtil:27 init] - 初始数据加载完成.....>
2016-12-14 21:18:55 <@zhangliangming@ [com.happy.service.MediaPlayerService:70 init] - 播放器服务启动>
2016-12-14 21:18:58 <@zhangliangming@ [com.happy.enterProgram.EnterProgram:61 init] - 启动界面完成>
2016-12-14 21:22:34 <@zhangliangming@ [com.happy.ui.MainFrame:166 exitPlayer] - 准备退出播放器>
2016-12-14 21:22:34 <@zhangliangming@ [com.happy.util.DataUtil:72 saveData] - 保存数据>
2016-12-14 21:22:35 <@zhangliangming@ [com.happy.ui.MainFrame:168 exitPlayer] - 退出成功>
2016-12-14 21:29:12 <@zhangliangming@ [com.happy.util.DataUtil:24 init] - 开始加载初始数据.....>
2016-12-14 21:29:14 <@zhangliangming@ [com.happy.db.DBUtils:52 isTableExist] - baseDataTbl 表已经存在!不用创建!>
2016-12-14 21:29:14 <@zhangliangming@ [com.happy.db.DBUtils:52 isTableExist] - tabVersionTbl 表已经存在!不用创建!>
2016-12-14 21:29:17 <@zhangliangming@ [com.happy.db.DBUtils:52 isTableExist] - categoryTbl 表已经存在!不用创建!>
2016-12-14 21:29:18 <@zhangliangming@ [com.happy.db.DBUtils:52 isTableExist] - songTbl 表已经存在!不用创建!>
2016-12-14 21:29:19 <@zhangliangming@ [com.happy.util.DataUtil:27 init] - 初始数据加载完成.....>
2016-12-14 21:29:19 <@zhangliangming@ [com.happy.service.MediaPlayerService:70 init] - 播放器服务启动>
2016-12-14 21:29:22 <@zhangliangming@ [com.happy.enterProgram.EnterProgram:61 init] - 启动界面完成>
2016-12-14 21:29:29 <@zhangliangming@ [com.happy.ui.MainFrame:166 exitPlayer] - 准备退出播放器>
2016-12-14 21:29:29 <@zhangliangming@ [com.happy.util.DataUtil:72 saveData] - 保存数据>
2016-12-14 21:29:30 <@zhangliangming@ [com.happy.ui.MainFrame:168 exitPlayer] - 退出成功>
2016-12-14 21:30:20 <@zhangliangming@ [com.happy.util.DataUtil:24 init] - 开始加载初始数据.....>
2016-12-14 21:30:24 <@zhangliangming@ [com.happy.db.DBUtils:52 isTableExist] - baseDataTbl 表已经存在!不用创建!>
2016-12-14 21:30:24 <@zhangliangming@ [com.happy.db.DBUtils:52 isTableExist] - tabVersionTbl 表已经存在!不用创建!>
2016-12-14 21:30:28 <@zhangliangming@ [com.happy.db.DBUtils:52 isTableExist] - categoryTbl 表已经存在!不用创建!>
2016-12-14 21:30:30 <@zhangliangming@ [com.happy.db.DBUtils:52 isTableExist] - songTbl 表已经存在!不用创建!>
2016-12-14 21:30:31 <@zhangliangming@ [com.happy.util.DataUtil:27 init] - 初始数据加载完成.....>
2016-12-14 21:30:31 <@zhangliangming@ [com.happy.service.MediaPlayerService:70 init] - 播放器服务启动>
2016-12-14 21:30:34 <@zhangliangming@ [com.happy.enterProgram.EnterProgram:61 init] - 启动界面完成>
2016-12-14 21:30:45 <@zhangliangming@ [com.happy.ui.MainFrame:166 exitPlayer] - 准备退出播放器>
2016-12-14 21:30:45 <@zhangliangming@ [com.happy.util.DataUtil:72 saveData] - 保存数据>
2016-12-14 21:30:47 <@zhangliangming@ [com.happy.ui.MainFrame:168 exitPlayer] - 退出成功>
2016-12-14 21:31:01 <@zhangliangming@ [com.happy.util.DataUtil:24 init] - 开始加载初始数据.....>
2016-12-14 21:31:02 <@zhangliangming@ [com.happy.db.DBUtils:52 isTableExist] - baseDataTbl 表已经存在!不用创建!>
2016-12-14 21:31:02 <@zhangliangming@ [com.happy.db.DBUtils:52 isTableExist] - tabVersionTbl 表已经存在!不用创建!>
2016-12-14 21:31:04 <@zhangliangming@ [com.happy.db.DBUtils:52 isTableExist] - categoryTbl 表已经存在!不用创建!>
2016-12-14 21:31:05 <@zhangliangming@ [com.happy.db.DBUtils:52 isTableExist] - songTbl 表已经存在!不用创建!>
2016-12-14 21:31:07 <@zhangliangming@ [com.happy.util.DataUtil:27 init] - 初始数据加载完成.....>
2016-12-14 21:31:07 <@zhangliangming@ [com.happy.service.MediaPlayerService:70 init] - 播放器服务启动>
2016-12-14 21:31:09 <@zhangliangming@ [com.happy.enterProgram.EnterProgram:61 init] - 启动界面完成>
2016-12-14 21:33:21 <@zhangliangming@ [com.happy.ui.MainFrame:166 exitPlayer] - 准备退出播放器>
2016-12-14 21:33:21 <@zhangliangming@ [com.happy.util.DataUtil:72 saveData] - 保存数据>
2016-12-14 21:33:23 <@zhangliangming@ [com.happy.ui.MainFrame:168 exitPlayer] - 退出成功>
2016-12-14 21:54:17 <@zhangliangming@ [com.happy.util.DataUtil:24 init] - 开始加载初始数据.....>
2016-12-14 21:54:19 <@zhangliangming@ [com.happy.db.DBUtils:52 isTableExist] - baseDataTbl 表已经存在!不用创建!>
2016-12-14 21:54:19 <@zhangliangming@ [com.happy.db.DBUtils:52 isTableExist] - tabVersionTbl 表已经存在!不用创建!>
2016-12-14 21:54:21 <@zhangliangming@ [com.happy.db.DBUtils:52 isTableExist] - categoryTbl 表已经存在!不用创建!>
2016-12-14 21:54:22 <@zhangliangming@ [com.happy.db.DBUtils:52 isTableExist] - songTbl 表已经存在!不用创建!>
2016-12-14 21:54:23 <@zhangliangming@ [com.happy.util.DataUtil:27 init] - 初始数据加载完成.....>
2016-12-14 21:54:23 <@zhangliangming@ [com.happy.service.MediaPlayerService:70 init] - 播放器服务启动>
2016-12-14 21:54:26 <@zhangliangming@ [com.happy.enterProgram.EnterProgram:61 init] - 启动界面完成>
2016-12-14 21:55:01 <@zhangliangming@ [com.happy.ui.MainFrame:173 exitPlayer] - 准备退出播放器>
2016-12-14 21:55:01 <@zhangliangming@ [com.happy.util.DataUtil:72 saveData] - 保存数据>
2016-12-14 21:55:07 <@zhangliangming@ [com.happy.ui.MainFrame:175 exitPlayer] - 退出成功>
2016-12-14 22:06:46 <@zhangliangming@ [com.happy.util.DataUtil:24 init] - 开始加载初始数据.....>
2016-12-14 22:06:48 <@zhangliangming@ [com.happy.db.DBUtils:52 isTableExist] - baseDataTbl 表已经存在!不用创建!>
2016-12-14 22:06:48 <@zhangliangming@ [com.happy.db.DBUtils:52 isTableExist] - tabVersionTbl 表已经存在!不用创建!>
2016-12-14 22:06:51 <@zhangliangming@ [com.happy.db.DBUtils:52 isTableExist] - categoryTbl 表已经存在!不用创建!>
2016-12-14 22:06:52 <@zhangliangming@ [com.happy.db.DBUtils:52 isTableExist] - songTbl 表已经存在!不用创建!>
2016-12-14 22:06:54 <@zhangliangming@ [com.happy.util.DataUtil:27 init] - 初始数据加载完成.....>
2016-12-14 22:06:54 <@zhangliangming@ [com.happy.service.MediaPlayerService:70 init] - 播放器服务启动>
2016-12-14 22:06:57 <@zhangliangming@ [com.happy.enterProgram.EnterProgram:61 init] - 启动界面完成>
2016-12-14 22:07:47 <@zhangliangming@ [com.happy.util.DataUtil:24 init] - 开始加载初始数据.....>
2016-12-14 22:07:49 <@zhangliangming@ [com.happy.db.DBUtils:52 isTableExist] - baseDataTbl 表已经存在!不用创建!>
2016-12-14 22:07:49 <@zhangliangming@ [com.happy.db.DBUtils:52 isTableExist] - tabVersionTbl 表已经存在!不用创建!>
2016-12-14 22:07:51 <@zhangliangming@ [com.happy.db.DBUtils:52 isTableExist] - categoryTbl 表已经存在!不用创建!>
2016-12-14 22:07:52 <@zhangliangming@ [com.happy.db.DBUtils:52 isTableExist] - songTbl 表已经存在!不用创建!>
2016-12-14 22:07:54 <@zhangliangming@ [com.happy.util.DataUtil:27 init] - 初始数据加载完成.....>
2016-12-14 22:07:54 <@zhangliangming@ [com.happy.service.MediaPlayerService:70 init] - 播放器服务启动>
2016-12-14 22:07:57 <@zhangliangming@ [com.happy.enterProgram.EnterProgram:61 init] - 启动界面完成>
2016-12-14 22:08:33 <@zhangliangming@ [com.happy.util.DataUtil:24 init] - 开始加载初始数据.....>
2016-12-14 22:08:35 <@zhangliangming@ [com.happy.db.DBUtils:52 isTableExist] - baseDataTbl 表已经存在!不用创建!>
2016-12-14 22:08:35 <@zhangliangming@ [com.happy.db.DBUtils:52 isTableExist] - tabVersionTbl 表已经存在!不用创建!>
2016-12-14 22:08:36 <@zhangliangming@ [com.happy.db.DBUtils:52 isTableExist] - categoryTbl 表已经存在!不用创建!>
2016-12-14 22:08:38 <@zhangliangming@ [com.happy.db.DBUtils:52 isTableExist] - songTbl 表已经存在!不用创建!>
2016-12-14 22:08:40 <@zhangliangming@ [com.happy.util.DataUtil:27 init] - 初始数据加载完成.....>
2016-12-14 22:08:40 <@zhangliangming@ [com.happy.service.MediaPlayerService:70 init] - 播放器服务启动>
2016-12-14 22:08:43 <@zhangliangming@ [com.happy.enterProgram.EnterProgram:61 init] - 启动界面完成>
2016-12-14 22:09:16 <@zhangliangming@ [com.happy.ui.MainFrame:186 exitPlayer] - 准备退出播放器>
2016-12-14 22:09:16 <@zhangliangming@ [com.happy.util.DataUtil:72 saveData] - 保存数据>
2016-12-14 22:09:17 <@zhangliangming@ [com.happy.ui.MainFrame:188 exitPlayer] - 退出成功>
2016-12-14 22:10:34 <@zhangliangming@ [com.happy.util.DataUtil:24 init] - 开始加载初始数据.....>
2016-12-14 22:10:35 <@zhangliangming@ [com.happy.db.DBUtils:52 isTableExist] - baseDataTbl 表已经存在!不用创建!>
2016-12-14 22:10:35 <@zhangliangming@ [com.happy.db.DBUtils:52 isTableExist] - tabVersionTbl 表已经存在!不用创建!>
2016-12-14 22:10:37 <@zhangliangming@ [com.happy.db.DBUtils:52 isTableExist] - categoryTbl 表已经存在!不用创建!>
2016-12-14 22:10:38 <@zhangliangming@ [com.happy.db.DBUtils:52 isTableExist] - songTbl 表已经存在!不用创建!>
2016-12-14 22:10:40 <@zhangliangming@ [com.happy.util.DataUtil:27 init] - 初始数据加载完成.....>
2016-12-14 22:10:40 <@zhangliangming@ [com.happy.service.MediaPlayerService:70 init] - 播放器服务启动>
2016-12-14 22:10:42 <@zhangliangming@ [com.happy.enterProgram.EnterProgram:61 init] - 启动界面完成>
2016-12-14 22:10:51 <@zhangliangming@ [com.happy.ui.MainFrame:186 exitPlayer] - 准备退出播放器>
2016-12-14 22:10:51 <@zhangliangming@ [com.happy.util.DataUtil:72 saveData] - 保存数据>
2016-12-14 22:10:53 <@zhangliangming@ [com.happy.ui.MainFrame:188 exitPlayer] - 退出成功>
2016-12-14 22:11:04 <@zhangliangming@ [com.happy.util.DataUtil:24 init] - 开始加载初始数据.....>
2016-12-14 22:11:06 <@zhangliangming@ [com.happy.db.DBUtils:52 isTableExist] - baseDataTbl 表已经存在!不用创建!>
2016-12-14 22:11:06 <@zhangliangming@ [com.happy.db.DBUtils:52 isTableExist] - tabVersionTbl 表已经存在!不用创建!>
2016-12-14 22:11:08 <@zhangliangming@ [com.happy.db.DBUtils:52 isTableExist] - categoryTbl 表已经存在!不用创建!>
2016-12-14 22:11:09 <@zhangliangming@ [com.happy.db.DBUtils:52 isTableExist] - songTbl 表已经存在!不用创建!>
2016-12-14 22:11:11 <@zhangliangming@ [com.happy.util.DataUtil:27 init] - 初始数据加载完成.....>
2016-12-14 22:11:11 <@zhangliangming@ [com.happy.service.MediaPlayerService:70 init] - 播放器服务启动>
2016-12-14 22:11:14 <@zhangliangming@ [com.happy.enterProgram.EnterProgram:61 init] - 启动界面完成>
2016-12-14 22:13:25 <@zhangliangming@ [com.happy.util.DataUtil:24 init] - 开始加载初始数据.....>
2016-12-14 22:13:27 <@zhangliangming@ [com.happy.db.DBUtils:52 isTableExist] - baseDataTbl 表已经存在!不用创建!>
2016-12-14 22:13:27 <@zhangliangming@ [com.happy.db.DBUtils:52 isTableExist] - tabVersionTbl 表已经存在!不用创建!>
2016-12-14 22:13:30 <@zhangliangming@ [com.happy.db.DBUtils:52 isTableExist] - categoryTbl 表已经存在!不用创建!>
2016-12-14 22:13:32 <@zhangliangming@ [com.happy.db.DBUtils:52 isTableExist] - songTbl 表已经存在!不用创建!>
2016-12-14 22:13:33 <@zhangliangming@ [com.happy.util.DataUtil:27 init] - 初始数据加载完成.....>
2016-12-14 22:13:33 <@zhangliangming@ [com.happy.service.MediaPlayerService:70 init] - 播放器服务启动>
2016-12-14 22:13:37 <@zhangliangming@ [com.happy.enterProgram.EnterProgram:61 init] - 启动界面完成>
2016-12-14 22:14:46 <@zhangliangming@ [com.happy.ui.MainFrame:186 exitPlayer] - 准备退出播放器>
2016-12-14 22:14:46 <@zhangliangming@ [com.happy.util.DataUtil:72 saveData] - 保存数据>
2016-12-14 22:14:47 <@zhangliangming@ [com.happy.ui.MainFrame:188 exitPlayer] - 退出成功>
2016-12-14 22:15:16 <@zhangliangming@ [com.happy.util.DataUtil:24 init] - 开始加载初始数据.....>
2016-12-14 22:15:18 <@zhangliangming@ [com.happy.db.DBUtils:52 isTableExist] - baseDataTbl 表已经存在!不用创建!>
2016-12-14 22:15:18 <@zhangliangming@ [com.happy.db.DBUtils:52 isTableExist] - tabVersionTbl 表已经存在!不用创建!>
2016-12-14 22:15:22 <@zhangliangming@ [com.happy.db.DBUtils:52 isTableExist] - categoryTbl 表已经存在!不用创建!>
2016-12-14 22:15:25 <@zhangliangming@ [com.happy.db.DBUtils:52 isTableExist] - songTbl 表已经存在!不用创建!>
2016-12-14 22:15:27 <@zhangliangming@ [com.happy.util.DataUtil:27 init] - 初始数据加载完成.....>
2016-12-14 22:15:27 <@zhangliangming@ [com.happy.service.MediaPlayerService:70 init] - 播放器服务启动>
2016-12-14 22:15:30 <@zhangliangming@ [com.happy.enterProgram.EnterProgram:61 init] - 启动界面完成>
2016-12-14 22:15:42 <@zhangliangming@ [com.happy.ui.MainFrame:186 exitPlayer] - 准备退出播放器>
2016-12-14 22:15:42 <@zhangliangming@ [com.happy.util.DataUtil:72 saveData] - 保存数据>
2016-12-14 22:15:44 <@zhangliangming@ [com.happy.ui.MainFrame:188 exitPlayer] - 退出成功>
2016-12-14 22:21:59 <@zhangliangming@ [com.happy.util.DataUtil:24 init] - 开始加载初始数据.....>
2016-12-14 22:22:02 <@zhangliangming@ [com.happy.db.DBUtils:52 isTableExist] - baseDataTbl 表已经存在!不用创建!>
2016-12-14 22:22:02 <@zhangliangming@ [com.happy.db.DBUtils:52 isTableExist] - tabVersionTbl 表已经存在!不用创建!>
2016-12-14 22:22:04 <@zhangliangming@ [com.happy.db.DBUtils:52 isTableExist] - categoryTbl 表已经存在!不用创建!>
2016-12-14 22:22:05 <@zhangliangming@ [com.happy.db.DBUtils:52 isTableExist] - songTbl 表已经存在!不用创建!>
2016-12-14 22:22:06 <@zhangliangming@ [com.happy.util.DataUtil:27 init] - 初始数据加载完成.....>
2016-12-14 22:22:06 <@zhangliangming@ [com.happy.service.MediaPlayerService:70 init] - 播放器服务启动>
2016-12-14 22:22:09 <@zhangliangming@ [com.happy.enterProgram.EnterProgram:61 init] - 启动界面完成>
2016-12-14 22:24:18 <@zhangliangming@ [com.happy.ui.MainFrame:187 exitPlayer] - 准备退出播放器>
2016-12-14 22:24:18 <@zhangliangming@ [com.happy.util.DataUtil:72 saveData] - 保存数据>
2016-12-14 22:24:19 <@zhangliangming@ [com.happy.ui.MainFrame:189 exitPlayer] - 退出成功>
2016-12-14 22:24:44 <@zhangliangming@ [com.happy.util.DataUtil:24 init] - 开始加载初始数据.....>
2016-12-14 22:24:47 <@zhangliangming@ [com.happy.db.DBUtils:52 isTableExist] - baseDataTbl 表已经存在!不用创建!>
2016-12-14 22:24:47 <@zhangliangming@ [com.happy.db.DBUtils:52 isTableExist] - tabVersionTbl 表已经存在!不用创建!>
2016-12-14 22:24:49 <@zhangliangming@ [com.happy.db.DBUtils:52 isTableExist] - categoryTbl 表已经存在!不用创建!>
2016-12-14 22:24:51 <@zhangliangming@ [com.happy.db.DBUtils:52 isTableExist] - songTbl 表已经存在!不用创建!>
2016-12-14 22:24:54 <@zhangliangming@ [com.happy.util.DataUtil:27 init] - 初始数据加载完成.....>
2016-12-14 22:24:54 <@zhangliangming@ [com.happy.service.MediaPlayerService:70 init] - 播放器服务启动>
2016-12-14 22:24:57 <@zhangliangming@ [com.happy.enterProgram.EnterProgram:61 init] - 启动界面完成>
2016-12-14 23:17:35 <@zhangliangming@ [com.happy.util.DataUtil:24 init] - 开始加载初始数据.....>
2016-12-14 23:17:37 <@zhangliangming@ [com.happy.db.DBUtils:52 isTableExist] - baseDataTbl 表已经存在!不用创建!>
2016-12-14 23:17:37 <@zhangliangming@ [com.happy.db.DBUtils:52 isTableExist] - tabVersionTbl 表已经存在!不用创建!>
2016-12-14 23:17:39 <@zhangliangming@ [com.happy.db.DBUtils:52 isTableExist] - categoryTbl 表已经存在!不用创建!>
2016-12-14 23:17:41 <@zhangliangming@ [com.happy.db.DBUtils:52 isTableExist] - songTbl 表已经存在!不用创建!>
2016-12-14 23:17:43 <@zhangliangming@ [com.happy.util.DataUtil:27 init] - 初始数据加载完成.....>
2016-12-14 23:17:43 <@zhangliangming@ [com.happy.service.MediaPlayerService:70 init] - 播放器服务启动>
2016-12-14 23:17:47 <@zhangliangming@ [com.happy.enterProgram.EnterProgram:61 init] - 启动界面完成>
2016-12-14 23:19:37 <@zhangliangming@ [com.happy.util.DataUtil:24 init] - 开始加载初始数据.....>
2016-12-14 23:19:40 <@zhangliangming@ [com.happy.db.DBUtils:52 isTableExist] - baseDataTbl 表已经存在!不用创建!>
2016-12-14 23:19:40 <@zhangliangming@ [com.happy.db.DBUtils:52 isTableExist] - tabVersionTbl 表已经存在!不用创建!>
2016-12-14 23:19:42 <@zhangliangming@ [com.happy.db.DBUtils:52 isTableExist] - categoryTbl 表已经存在!不用创建!>
2016-12-14 23:19:43 <@zhangliangming@ [com.happy.db.DBUtils:52 isTableExist] - songTbl 表已经存在!不用创建!>
2016-12-14 23:19:45 <@zhangliangming@ [com.happy.util.DataUtil:27 init] - 初始数据加载完成.....>
2016-12-14 23:19:45 <@zhangliangming@ [com.happy.service.MediaPlayerService:70 init] - 播放器服务启动>
2016-12-14 23:19:49 <@zhangliangming@ [com.happy.enterProgram.EnterProgram:61 init] - 启动界面完成>
2016-12-14 23:19:51 <@zhangliangming@ [com.happy.ui.MainFrame:187 exitPlayer] - 准备退出播放器>
2016-12-14 23:19:51 <@zhangliangming@ [com.happy.util.DataUtil:72 saveData] - 保存数据>
2016-12-14 23:19:54 <@zhangliangming@ [com.happy.ui.MainFrame:189 exitPlayer] - 退出成功>
2016-12-14 23:20:50 <@zhangliangming@ [com.happy.util.DataUtil:24 init] - 开始加载初始数据.....>
2016-12-14 23:20:52 <@zhangliangming@ [com.happy.db.DBUtils:52 isTableExist] - baseDataTbl 表已经存在!不用创建!>
2016-12-14 23:20:52 <@zhangliangming@ [com.happy.db.DBUtils:52 isTableExist] - tabVersionTbl 表已经存在!不用创建!>
2016-12-14 23:20:54 <@zhangliangming@ [com.happy.db.DBUtils:52 isTableExist] - categoryTbl 表已经存在!不用创建!>
2016-12-14 23:20:56 <@zhangliangming@ [com.happy.db.DBUtils:52 isTableExist] - songTbl 表已经存在!不用创建!>
2016-12-14 23:20:58 <@zhangliangming@ [com.happy.util.DataUtil:27 init] - 初始数据加载完成.....>
2016-12-14 23:20:58 <@zhangliangming@ [com.happy.service.MediaPlayerService:70 init] - 播放器服务启动>
2016-12-14 23:21:02 <@zhangliangming@ [com.happy.enterProgram.EnterProgram:61 init] - 启动界面完成>
2016-12-14 23:21:58 <@zhangliangming@ [com.happy.util.DataUtil:24 init] - 开始加载初始数据.....>
2016-12-14 23:22:00 <@zhangliangming@ [com.happy.db.DBUtils:52 isTableExist] - baseDataTbl 表已经存在!不用创建!>
2016-12-14 23:22:00 <@zhangliangming@ [com.happy.db.DBUtils:52 isTableExist] - tabVersionTbl 表已经存在!不用创建!>
2016-12-14 23:22:01 <@zhangliangming@ [com.happy.db.DBUtils:52 isTableExist] - categoryTbl 表已经存在!不用创建!>
2016-12-14 23:22:03 <@zhangliangming@ [com.happy.db.DBUtils:52 isTableExist] - songTbl 表已经存在!不用创建!>
2016-12-14 23:22:05 <@zhangliangming@ [com.happy.util.DataUtil:27 init] - 初始数据加载完成.....>
2016-12-14 23:22:05 <@zhangliangming@ [com.happy.service.MediaPlayerService:70 init] - 播放器服务启动>
2016-12-14 23:22:08 <@zhangliangming@ [com.happy.enterProgram.EnterProgram:61 init] - 启动界面完成>
2016-12-14 23:22:55 <@zhangliangming@ [com.happy.util.DataUtil:24 init] - 开始加载初始数据.....>
2016-12-14 23:22:58 <@zhangliangming@ [com.happy.db.DBUtils:52 isTableExist] - baseDataTbl 表已经存在!不用创建!>
2016-12-14 23:22:58 <@zhangliangming@ [com.happy.db.DBUtils:52 isTableExist] - tabVersionTbl 表已经存在!不用创建!>
2016-12-14 23:23:01 <@zhangliangming@ [com.happy.db.DBUtils:52 isTableExist] - categoryTbl 表已经存在!不用创建!>
2016-12-14 23:23:02 <@zhangliangming@ [com.happy.db.DBUtils:52 isTableExist] - songTbl 表已经存在!不用创建!>
2016-12-14 23:23:05 <@zhangliangming@ [com.happy.util.DataUtil:27 init] - 初始数据加载完成.....>
2016-12-14 23:23:05 <@zhangliangming@ [com.happy.service.MediaPlayerService:70 init] - 播放器服务启动>
2016-12-14 23:23:08 <@zhangliangming@ [com.happy.enterProgram.EnterProgram:61 init] - 启动界面完成>
2016-12-14 23:37:23 <@zhangliangming@ [com.happy.util.DataUtil:24 init] - 开始加载初始数据.....>
2016-12-14 23:37:25 <@zhangliangming@ [com.happy.db.DBUtils:52 isTableExist] - baseDataTbl 表已经存在!不用创建!>
2016-12-14 23:37:25 <@zhangliangming@ [com.happy.db.DBUtils:52 isTableExist] - tabVersionTbl 表已经存在!不用创建!>
2016-12-14 23:37:27 <@zhangliangming@ [com.happy.db.DBUtils:52 isTableExist] - categoryTbl 表已经存在!不用创建!>
2016-12-14 23:37:28 <@zhangliangming@ [com.happy.db.DBUtils:52 isTableExist] - songTbl 表已经存在!不用创建!>
2016-12-14 23:37:31 <@zhangliangming@ [com.happy.util.DataUtil:27 init] - 初始数据加载完成.....>
2016-12-14 23:37:31 <@zhangliangming@ [com.happy.service.MediaPlayerService:70 init] - 播放器服务启动>
2016-12-14 23:37:33 <@zhangliangming@ [com.happy.enterProgram.EnterProgram:61 init] - 启动界面完成>
2016-12-14 23:38:55 <@zhangliangming@ [com.happy.ui.MainFrame:187 exitPlayer] - 准备退出播放器>
2016-12-14 23:38:55 <@zhangliangming@ [com.happy.util.DataUtil:72 saveData] - 保存数据>
2016-12-14 23:38:56 <@zhangliangming@ [com.happy.ui.MainFrame:189 exitPlayer] - 退出成功>
2016-12-14 23:41:16 <@zhangliangming@ [com.happy.util.DataUtil:24 init] - 开始加载初始数据.....>
2016-12-14 23:41:18 <@zhangliangming@ [com.happy.db.DBUtils:52 isTableExist] - baseDataTbl 表已经存在!不用创建!>
2016-12-14 23:41:18 <@zhangliangming@ [com.happy.db.DBUtils:52 isTableExist] - tabVersionTbl 表已经存在!不用创建!>
2016-12-14 23:41:20 <@zhangliangming@ [com.happy.db.DBUtils:52 isTableExist] - categoryTbl 表已经存在!不用创建!>
2016-12-14 23:41:21 <@zhangliangming@ [com.happy.db.DBUtils:52 isTableExist] - songTbl 表已经存在!不用创建!>
2016-12-14 23:41:22 <@zhangliangming@ [com.happy.util.DataUtil:27 init] - 初始数据加载完成.....>
2016-12-14 23:41:22 <@zhangliangming@ [com.happy.service.MediaPlayerService:70 init] - 播放器服务启动>
2016-12-14 23:41:25 <@zhangliangming@ [com.happy.enterProgram.EnterProgram:61 init] - 启动界面完成>
2016-12-14 23:41:44 <@zhangliangming@ [com.happy.ui.MainFrame:187 exitPlayer] - 准备退出播放器>
2016-12-14 23:41:44 <@zhangliangming@ [com.happy.util.DataUtil:72 saveData] - 保存数据>
2016-12-14 23:41:46 <@zhangliangming@ [com.happy.ui.MainFrame:189 exitPlayer] - 退出成功>
