2017-09-22 00:10:15 <@zhangliangming@ [com.happy.util.DataUtil:24 init] - 开始加载初始数据.....>
2017-09-22 00:10:37 <@zhangliangming@ [com.happy.util.DataUtil:27 init] - 初始数据加载完成.....>
2017-09-22 00:10:37 <@zhangliangming@ [com.happy.service.MediaPlayerService:70 init] - 播放器服务启动>
2017-09-22 00:10:39 <@zhangliangming@ [com.happy.enterProgram.EnterProgram:61 init] - 启动界面完成>
2017-09-22 00:11:12 <@zhangliangming@ [com.happy.ui.MainFrame:190 exitPlayer] - 准备退出播放器>
2017-09-22 00:11:12 <@zhangliangming@ [com.happy.util.DataUtil:72 saveData] - 保存数据>
2017-09-22 00:11:13 <@zhangliangming@ [com.happy.ui.MainFrame:192 exitPlayer] - 退出成功>
2017-09-22 00:11:52 <@zhangliangming@ [com.happy.util.DataUtil:24 init] - 开始加载初始数据.....>
2017-09-22 00:12:18 <@zhangliangming@ [com.happy.util.DataUtil:27 init] - 初始数据加载完成.....>
2017-09-22 00:12:18 <@zhangliangming@ [com.happy.service.MediaPlayerService:70 init] - 播放器服务启动>
2017-09-22 00:12:21 <@zhangliangming@ [com.happy.enterProgram.EnterProgram:61 init] - 启动界面完成>
2017-09-22 00:32:34 <@zhangliangming@ [com.happy.util.DataUtil:24 init] - 开始加载初始数据.....>
2017-09-22 00:32:35 <@zhangliangming@ [com.happy.db.DBUtils:52 isTableExist] - baseDataTbl 表已经存在!不用创建!>
2017-09-22 00:32:35 <@zhangliangming@ [com.happy.db.DBUtils:52 isTableExist] - tabVersionTbl 表已经存在!不用创建!>
2017-09-22 00:32:37 <@zhangliangming@ [com.happy.db.DBUtils:52 isTableExist] - categoryTbl 表已经存在!不用创建!>
2017-09-22 00:32:39 <@zhangliangming@ [com.happy.db.DBUtils:52 isTableExist] - songTbl 表已经存在!不用创建!>
2017-09-22 00:32:39 <@zhangliangming@ [com.happy.util.DataUtil:27 init] - 初始数据加载完成.....>
2017-09-22 00:32:40 <@zhangliangming@ [com.happy.service.MediaPlayerService:70 init] - 播放器服务启动>
2017-09-22 00:32:43 <@zhangliangming@ [com.happy.enterProgram.EnterProgram:61 init] - 启动界面完成>
2017-09-22 00:33:27 <@zhangliangming@ [com.happy.ui.MainFrame:190 exitPlayer] - 准备退出播放器>
2017-09-22 00:33:27 <@zhangliangming@ [com.happy.util.DataUtil:72 saveData] - 保存数据>
2017-09-22 00:33:29 <@zhangliangming@ [com.happy.ui.MainFrame:192 exitPlayer] - 退出成功>
2017-09-22 00:33:29 <@zhangliangming@ [com.happy.ui.MainFrame:190 exitPlayer] - 准备退出播放器>
2017-09-22 00:33:29 <@zhangliangming@ [com.happy.util.DataUtil:72 saveData] - 保存数据>
2017-09-22 00:33:30 <@zhangliangming@ [com.happy.ui.MainFrame:192 exitPlayer] - 退出成功>
2017-09-22 00:33:35 <@zhangliangming@ [com.happy.util.DataUtil:24 init] - 开始加载初始数据.....>
2017-09-22 00:33:36 <@zhangliangming@ [com.happy.db.DBUtils:52 isTableExist] - baseDataTbl 表已经存在!不用创建!>
2017-09-22 00:33:36 <@zhangliangming@ [com.happy.db.DBUtils:52 isTableExist] - tabVersionTbl 表已经存在!不用创建!>
2017-09-22 00:33:38 <@zhangliangming@ [com.happy.db.DBUtils:52 isTableExist] - categoryTbl 表已经存在!不用创建!>
2017-09-22 00:33:39 <@zhangliangming@ [com.happy.db.DBUtils:52 isTableExist] - songTbl 表已经存在!不用创建!>
2017-09-22 00:33:40 <@zhangliangming@ [com.happy.util.DataUtil:27 init] - 初始数据加载完成.....>
2017-09-22 00:33:40 <@zhangliangming@ [com.happy.service.MediaPlayerService:70 init] - 播放器服务启动>
2017-09-22 00:33:41 <@zhangliangming@ [com.happy.enterProgram.EnterProgram:61 init] - 启动界面完成>
2017-09-22 00:35:27 <@zhangliangming@ [com.happy.ui.MainFrame:190 exitPlayer] - 准备退出播放器>
2017-09-22 00:35:27 <@zhangliangming@ [com.happy.util.DataUtil:72 saveData] - 保存数据>
2017-09-22 00:35:29 <@zhangliangming@ [com.happy.ui.MainFrame:192 exitPlayer] - 退出成功>
2017-09-22 00:35:31 <@zhangliangming@ [com.happy.util.DataUtil:24 init] - 开始加载初始数据.....>
2017-09-22 00:35:32 <@zhangliangming@ [com.happy.db.DBUtils:52 isTableExist] - baseDataTbl 表已经存在!不用创建!>
2017-09-22 00:35:32 <@zhangliangming@ [com.happy.db.DBUtils:52 isTableExist] - tabVersionTbl 表已经存在!不用创建!>
2017-09-22 00:35:34 <@zhangliangming@ [com.happy.db.DBUtils:52 isTableExist] - categoryTbl 表已经存在!不用创建!>
2017-09-22 00:35:35 <@zhangliangming@ [com.happy.db.DBUtils:52 isTableExist] - songTbl 表已经存在!不用创建!>
2017-09-22 00:35:36 <@zhangliangming@ [com.happy.util.DataUtil:27 init] - 初始数据加载完成.....>
2017-09-22 00:35:36 <@zhangliangming@ [com.happy.service.MediaPlayerService:70 init] - 播放器服务启动>
2017-09-22 00:35:38 <@zhangliangming@ [com.happy.enterProgram.EnterProgram:61 init] - 启动界面完成>
2017-09-22 00:36:31 <@zhangliangming@ [com.happy.ui.MainFrame:190 exitPlayer] - 准备退出播放器>
2017-09-22 00:36:31 <@zhangliangming@ [com.happy.util.DataUtil:72 saveData] - 保存数据>
2017-09-22 00:36:32 <@zhangliangming@ [com.happy.ui.MainFrame:192 exitPlayer] - 退出成功>
2017-09-22 00:36:38 <@zhangliangming@ [com.happy.util.DataUtil:24 init] - 开始加载初始数据.....>
2017-09-22 00:36:39 <@zhangliangming@ [com.happy.db.DBUtils:52 isTableExist] - baseDataTbl 表已经存在!不用创建!>
2017-09-22 00:36:39 <@zhangliangming@ [com.happy.db.DBUtils:52 isTableExist] - tabVersionTbl 表已经存在!不用创建!>
2017-09-22 00:36:42 <@zhangliangming@ [com.happy.db.DBUtils:52 isTableExist] - categoryTbl 表已经存在!不用创建!>
2017-09-22 00:36:43 <@zhangliangming@ [com.happy.db.DBUtils:52 isTableExist] - songTbl 表已经存在!不用创建!>
2017-09-22 00:36:44 <@zhangliangming@ [com.happy.util.DataUtil:27 init] - 初始数据加载完成.....>
2017-09-22 00:36:44 <@zhangliangming@ [com.happy.service.MediaPlayerService:70 init] - 播放器服务启动>
2017-09-22 00:36:46 <@zhangliangming@ [com.happy.enterProgram.EnterProgram:61 init] - 启动界面完成>
2017-09-22 00:55:24 <@zhangliangming@ [com.happy.util.DataUtil:24 init] - 开始加载初始数据.....>
2017-09-22 00:55:25 <@zhangliangming@ [com.happy.db.DBUtils:52 isTableExist] - baseDataTbl 表已经存在!不用创建!>
2017-09-22 00:55:25 <@zhangliangming@ [com.happy.db.DBUtils:52 isTableExist] - tabVersionTbl 表已经存在!不用创建!>
2017-09-22 00:55:28 <@zhangliangming@ [com.happy.db.DBUtils:52 isTableExist] - categoryTbl 表已经存在!不用创建!>
2017-09-22 00:55:29 <@zhangliangming@ [com.happy.db.DBUtils:52 isTableExist] - songTbl 表已经存在!不用创建!>
2017-09-22 00:55:30 <@zhangliangming@ [com.happy.util.DataUtil:27 init] - 初始数据加载完成.....>
2017-09-22 00:55:30 <@zhangliangming@ [com.happy.service.MediaPlayerService:70 init] - 播放器服务启动>
2017-09-22 00:55:32 <@zhangliangming@ [com.happy.enterProgram.EnterProgram:61 init] - 启动界面完成>
2017-09-22 00:57:07 <@zhangliangming@ [com.happy.ui.MainFrame:190 exitPlayer] - 准备退出播放器>
2017-09-22 00:57:07 <@zhangliangming@ [com.happy.util.DataUtil:72 saveData] - 保存数据>
2017-09-22 00:57:09 <@zhangliangming@ [com.happy.ui.MainFrame:192 exitPlayer] - 退出成功>
2017-09-22 01:04:03 <@zhangliangming@ [com.happy.util.DataUtil:24 init] - 开始加载初始数据.....>
2017-09-22 01:04:04 <@zhangliangming@ [com.happy.db.DBUtils:52 isTableExist] - baseDataTbl 表已经存在!不用创建!>
2017-09-22 01:04:04 <@zhangliangming@ [com.happy.db.DBUtils:52 isTableExist] - tabVersionTbl 表已经存在!不用创建!>
2017-09-22 01:04:06 <@zhangliangming@ [com.happy.db.DBUtils:52 isTableExist] - categoryTbl 表已经存在!不用创建!>
2017-09-22 01:04:07 <@zhangliangming@ [com.happy.db.DBUtils:52 isTableExist] - songTbl 表已经存在!不用创建!>
2017-09-22 01:04:08 <@zhangliangming@ [com.happy.util.DataUtil:27 init] - 初始数据加载完成.....>
2017-09-22 01:04:08 <@zhangliangming@ [com.happy.service.MediaPlayerService:70 init] - 播放器服务启动>
2017-09-22 01:04:11 <@zhangliangming@ [com.happy.enterProgram.EnterProgram:61 init] - 启动界面完成>
2017-09-22 01:05:38 <@zhangliangming@ [com.happy.ui.MainFrame:190 exitPlayer] - 准备退出播放器>
2017-09-22 01:05:38 <@zhangliangming@ [com.happy.util.DataUtil:72 saveData] - 保存数据>
2017-09-22 01:05:39 <@zhangliangming@ [com.happy.ui.MainFrame:192 exitPlayer] - 退出成功>
2017-09-22 01:09:24 <@zhangliangming@ [com.happy.util.DataUtil:24 init] - 开始加载初始数据.....>
2017-09-22 01:09:25 <@zhangliangming@ [com.happy.db.DBUtils:52 isTableExist] - baseDataTbl 表已经存在!不用创建!>
2017-09-22 01:09:25 <@zhangliangming@ [com.happy.db.DBUtils:52 isTableExist] - tabVersionTbl 表已经存在!不用创建!>
2017-09-22 01:09:27 <@zhangliangming@ [com.happy.db.DBUtils:52 isTableExist] - categoryTbl 表已经存在!不用创建!>
2017-09-22 01:09:29 <@zhangliangming@ [com.happy.db.DBUtils:52 isTableExist] - songTbl 表已经存在!不用创建!>
2017-09-22 01:09:29 <@zhangliangming@ [com.happy.util.DataUtil:27 init] - 初始数据加载完成.....>
2017-09-22 01:09:29 <@zhangliangming@ [com.happy.service.MediaPlayerService:70 init] - 播放器服务启动>
2017-09-22 01:09:32 <@zhangliangming@ [com.happy.enterProgram.EnterProgram:61 init] - 启动界面完成>
2017-09-22 01:11:44 <@zhangliangming@ [com.happy.ui.MainFrame:190 exitPlayer] - 准备退出播放器>
2017-09-22 01:11:44 <@zhangliangming@ [com.happy.util.DataUtil:72 saveData] - 保存数据>
2017-09-22 01:11:45 <@zhangliangming@ [com.happy.ui.MainFrame:192 exitPlayer] - 退出成功>
2017-09-22 01:11:46 <@zhangliangming@ [com.happy.util.DataUtil:24 init] - 开始加载初始数据.....>
2017-09-22 01:11:47 <@zhangliangming@ [com.happy.db.DBUtils:52 isTableExist] - baseDataTbl 表已经存在!不用创建!>
2017-09-22 01:11:47 <@zhangliangming@ [com.happy.db.DBUtils:52 isTableExist] - tabVersionTbl 表已经存在!不用创建!>
2017-09-22 01:11:49 <@zhangliangming@ [com.happy.db.DBUtils:52 isTableExist] - categoryTbl 表已经存在!不用创建!>
2017-09-22 01:11:50 <@zhangliangming@ [com.happy.db.DBUtils:52 isTableExist] - songTbl 表已经存在!不用创建!>
2017-09-22 01:11:52 <@zhangliangming@ [com.happy.util.DataUtil:27 init] - 初始数据加载完成.....>
2017-09-22 01:11:52 <@zhangliangming@ [com.happy.service.MediaPlayerService:70 init] - 播放器服务启动>
2017-09-22 01:11:55 <@zhangliangming@ [com.happy.enterProgram.EnterProgram:61 init] - 启动界面完成>
2017-09-22 02:08:28 <@zhangliangming@ [com.happy.util.DataUtil:24 init] - 开始加载初始数据.....>
2017-09-22 02:08:29 <@zhangliangming@ [com.happy.db.DBUtils:52 isTableExist] - baseDataTbl 表已经存在!不用创建!>
2017-09-22 02:08:29 <@zhangliangming@ [com.happy.db.DBUtils:52 isTableExist] - tabVersionTbl 表已经存在!不用创建!>
2017-09-22 02:08:32 <@zhangliangming@ [com.happy.db.DBUtils:52 isTableExist] - categoryTbl 表已经存在!不用创建!>
2017-09-22 02:08:33 <@zhangliangming@ [com.happy.db.DBUtils:52 isTableExist] - songTbl 表已经存在!不用创建!>
2017-09-22 02:08:34 <@zhangliangming@ [com.happy.util.DataUtil:27 init] - 初始数据加载完成.....>
2017-09-22 02:08:34 <@zhangliangming@ [com.happy.service.MediaPlayerService:70 init] - 播放器服务启动>
2017-09-22 02:08:36 <@zhangliangming@ [com.happy.enterProgram.EnterProgram:61 init] - 启动界面完成>
2017-09-22 02:09:40 <@zhangliangming@ [com.happy.ui.MainFrame:190 exitPlayer] - 准备退出播放器>
2017-09-22 02:09:40 <@zhangliangming@ [com.happy.util.DataUtil:72 saveData] - 保存数据>
2017-09-22 02:09:42 <@zhangliangming@ [com.happy.ui.MainFrame:192 exitPlayer] - 退出成功>
2017-09-22 21:02:46 <@zhangliangming@ [com.happy.util.DataUtil:24 init] - 开始加载初始数据.....>
2017-09-22 21:02:50 <@zhangliangming@ [com.happy.db.DBUtils:52 isTableExist] - baseDataTbl 表已经存在!不用创建!>
2017-09-22 21:02:50 <@zhangliangming@ [com.happy.db.DBUtils:52 isTableExist] - tabVersionTbl 表已经存在!不用创建!>
2017-09-22 21:02:52 <@zhangliangming@ [com.happy.db.DBUtils:52 isTableExist] - categoryTbl 表已经存在!不用创建!>
2017-09-22 21:02:53 <@zhangliangming@ [com.happy.db.DBUtils:52 isTableExist] - songTbl 表已经存在!不用创建!>
2017-09-22 21:02:53 <@zhangliangming@ [com.happy.util.DataUtil:27 init] - 初始数据加载完成.....>
2017-09-22 21:02:53 <@zhangliangming@ [com.happy.service.MediaPlayerService:70 init] - 播放器服务启动>
2017-09-22 21:02:59 <@zhangliangming@ [com.happy.enterProgram.EnterProgram:67 init] - 启动界面完成>
2017-09-22 21:03:13 <@zhangliangming@ [com.happy.ui.MainFrame:190 exitPlayer] - 准备退出播放器>
2017-09-22 21:03:13 <@zhangliangming@ [com.happy.util.DataUtil:72 saveData] - 保存数据>
2017-09-22 21:03:14 <@zhangliangming@ [com.happy.ui.MainFrame:192 exitPlayer] - 退出成功>
2017-09-22 21:05:09 <@zhangliangming@ [com.happy.util.DataUtil:24 init] - 开始加载初始数据.....>
2017-09-22 21:05:11 <@zhangliangming@ [com.happy.db.DBUtils:52 isTableExist] - baseDataTbl 表已经存在!不用创建!>
2017-09-22 21:05:11 <@zhangliangming@ [com.happy.db.DBUtils:52 isTableExist] - tabVersionTbl 表已经存在!不用创建!>
2017-09-22 21:05:12 <@zhangliangming@ [com.happy.db.DBUtils:52 isTableExist] - categoryTbl 表已经存在!不用创建!>
2017-09-22 21:05:13 <@zhangliangming@ [com.happy.db.DBUtils:52 isTableExist] - songTbl 表已经存在!不用创建!>
2017-09-22 21:05:14 <@zhangliangming@ [com.happy.util.DataUtil:27 init] - 初始数据加载完成.....>
2017-09-22 21:05:14 <@zhangliangming@ [com.happy.service.MediaPlayerService:70 init] - 播放器服务启动>
2017-09-22 21:05:18 <@zhangliangming@ [com.happy.enterProgram.EnterProgram:67 init] - 启动界面完成>
2017-09-22 21:05:37 <@zhangliangming@ [com.happy.ui.MainFrame:190 exitPlayer] - 准备退出播放器>
2017-09-22 21:05:37 <@zhangliangming@ [com.happy.util.DataUtil:72 saveData] - 保存数据>
2017-09-22 21:05:39 <@zhangliangming@ [com.happy.ui.MainFrame:192 exitPlayer] - 退出成功>
2017-09-22 21:05:54 <@zhangliangming@ [com.happy.util.DataUtil:24 init] - 开始加载初始数据.....>
2017-09-22 21:05:58 <@zhangliangming@ [com.happy.db.DBUtils:52 isTableExist] - baseDataTbl 表已经存在!不用创建!>
2017-09-22 21:05:58 <@zhangliangming@ [com.happy.db.DBUtils:52 isTableExist] - tabVersionTbl 表已经存在!不用创建!>
2017-09-22 21:05:59 <@zhangliangming@ [com.happy.db.DBUtils:52 isTableExist] - categoryTbl 表已经存在!不用创建!>
2017-09-22 21:06:00 <@zhangliangming@ [com.happy.db.DBUtils:52 isTableExist] - songTbl 表已经存在!不用创建!>
2017-09-22 21:06:01 <@zhangliangming@ [com.happy.util.DataUtil:27 init] - 初始数据加载完成.....>
2017-09-22 21:06:01 <@zhangliangming@ [com.happy.service.MediaPlayerService:70 init] - 播放器服务启动>
2017-09-22 21:06:04 <@zhangliangming@ [com.happy.enterProgram.EnterProgram:67 init] - 启动界面完成>
2017-09-22 21:06:15 <@zhangliangming@ [com.happy.ui.MainFrame:190 exitPlayer] - 准备退出播放器>
2017-09-22 21:06:15 <@zhangliangming@ [com.happy.util.DataUtil:72 saveData] - 保存数据>
2017-09-22 21:06:17 <@zhangliangming@ [com.happy.ui.MainFrame:192 exitPlayer] - 退出成功>
2017-09-22 21:06:35 <@zhangliangming@ [com.happy.util.DataUtil:24 init] - 开始加载初始数据.....>
2017-09-22 21:06:37 <@zhangliangming@ [com.happy.db.DBUtils:52 isTableExist] - baseDataTbl 表已经存在!不用创建!>
2017-09-22 21:06:37 <@zhangliangming@ [com.happy.db.DBUtils:52 isTableExist] - tabVersionTbl 表已经存在!不用创建!>
2017-09-22 21:06:38 <@zhangliangming@ [com.happy.db.DBUtils:52 isTableExist] - categoryTbl 表已经存在!不用创建!>
2017-09-22 21:06:40 <@zhangliangming@ [com.happy.db.DBUtils:52 isTableExist] - songTbl 表已经存在!不用创建!>
2017-09-22 21:06:40 <@zhangliangming@ [com.happy.util.DataUtil:27 init] - 初始数据加载完成.....>
2017-09-22 21:06:40 <@zhangliangming@ [com.happy.service.MediaPlayerService:70 init] - 播放器服务启动>
2017-09-22 21:06:43 <@zhangliangming@ [com.happy.enterProgram.EnterProgram:67 init] - 启动界面完成>
2017-09-22 21:07:18 <@zhangliangming@ [com.happy.ui.MainFrame:190 exitPlayer] - 准备退出播放器>
2017-09-22 21:07:18 <@zhangliangming@ [com.happy.util.DataUtil:72 saveData] - 保存数据>
2017-09-22 21:07:20 <@zhangliangming@ [com.happy.ui.MainFrame:192 exitPlayer] - 退出成功>
2017-09-22 21:07:34 <@zhangliangming@ [com.happy.util.DataUtil:24 init] - 开始加载初始数据.....>
2017-09-22 21:07:35 <@zhangliangming@ [com.happy.db.DBUtils:52 isTableExist] - baseDataTbl 表已经存在!不用创建!>
2017-09-22 21:07:35 <@zhangliangming@ [com.happy.db.DBUtils:52 isTableExist] - tabVersionTbl 表已经存在!不用创建!>
2017-09-22 21:07:37 <@zhangliangming@ [com.happy.db.DBUtils:52 isTableExist] - categoryTbl 表已经存在!不用创建!>
2017-09-22 21:07:38 <@zhangliangming@ [com.happy.db.DBUtils:52 isTableExist] - songTbl 表已经存在!不用创建!>
2017-09-22 21:07:39 <@zhangliangming@ [com.happy.util.DataUtil:27 init] - 初始数据加载完成.....>
2017-09-22 21:07:39 <@zhangliangming@ [com.happy.service.MediaPlayerService:70 init] - 播放器服务启动>
2017-09-22 21:07:41 <@zhangliangming@ [com.happy.enterProgram.EnterProgram:67 init] - 启动界面完成>
2017-09-22 21:08:35 <@zhangliangming@ [com.happy.ui.MainFrame:190 exitPlayer] - 准备退出播放器>
2017-09-22 21:08:35 <@zhangliangming@ [com.happy.util.DataUtil:72 saveData] - 保存数据>
2017-09-22 21:08:36 <@zhangliangming@ [com.happy.ui.MainFrame:192 exitPlayer] - 退出成功>
2017-09-22 21:12:33 <@zhangliangming@ [com.happy.util.DataUtil:24 init] - 开始加载初始数据.....>
2017-09-22 21:12:51 <@zhangliangming@ [com.happy.util.DataUtil:27 init] - 初始数据加载完成.....>
2017-09-22 21:12:51 <@zhangliangming@ [com.happy.service.MediaPlayerService:70 init] - 播放器服务启动>
2017-09-22 21:12:54 <@zhangliangming@ [com.happy.enterProgram.EnterProgram:67 init] - 启动界面完成>
2017-09-22 21:14:46 <@zhangliangming@ [com.happy.ui.MainFrame:190 exitPlayer] - 准备退出播放器>
2017-09-22 21:14:46 <@zhangliangming@ [com.happy.util.DataUtil:72 saveData] - 保存数据>
2017-09-22 21:14:47 <@zhangliangming@ [com.happy.ui.MainFrame:192 exitPlayer] - 退出成功>
2017-09-22 21:19:36 <@zhangliangming@ [com.happy.util.DataUtil:24 init] - 开始加载初始数据.....>
2017-09-22 21:19:53 <@zhangliangming@ [com.happy.util.DataUtil:27 init] - 初始数据加载完成.....>
2017-09-22 21:19:53 <@zhangliangming@ [com.happy.service.MediaPlayerService:70 init] - 播放器服务启动>
2017-09-22 21:19:56 <@zhangliangming@ [com.happy.enterProgram.EnterProgram:67 init] - 启动界面完成>
2017-09-22 21:20:28 <@zhangliangming@ [com.happy.ui.MainFrame:190 exitPlayer] - 准备退出播放器>
2017-09-22 21:20:28 <@zhangliangming@ [com.happy.util.DataUtil:72 saveData] - 保存数据>
2017-09-22 21:20:29 <@zhangliangming@ [com.happy.ui.MainFrame:192 exitPlayer] - 退出成功>
2017-09-22 21:22:35 <@zhangliangming@ [com.happy.util.DataUtil:24 init] - 开始加载初始数据.....>
2017-09-22 21:22:37 <@zhangliangming@ [com.happy.db.DBUtils:52 isTableExist] - baseDataTbl 表已经存在!不用创建!>
2017-09-22 21:22:37 <@zhangliangming@ [com.happy.db.DBUtils:52 isTableExist] - tabVersionTbl 表已经存在!不用创建!>
2017-09-22 21:22:38 <@zhangliangming@ [com.happy.db.DBUtils:52 isTableExist] - categoryTbl 表已经存在!不用创建!>
2017-09-22 21:22:38 <@zhangliangming@ [com.happy.db.DBUtils:52 isTableExist] - songTbl 表已经存在!不用创建!>
2017-09-22 21:22:39 <@zhangliangming@ [com.happy.util.DataUtil:27 init] - 初始数据加载完成.....>
2017-09-22 21:22:39 <@zhangliangming@ [com.happy.service.MediaPlayerService:70 init] - 播放器服务启动>
2017-09-22 21:22:41 <@zhangliangming@ [com.happy.enterProgram.EnterProgram:67 init] - 启动界面完成>
2017-09-22 21:23:38 <@zhangliangming@ [com.happy.ui.MainFrame:190 exitPlayer] - 准备退出播放器>
2017-09-22 21:23:38 <@zhangliangming@ [com.happy.util.DataUtil:72 saveData] - 保存数据>
2017-09-22 21:23:42 <@zhangliangming@ [com.happy.ui.MainFrame:192 exitPlayer] - 退出成功>
2017-09-22 21:30:40 <@zhangliangming@ [com.happy.util.DataUtil:24 init] - 开始加载初始数据.....>
2017-09-22 21:30:42 <@zhangliangming@ [com.happy.db.DBUtils:52 isTableExist] - baseDataTbl 表已经存在!不用创建!>
2017-09-22 21:30:42 <@zhangliangming@ [com.happy.db.DBUtils:52 isTableExist] - tabVersionTbl 表已经存在!不用创建!>
2017-09-22 21:30:44 <@zhangliangming@ [com.happy.db.DBUtils:52 isTableExist] - categoryTbl 表已经存在!不用创建!>
2017-09-22 21:30:44 <@zhangliangming@ [com.happy.db.DBUtils:52 isTableExist] - songTbl 表已经存在!不用创建!>
2017-09-22 21:30:45 <@zhangliangming@ [com.happy.util.DataUtil:27 init] - 初始数据加载完成.....>
2017-09-22 21:30:45 <@zhangliangming@ [com.happy.service.MediaPlayerService:70 init] - 播放器服务启动>
2017-09-22 21:30:48 <@zhangliangming@ [com.happy.enterProgram.EnterProgram:67 init] - 启动界面完成>
2017-09-22 21:33:16 <@zhangliangming@ [com.happy.ui.MainFrame:190 exitPlayer] - 准备退出播放器>
2017-09-22 21:33:16 <@zhangliangming@ [com.happy.util.DataUtil:72 saveData] - 保存数据>
2017-09-22 21:33:17 <@zhangliangming@ [com.happy.ui.MainFrame:192 exitPlayer] - 退出成功>
2017-09-22 21:34:09 <@zhangliangming@ [com.happy.util.DataUtil:24 init] - 开始加载初始数据.....>
2017-09-22 21:34:10 <@zhangliangming@ [com.happy.db.DBUtils:52 isTableExist] - baseDataTbl 表已经存在!不用创建!>
2017-09-22 21:34:10 <@zhangliangming@ [com.happy.db.DBUtils:52 isTableExist] - tabVersionTbl 表已经存在!不用创建!>
2017-09-22 21:34:11 <@zhangliangming@ [com.happy.db.DBUtils:52 isTableExist] - categoryTbl 表已经存在!不用创建!>
2017-09-22 21:34:12 <@zhangliangming@ [com.happy.db.DBUtils:52 isTableExist] - songTbl 表已经存在!不用创建!>
2017-09-22 21:34:13 <@zhangliangming@ [com.happy.util.DataUtil:27 init] - 初始数据加载完成.....>
2017-09-22 21:34:13 <@zhangliangming@ [com.happy.service.MediaPlayerService:70 init] - 播放器服务启动>
2017-09-22 21:34:16 <@zhangliangming@ [com.happy.enterProgram.EnterProgram:67 init] - 启动界面完成>
2017-09-22 21:36:03 <@zhangliangming@ [com.happy.ui.MainFrame:190 exitPlayer] - 准备退出播放器>
2017-09-22 21:36:03 <@zhangliangming@ [com.happy.util.DataUtil:72 saveData] - 保存数据>
2017-09-22 21:36:04 <@zhangliangming@ [com.happy.ui.MainFrame:192 exitPlayer] - 退出成功>
2017-09-22 21:39:25 <@zhangliangming@ [com.happy.util.DataUtil:24 init] - 开始加载初始数据.....>
2017-09-22 21:39:27 <@zhangliangming@ [com.happy.db.DBUtils:52 isTableExist] - baseDataTbl 表已经存在!不用创建!>
2017-09-22 21:39:27 <@zhangliangming@ [com.happy.db.DBUtils:52 isTableExist] - tabVersionTbl 表已经存在!不用创建!>
2017-09-22 21:39:28 <@zhangliangming@ [com.happy.db.DBUtils:52 isTableExist] - categoryTbl 表已经存在!不用创建!>
2017-09-22 21:39:29 <@zhangliangming@ [com.happy.db.DBUtils:52 isTableExist] - songTbl 表已经存在!不用创建!>
2017-09-22 21:39:30 <@zhangliangming@ [com.happy.util.DataUtil:27 init] - 初始数据加载完成.....>
2017-09-22 21:39:30 <@zhangliangming@ [com.happy.service.MediaPlayerService:70 init] - 播放器服务启动>
2017-09-22 21:39:33 <@zhangliangming@ [com.happy.enterProgram.EnterProgram:67 init] - 启动界面完成>
2017-09-22 21:40:32 <@zhangliangming@ [com.happy.ui.MainFrame:190 exitPlayer] - 准备退出播放器>
2017-09-22 21:40:32 <@zhangliangming@ [com.happy.util.DataUtil:72 saveData] - 保存数据>
2017-09-22 21:40:33 <@zhangliangming@ [com.happy.ui.MainFrame:192 exitPlayer] - 退出成功>
2017-09-22 21:45:44 <@zhangliangming@ [com.happy.util.DataUtil:24 init] - 开始加载初始数据.....>
2017-09-22 21:45:46 <@zhangliangming@ [com.happy.db.DBUtils:52 isTableExist] - baseDataTbl 表已经存在!不用创建!>
2017-09-22 21:45:46 <@zhangliangming@ [com.happy.db.DBUtils:52 isTableExist] - tabVersionTbl 表已经存在!不用创建!>
2017-09-22 21:45:48 <@zhangliangming@ [com.happy.db.DBUtils:52 isTableExist] - categoryTbl 表已经存在!不用创建!>
2017-09-22 21:45:49 <@zhangliangming@ [com.happy.db.DBUtils:52 isTableExist] - songTbl 表已经存在!不用创建!>
2017-09-22 21:45:50 <@zhangliangming@ [com.happy.util.DataUtil:27 init] - 初始数据加载完成.....>
2017-09-22 21:45:50 <@zhangliangming@ [com.happy.service.MediaPlayerService:70 init] - 播放器服务启动>
2017-09-22 21:45:53 <@zhangliangming@ [com.happy.enterProgram.EnterProgram:67 init] - 启动界面完成>
2017-09-22 21:46:22 <@zhangliangming@ [com.happy.ui.MainFrame:190 exitPlayer] - 准备退出播放器>
2017-09-22 21:46:22 <@zhangliangming@ [com.happy.util.DataUtil:72 saveData] - 保存数据>
2017-09-22 21:46:23 <@zhangliangming@ [com.happy.ui.MainFrame:192 exitPlayer] - 退出成功>
2017-09-22 21:46:54 <@zhangliangming@ [com.happy.util.DataUtil:24 init] - 开始加载初始数据.....>
2017-09-22 21:46:56 <@zhangliangming@ [com.happy.db.DBUtils:52 isTableExist] - baseDataTbl 表已经存在!不用创建!>
2017-09-22 21:46:56 <@zhangliangming@ [com.happy.db.DBUtils:52 isTableExist] - tabVersionTbl 表已经存在!不用创建!>
2017-09-22 21:46:57 <@zhangliangming@ [com.happy.db.DBUtils:52 isTableExist] - categoryTbl 表已经存在!不用创建!>
2017-09-22 21:46:58 <@zhangliangming@ [com.happy.db.DBUtils:52 isTableExist] - songTbl 表已经存在!不用创建!>
2017-09-22 21:46:58 <@zhangliangming@ [com.happy.util.DataUtil:27 init] - 初始数据加载完成.....>
2017-09-22 21:46:58 <@zhangliangming@ [com.happy.service.MediaPlayerService:70 init] - 播放器服务启动>
2017-09-22 21:47:00 <@zhangliangming@ [com.happy.enterProgram.EnterProgram:67 init] - 启动界面完成>
2017-09-22 21:48:22 <@zhangliangming@ [com.happy.ui.MainFrame:190 exitPlayer] - 准备退出播放器>
2017-09-22 21:48:22 <@zhangliangming@ [com.happy.util.DataUtil:72 saveData] - 保存数据>
2017-09-22 21:48:23 <@zhangliangming@ [com.happy.ui.MainFrame:192 exitPlayer] - 退出成功>
2017-09-22 21:49:47 <@zhangliangming@ [com.happy.util.DataUtil:24 init] - 开始加载初始数据.....>
2017-09-22 21:50:05 <@zhangliangming@ [com.happy.util.DataUtil:27 init] - 初始数据加载完成.....>
2017-09-22 21:50:05 <@zhangliangming@ [com.happy.service.MediaPlayerService:70 init] - 播放器服务启动>
2017-09-22 21:50:08 <@zhangliangming@ [com.happy.enterProgram.EnterProgram:67 init] - 启动界面完成>
2017-09-22 21:51:37 <@zhangliangming@ [com.happy.ui.MainFrame:190 exitPlayer] - 准备退出播放器>
2017-09-22 21:51:37 <@zhangliangming@ [com.happy.util.DataUtil:72 saveData] - 保存数据>
2017-09-22 21:51:38 <@zhangliangming@ [com.happy.ui.MainFrame:192 exitPlayer] - 退出成功>
2017-09-22 22:06:41 <@zhangliangming@ [com.happy.util.DataUtil:24 init] - 开始加载初始数据.....>
2017-09-22 22:06:43 <@zhangliangming@ [com.happy.db.DBUtils:52 isTableExist] - baseDataTbl 表已经存在!不用创建!>
2017-09-22 22:06:43 <@zhangliangming@ [com.happy.db.DBUtils:52 isTableExist] - tabVersionTbl 表已经存在!不用创建!>
2017-09-22 22:06:45 <@zhangliangming@ [com.happy.db.DBUtils:52 isTableExist] - categoryTbl 表已经存在!不用创建!>
2017-09-22 22:06:47 <@zhangliangming@ [com.happy.db.DBUtils:52 isTableExist] - songTbl 表已经存在!不用创建!>
2017-09-22 22:06:47 <@zhangliangming@ [com.happy.util.DataUtil:27 init] - 初始数据加载完成.....>
2017-09-22 22:06:47 <@zhangliangming@ [com.happy.service.MediaPlayerService:70 init] - 播放器服务启动>
2017-09-22 22:06:50 <@zhangliangming@ [com.happy.enterProgram.EnterProgram:67 init] - 启动界面完成>
2017-09-22 22:07:21 <@zhangliangming@ [com.happy.ui.MainFrame:190 exitPlayer] - 准备退出播放器>
2017-09-22 22:07:21 <@zhangliangming@ [com.happy.util.DataUtil:72 saveData] - 保存数据>
2017-09-22 22:07:23 <@zhangliangming@ [com.happy.ui.MainFrame:192 exitPlayer] - 退出成功>
2017-09-22 22:11:02 <@zhangliangming@ [com.happy.util.DataUtil:24 init] - 开始加载初始数据.....>
2017-09-22 22:11:03 <@zhangliangming@ [com.happy.db.DBUtils:52 isTableExist] - baseDataTbl 表已经存在!不用创建!>
2017-09-22 22:11:03 <@zhangliangming@ [com.happy.db.DBUtils:52 isTableExist] - tabVersionTbl 表已经存在!不用创建!>
2017-09-22 22:11:05 <@zhangliangming@ [com.happy.db.DBUtils:52 isTableExist] - categoryTbl 表已经存在!不用创建!>
2017-09-22 22:11:07 <@zhangliangming@ [com.happy.db.DBUtils:52 isTableExist] - songTbl 表已经存在!不用创建!>
2017-09-22 22:11:07 <@zhangliangming@ [com.happy.util.DataUtil:27 init] - 初始数据加载完成.....>
2017-09-22 22:11:07 <@zhangliangming@ [com.happy.service.MediaPlayerService:70 init] - 播放器服务启动>
2017-09-22 22:11:10 <@zhangliangming@ [com.happy.enterProgram.EnterProgram:61 init] - 启动界面完成>
2017-09-22 22:11:17 <@zhangliangming@ [com.happy.service.MediaPlayerService:291 playInfoMusic] - 不能播放此文件:haplayer\audio\林亨柱 - 행복하길 바래.mp3>
2017-09-22 22:11:17 <@zhangliangming@ [com.happy.service.MediaPlayerService:291 playInfoMusic] - 不能播放此文件:haplayer\audio\蔡健雅 - Beautiful Love.mp3>
2017-09-22 22:11:37 <@zhangliangming@ [com.happy.ui.MainFrame:190 exitPlayer] - 准备退出播放器>
2017-09-22 22:11:37 <@zhangliangming@ [com.happy.util.DataUtil:72 saveData] - 保存数据>
2017-09-22 22:11:38 <@zhangliangming@ [com.happy.ui.MainFrame:192 exitPlayer] - 退出成功>
2017-09-22 22:17:29 <@zhangliangming@ [com.happy.util.DataUtil:24 init] - 开始加载初始数据.....>
2017-09-22 22:17:31 <@zhangliangming@ [com.happy.db.DBUtils:52 isTableExist] - baseDataTbl 表已经存在!不用创建!>
2017-09-22 22:17:31 <@zhangliangming@ [com.happy.db.DBUtils:52 isTableExist] - tabVersionTbl 表已经存在!不用创建!>
2017-09-22 22:17:32 <@zhangliangming@ [com.happy.db.DBUtils:52 isTableExist] - categoryTbl 表已经存在!不用创建!>
2017-09-22 22:17:34 <@zhangliangming@ [com.happy.db.DBUtils:52 isTableExist] - songTbl 表已经存在!不用创建!>
2017-09-22 22:17:34 <@zhangliangming@ [com.happy.util.DataUtil:27 init] - 初始数据加载完成.....>
2017-09-22 22:17:34 <@zhangliangming@ [com.happy.service.MediaPlayerService:70 init] - 播放器服务启动>
2017-09-22 22:17:37 <@zhangliangming@ [com.happy.enterProgram.EnterProgram:61 init] - 启动界面完成>
2017-09-22 22:18:39 <@zhangliangming@ [com.happy.ui.MainFrame:190 exitPlayer] - 准备退出播放器>
2017-09-22 22:18:39 <@zhangliangming@ [com.happy.util.DataUtil:72 saveData] - 保存数据>
2017-09-22 22:18:40 <@zhangliangming@ [com.happy.ui.MainFrame:192 exitPlayer] - 退出成功>
2017-09-22 22:20:00 <@zhangliangming@ [com.happy.util.DataUtil:24 init] - 开始加载初始数据.....>
2017-09-22 22:20:01 <@zhangliangming@ [com.happy.db.DBUtils:52 isTableExist] - baseDataTbl 表已经存在!不用创建!>
2017-09-22 22:20:01 <@zhangliangming@ [com.happy.db.DBUtils:52 isTableExist] - tabVersionTbl 表已经存在!不用创建!>
2017-09-22 22:20:05 <@zhangliangming@ [com.happy.db.DBUtils:52 isTableExist] - categoryTbl 表已经存在!不用创建!>
2017-09-22 22:20:06 <@zhangliangming@ [com.happy.db.DBUtils:52 isTableExist] - songTbl 表已经存在!不用创建!>
2017-09-22 22:20:07 <@zhangliangming@ [com.happy.util.DataUtil:27 init] - 初始数据加载完成.....>
2017-09-22 22:20:07 <@zhangliangming@ [com.happy.service.MediaPlayerService:70 init] - 播放器服务启动>
2017-09-22 22:20:09 <@zhangliangming@ [com.happy.enterProgram.EnterProgram:61 init] - 启动界面完成>
2017-09-22 22:20:50 <@zhangliangming@ [com.happy.ui.MainFrame:190 exitPlayer] - 准备退出播放器>
2017-09-22 22:20:50 <@zhangliangming@ [com.happy.util.DataUtil:72 saveData] - 保存数据>
2017-09-22 22:20:51 <@zhangliangming@ [com.happy.ui.MainFrame:192 exitPlayer] - 退出成功>
2017-09-22 22:22:08 <@zhangliangming@ [com.happy.util.DataUtil:24 init] - 开始加载初始数据.....>
2017-09-22 22:22:10 <@zhangliangming@ [com.happy.db.DBUtils:52 isTableExist] - baseDataTbl 表已经存在!不用创建!>
2017-09-22 22:22:10 <@zhangliangming@ [com.happy.db.DBUtils:52 isTableExist] - tabVersionTbl 表已经存在!不用创建!>
2017-09-22 22:22:12 <@zhangliangming@ [com.happy.db.DBUtils:52 isTableExist] - categoryTbl 表已经存在!不用创建!>
2017-09-22 22:22:13 <@zhangliangming@ [com.happy.db.DBUtils:52 isTableExist] - songTbl 表已经存在!不用创建!>
2017-09-22 22:22:14 <@zhangliangming@ [com.happy.util.DataUtil:27 init] - 初始数据加载完成.....>
2017-09-22 22:22:14 <@zhangliangming@ [com.happy.service.MediaPlayerService:70 init] - 播放器服务启动>
2017-09-22 22:22:16 <@zhangliangming@ [com.happy.enterProgram.EnterProgram:61 init] - 启动界面完成>
2017-09-22 22:22:37 <@zhangliangming@ [com.happy.ui.MainFrame:190 exitPlayer] - 准备退出播放器>
2017-09-22 22:22:37 <@zhangliangming@ [com.happy.util.DataUtil:72 saveData] - 保存数据>
2017-09-22 22:22:38 <@zhangliangming@ [com.happy.ui.MainFrame:192 exitPlayer] - 退出成功>
2017-09-22 22:23:17 <@zhangliangming@ [com.happy.util.DataUtil:24 init] - 开始加载初始数据.....>
2017-09-22 22:23:18 <@zhangliangming@ [com.happy.db.DBUtils:52 isTableExist] - baseDataTbl 表已经存在!不用创建!>
2017-09-22 22:23:18 <@zhangliangming@ [com.happy.db.DBUtils:52 isTableExist] - tabVersionTbl 表已经存在!不用创建!>
2017-09-22 22:23:21 <@zhangliangming@ [com.happy.db.DBUtils:52 isTableExist] - categoryTbl 表已经存在!不用创建!>
2017-09-22 22:23:23 <@zhangliangming@ [com.happy.db.DBUtils:52 isTableExist] - songTbl 表已经存在!不用创建!>
2017-09-22 22:23:23 <@zhangliangming@ [com.happy.util.DataUtil:27 init] - 初始数据加载完成.....>
2017-09-22 22:23:23 <@zhangliangming@ [com.happy.service.MediaPlayerService:70 init] - 播放器服务启动>
2017-09-22 22:23:25 <@zhangliangming@ [com.happy.enterProgram.EnterProgram:61 init] - 启动界面完成>
2017-09-22 22:24:02 <@zhangliangming@ [com.happy.ui.MainFrame:190 exitPlayer] - 准备退出播放器>
2017-09-22 22:24:02 <@zhangliangming@ [com.happy.util.DataUtil:72 saveData] - 保存数据>
2017-09-22 22:24:03 <@zhangliangming@ [com.happy.ui.MainFrame:192 exitPlayer] - 退出成功>
2017-09-22 22:37:13 <@zhangliangming@ [com.happy.util.DataUtil:24 init] - 开始加载初始数据.....>
2017-09-22 22:37:14 <@zhangliangming@ [com.happy.db.DBUtils:52 isTableExist] - baseDataTbl 表已经存在!不用创建!>
2017-09-22 22:37:14 <@zhangliangming@ [com.happy.db.DBUtils:52 isTableExist] - tabVersionTbl 表已经存在!不用创建!>
2017-09-22 22:37:16 <@zhangliangming@ [com.happy.db.DBUtils:52 isTableExist] - categoryTbl 表已经存在!不用创建!>
2017-09-22 22:37:16 <@zhangliangming@ [com.happy.db.DBUtils:52 isTableExist] - songTbl 表已经存在!不用创建!>
2017-09-22 22:37:17 <@zhangliangming@ [com.happy.util.DataUtil:27 init] - 初始数据加载完成.....>
2017-09-22 22:37:17 <@zhangliangming@ [com.happy.service.MediaPlayerService:70 init] - 播放器服务启动>
2017-09-22 22:37:18 <@zhangliangming@ [com.happy.enterProgram.EnterProgram:61 init] - 启动界面完成>
2017-09-22 22:37:22 <@zhangliangming@ [com.happy.ui.MainFrame:190 exitPlayer] - 准备退出播放器>
2017-09-22 22:37:22 <@zhangliangming@ [com.happy.util.DataUtil:72 saveData] - 保存数据>
2017-09-22 22:37:23 <@zhangliangming@ [com.happy.ui.MainFrame:192 exitPlayer] - 退出成功>
2017-09-22 22:46:01 <@zhangliangming@ [com.happy.util.DataUtil:24 init] - 开始加载初始数据.....>
2017-09-22 22:46:02 <@zhangliangming@ [com.happy.db.DBUtils:52 isTableExist] - baseDataTbl 表已经存在!不用创建!>
2017-09-22 22:46:02 <@zhangliangming@ [com.happy.db.DBUtils:52 isTableExist] - tabVersionTbl 表已经存在!不用创建!>
2017-09-22 22:46:03 <@zhangliangming@ [com.happy.db.DBUtils:52 isTableExist] - categoryTbl 表已经存在!不用创建!>
2017-09-22 22:46:04 <@zhangliangming@ [com.happy.db.DBUtils:52 isTableExist] - songTbl 表已经存在!不用创建!>
2017-09-22 22:46:05 <@zhangliangming@ [com.happy.util.DataUtil:27 init] - 初始数据加载完成.....>
2017-09-22 22:46:05 <@zhangliangming@ [com.happy.service.MediaPlayerService:70 init] - 播放器服务启动>
2017-09-22 22:46:06 <@zhangliangming@ [com.happy.enterProgram.EnterProgram:61 init] - 启动界面完成>
2017-09-22 22:46:28 <@zhangliangming@ [com.happy.ui.MainFrame:190 exitPlayer] - 准备退出播放器>
2017-09-22 22:46:28 <@zhangliangming@ [com.happy.util.DataUtil:72 saveData] - 保存数据>
2017-09-22 22:46:29 <@zhangliangming@ [com.happy.ui.MainFrame:192 exitPlayer] - 退出成功>
2017-09-22 22:53:31 <@zhangliangming@ [com.happy.util.DataUtil:24 init] - 开始加载初始数据.....>
2017-09-22 22:53:32 <@zhangliangming@ [com.happy.db.DBUtils:52 isTableExist] - baseDataTbl 表已经存在!不用创建!>
2017-09-22 22:53:32 <@zhangliangming@ [com.happy.db.DBUtils:52 isTableExist] - tabVersionTbl 表已经存在!不用创建!>
2017-09-22 22:53:33 <@zhangliangming@ [com.happy.db.DBUtils:52 isTableExist] - categoryTbl 表已经存在!不用创建!>
2017-09-22 22:53:34 <@zhangliangming@ [com.happy.db.DBUtils:52 isTableExist] - songTbl 表已经存在!不用创建!>
2017-09-22 22:53:34 <@zhangliangming@ [com.happy.util.DataUtil:27 init] - 初始数据加载完成.....>
2017-09-22 22:53:34 <@zhangliangming@ [com.happy.service.MediaPlayerService:70 init] - 播放器服务启动>
2017-09-22 22:53:36 <@zhangliangming@ [com.happy.enterProgram.EnterProgram:61 init] - 启动界面完成>
2017-09-22 22:54:45 <@zhangliangming@ [com.happy.ui.MainFrame:190 exitPlayer] - 准备退出播放器>
2017-09-22 22:54:45 <@zhangliangming@ [com.happy.util.DataUtil:72 saveData] - 保存数据>
2017-09-22 22:54:46 <@zhangliangming@ [com.happy.ui.MainFrame:192 exitPlayer] - 退出成功>
2017-09-22 22:55:58 <@zhangliangming@ [com.happy.util.DataUtil:24 init] - 开始加载初始数据.....>
2017-09-22 22:56:00 <@zhangliangming@ [com.happy.db.DBUtils:52 isTableExist] - baseDataTbl 表已经存在!不用创建!>
2017-09-22 22:56:00 <@zhangliangming@ [com.happy.db.DBUtils:52 isTableExist] - tabVersionTbl 表已经存在!不用创建!>
2017-09-22 22:56:01 <@zhangliangming@ [com.happy.db.DBUtils:52 isTableExist] - categoryTbl 表已经存在!不用创建!>
2017-09-22 22:56:02 <@zhangliangming@ [com.happy.db.DBUtils:52 isTableExist] - songTbl 表已经存在!不用创建!>
2017-09-22 22:56:02 <@zhangliangming@ [com.happy.util.DataUtil:27 init] - 初始数据加载完成.....>
2017-09-22 22:56:02 <@zhangliangming@ [com.happy.service.MediaPlayerService:70 init] - 播放器服务启动>
2017-09-22 22:56:04 <@zhangliangming@ [com.happy.enterProgram.EnterProgram:61 init] - 启动界面完成>
2017-09-22 22:56:27 <@zhangliangming@ [com.happy.ui.MainFrame:190 exitPlayer] - 准备退出播放器>
2017-09-22 22:56:27 <@zhangliangming@ [com.happy.util.DataUtil:72 saveData] - 保存数据>
2017-09-22 22:56:28 <@zhangliangming@ [com.happy.ui.MainFrame:192 exitPlayer] - 退出成功>
2017-09-22 22:56:45 <@zhangliangming@ [com.happy.util.DataUtil:24 init] - 开始加载初始数据.....>
2017-09-22 22:56:47 <@zhangliangming@ [com.happy.db.DBUtils:52 isTableExist] - baseDataTbl 表已经存在!不用创建!>
2017-09-22 22:56:47 <@zhangliangming@ [com.happy.db.DBUtils:52 isTableExist] - tabVersionTbl 表已经存在!不用创建!>
2017-09-22 22:56:48 <@zhangliangming@ [com.happy.db.DBUtils:52 isTableExist] - categoryTbl 表已经存在!不用创建!>
2017-09-22 22:56:48 <@zhangliangming@ [com.happy.db.DBUtils:52 isTableExist] - songTbl 表已经存在!不用创建!>
2017-09-22 22:56:49 <@zhangliangming@ [com.happy.util.DataUtil:27 init] - 初始数据加载完成.....>
2017-09-22 22:56:49 <@zhangliangming@ [com.happy.service.MediaPlayerService:70 init] - 播放器服务启动>
2017-09-22 22:56:51 <@zhangliangming@ [com.happy.enterProgram.EnterProgram:61 init] - 启动界面完成>
2017-09-22 22:57:39 <@zhangliangming@ [com.happy.ui.MainFrame:190 exitPlayer] - 准备退出播放器>
2017-09-22 22:57:39 <@zhangliangming@ [com.happy.util.DataUtil:72 saveData] - 保存数据>
2017-09-22 22:57:40 <@zhangliangming@ [com.happy.ui.MainFrame:192 exitPlayer] - 退出成功>
2017-09-22 23:03:42 <@zhangliangming@ [com.happy.util.DataUtil:24 init] - 开始加载初始数据.....>
2017-09-22 23:03:43 <@zhangliangming@ [com.happy.db.DBUtils:52 isTableExist] - baseDataTbl 表已经存在!不用创建!>
2017-09-22 23:03:43 <@zhangliangming@ [com.happy.db.DBUtils:52 isTableExist] - tabVersionTbl 表已经存在!不用创建!>
2017-09-22 23:03:45 <@zhangliangming@ [com.happy.db.DBUtils:52 isTableExist] - categoryTbl 表已经存在!不用创建!>
2017-09-22 23:03:46 <@zhangliangming@ [com.happy.db.DBUtils:52 isTableExist] - songTbl 表已经存在!不用创建!>
2017-09-22 23:03:46 <@zhangliangming@ [com.happy.util.DataUtil:27 init] - 初始数据加载完成.....>
2017-09-22 23:03:46 <@zhangliangming@ [com.happy.service.MediaPlayerService:70 init] - 播放器服务启动>
2017-09-22 23:03:48 <@zhangliangming@ [com.happy.enterProgram.EnterProgram:61 init] - 启动界面完成>
2017-09-22 23:03:54 <@zhangliangming@ [com.happy.ui.MainFrame:190 exitPlayer] - 准备退出播放器>
2017-09-22 23:03:54 <@zhangliangming@ [com.happy.util.DataUtil:72 saveData] - 保存数据>
2017-09-22 23:03:55 <@zhangliangming@ [com.happy.ui.MainFrame:192 exitPlayer] - 退出成功>
2017-09-22 23:05:24 <@zhangliangming@ [com.happy.util.DataUtil:24 init] - 开始加载初始数据.....>
2017-09-22 23:05:26 <@zhangliangming@ [com.happy.db.DBUtils:52 isTableExist] - baseDataTbl 表已经存在!不用创建!>
2017-09-22 23:05:26 <@zhangliangming@ [com.happy.db.DBUtils:52 isTableExist] - tabVersionTbl 表已经存在!不用创建!>
2017-09-22 23:05:27 <@zhangliangming@ [com.happy.db.DBUtils:52 isTableExist] - categoryTbl 表已经存在!不用创建!>
2017-09-22 23:05:28 <@zhangliangming@ [com.happy.db.DBUtils:52 isTableExist] - songTbl 表已经存在!不用创建!>
2017-09-22 23:05:28 <@zhangliangming@ [com.happy.util.DataUtil:27 init] - 初始数据加载完成.....>
2017-09-22 23:05:28 <@zhangliangming@ [com.happy.service.MediaPlayerService:70 init] - 播放器服务启动>
2017-09-22 23:05:31 <@zhangliangming@ [com.happy.enterProgram.EnterProgram:61 init] - 启动界面完成>
2017-09-22 23:07:04 <@zhangliangming@ [com.happy.ui.MainFrame:190 exitPlayer] - 准备退出播放器>
2017-09-22 23:07:04 <@zhangliangming@ [com.happy.util.DataUtil:72 saveData] - 保存数据>
2017-09-22 23:07:06 <@zhangliangming@ [com.happy.ui.MainFrame:192 exitPlayer] - 退出成功>
2017-09-22 23:12:16 <@zhangliangming@ [com.happy.util.DataUtil:24 init] - 开始加载初始数据.....>
2017-09-22 23:12:18 <@zhangliangming@ [com.happy.db.DBUtils:52 isTableExist] - baseDataTbl 表已经存在!不用创建!>
2017-09-22 23:12:18 <@zhangliangming@ [com.happy.db.DBUtils:52 isTableExist] - tabVersionTbl 表已经存在!不用创建!>
2017-09-22 23:12:19 <@zhangliangming@ [com.happy.db.DBUtils:52 isTableExist] - categoryTbl 表已经存在!不用创建!>
2017-09-22 23:12:20 <@zhangliangming@ [com.happy.db.DBUtils:52 isTableExist] - songTbl 表已经存在!不用创建!>
2017-09-22 23:12:21 <@zhangliangming@ [com.happy.util.DataUtil:27 init] - 初始数据加载完成.....>
2017-09-22 23:12:21 <@zhangliangming@ [com.happy.service.MediaPlayerService:70 init] - 播放器服务启动>
2017-09-22 23:12:25 <@zhangliangming@ [com.happy.enterProgram.EnterProgram:61 init] - 启动界面完成>
2017-09-22 23:12:31 <@zhangliangming@ [com.happy.ui.MainFrame:190 exitPlayer] - 准备退出播放器>
2017-09-22 23:12:31 <@zhangliangming@ [com.happy.util.DataUtil:72 saveData] - 保存数据>
2017-09-22 23:12:32 <@zhangliangming@ [com.happy.ui.MainFrame:192 exitPlayer] - 退出成功>
2017-09-22 23:33:56 <@zhangliangming@ [com.happy.util.DataUtil:24 init] - 开始加载初始数据.....>
2017-09-22 23:33:58 <@zhangliangming@ [com.happy.db.DBUtils:52 isTableExist] - baseDataTbl 表已经存在!不用创建!>
2017-09-22 23:33:58 <@zhangliangming@ [com.happy.db.DBUtils:52 isTableExist] - tabVersionTbl 表已经存在!不用创建!>
2017-09-22 23:33:59 <@zhangliangming@ [com.happy.db.DBUtils:52 isTableExist] - categoryTbl 表已经存在!不用创建!>
2017-09-22 23:34:00 <@zhangliangming@ [com.happy.db.DBUtils:52 isTableExist] - songTbl 表已经存在!不用创建!>
2017-09-22 23:34:00 <@zhangliangming@ [com.happy.util.DataUtil:27 init] - 初始数据加载完成.....>
2017-09-22 23:34:00 <@zhangliangming@ [com.happy.service.MediaPlayerService:70 init] - 播放器服务启动>
2017-09-22 23:34:02 <@zhangliangming@ [com.happy.enterProgram.EnterProgram:61 init] - 启动界面完成>
2017-09-22 23:34:07 <@zhangliangming@ [com.happy.ui.MainFrame:190 exitPlayer] - 准备退出播放器>
2017-09-22 23:34:07 <@zhangliangming@ [com.happy.util.DataUtil:72 saveData] - 保存数据>
2017-09-22 23:34:09 <@zhangliangming@ [com.happy.ui.MainFrame:192 exitPlayer] - 退出成功>
2017-09-22 23:45:28 <@zhangliangming@ [com.happy.util.DataUtil:24 init] - 开始加载初始数据.....>
2017-09-22 23:45:30 <@zhangliangming@ [com.happy.db.DBUtils:52 isTableExist] - baseDataTbl 表已经存在!不用创建!>
2017-09-22 23:45:30 <@zhangliangming@ [com.happy.db.DBUtils:52 isTableExist] - tabVersionTbl 表已经存在!不用创建!>
2017-09-22 23:45:31 <@zhangliangming@ [com.happy.db.DBUtils:52 isTableExist] - categoryTbl 表已经存在!不用创建!>
2017-09-22 23:45:32 <@zhangliangming@ [com.happy.db.DBUtils:52 isTableExist] - songTbl 表已经存在!不用创建!>
2017-09-22 23:45:33 <@zhangliangming@ [com.happy.util.DataUtil:27 init] - 初始数据加载完成.....>
2017-09-22 23:45:33 <@zhangliangming@ [com.happy.service.MediaPlayerService:70 init] - 播放器服务启动>
2017-09-22 23:45:35 <@zhangliangming@ [com.happy.enterProgram.EnterProgram:61 init] - 启动界面完成>
2017-09-22 23:46:58 <@zhangliangming@ [com.happy.ui.MainFrame:190 exitPlayer] - 准备退出播放器>
2017-09-22 23:46:58 <@zhangliangming@ [com.happy.util.DataUtil:72 saveData] - 保存数据>
2017-09-22 23:46:59 <@zhangliangming@ [com.happy.ui.MainFrame:192 exitPlayer] - 退出成功>
2017-09-22 23:48:25 <@zhangliangming@ [com.happy.util.DataUtil:24 init] - 开始加载初始数据.....>
2017-09-22 23:48:26 <@zhangliangming@ [com.happy.db.DBUtils:52 isTableExist] - baseDataTbl 表已经存在!不用创建!>
2017-09-22 23:48:26 <@zhangliangming@ [com.happy.db.DBUtils:52 isTableExist] - tabVersionTbl 表已经存在!不用创建!>
2017-09-22 23:48:27 <@zhangliangming@ [com.happy.db.DBUtils:52 isTableExist] - categoryTbl 表已经存在!不用创建!>
2017-09-22 23:48:28 <@zhangliangming@ [com.happy.db.DBUtils:52 isTableExist] - songTbl 表已经存在!不用创建!>
2017-09-22 23:48:28 <@zhangliangming@ [com.happy.util.DataUtil:27 init] - 初始数据加载完成.....>
2017-09-22 23:48:28 <@zhangliangming@ [com.happy.service.MediaPlayerService:70 init] - 播放器服务启动>
2017-09-22 23:48:30 <@zhangliangming@ [com.happy.enterProgram.EnterProgram:61 init] - 启动界面完成>
2017-09-22 23:49:32 <@zhangliangming@ [com.happy.ui.MainFrame:190 exitPlayer] - 准备退出播放器>
2017-09-22 23:49:32 <@zhangliangming@ [com.happy.util.DataUtil:72 saveData] - 保存数据>
2017-09-22 23:49:33 <@zhangliangming@ [com.happy.ui.MainFrame:192 exitPlayer] - 退出成功>
2017-09-22 23:51:25 <@zhangliangming@ [com.happy.util.DataUtil:24 init] - 开始加载初始数据.....>
2017-09-22 23:51:26 <@zhangliangming@ [com.happy.db.DBUtils:52 isTableExist] - baseDataTbl 表已经存在!不用创建!>
2017-09-22 23:51:26 <@zhangliangming@ [com.happy.db.DBUtils:52 isTableExist] - tabVersionTbl 表已经存在!不用创建!>
2017-09-22 23:51:28 <@zhangliangming@ [com.happy.db.DBUtils:52 isTableExist] - categoryTbl 表已经存在!不用创建!>
2017-09-22 23:51:28 <@zhangliangming@ [com.happy.db.DBUtils:52 isTableExist] - songTbl 表已经存在!不用创建!>
2017-09-22 23:51:29 <@zhangliangming@ [com.happy.util.DataUtil:27 init] - 初始数据加载完成.....>
2017-09-22 23:51:29 <@zhangliangming@ [com.happy.service.MediaPlayerService:70 init] - 播放器服务启动>
2017-09-22 23:51:31 <@zhangliangming@ [com.happy.enterProgram.EnterProgram:61 init] - 启动界面完成>
2017-09-22 23:51:40 <@zhangliangming@ [com.happy.ui.MainFrame:190 exitPlayer] - 准备退出播放器>
2017-09-22 23:51:40 <@zhangliangming@ [com.happy.util.DataUtil:72 saveData] - 保存数据>
2017-09-22 23:51:41 <@zhangliangming@ [com.happy.ui.MainFrame:192 exitPlayer] - 退出成功>
2017-09-22 23:51:46 <@zhangliangming@ [com.happy.util.DataUtil:24 init] - 开始加载初始数据.....>
2017-09-22 23:51:47 <@zhangliangming@ [com.happy.db.DBUtils:52 isTableExist] - baseDataTbl 表已经存在!不用创建!>
2017-09-22 23:51:47 <@zhangliangming@ [com.happy.db.DBUtils:52 isTableExist] - tabVersionTbl 表已经存在!不用创建!>
2017-09-22 23:51:48 <@zhangliangming@ [com.happy.db.DBUtils:52 isTableExist] - categoryTbl 表已经存在!不用创建!>
2017-09-22 23:51:49 <@zhangliangming@ [com.happy.db.DBUtils:52 isTableExist] - songTbl 表已经存在!不用创建!>
2017-09-22 23:51:49 <@zhangliangming@ [com.happy.util.DataUtil:27 init] - 初始数据加载完成.....>
2017-09-22 23:51:50 <@zhangliangming@ [com.happy.service.MediaPlayerService:70 init] - 播放器服务启动>
2017-09-22 23:51:52 <@zhangliangming@ [com.happy.enterProgram.EnterProgram:61 init] - 启动界面完成>
2017-09-22 23:52:36 <@zhangliangming@ [com.happy.ui.MainFrame:190 exitPlayer] - 准备退出播放器>
2017-09-22 23:52:36 <@zhangliangming@ [com.happy.util.DataUtil:72 saveData] - 保存数据>
2017-09-22 23:52:37 <@zhangliangming@ [com.happy.ui.MainFrame:192 exitPlayer] - 退出成功>
2017-09-22 23:56:59 <@zhangliangming@ [com.happy.util.DataUtil:24 init] - 开始加载初始数据.....>
2017-09-22 23:57:00 <@zhangliangming@ [com.happy.db.DBUtils:52 isTableExist] - baseDataTbl 表已经存在!不用创建!>
2017-09-22 23:57:00 <@zhangliangming@ [com.happy.db.DBUtils:52 isTableExist] - tabVersionTbl 表已经存在!不用创建!>
2017-09-22 23:57:01 <@zhangliangming@ [com.happy.db.DBUtils:52 isTableExist] - categoryTbl 表已经存在!不用创建!>
2017-09-22 23:57:02 <@zhangliangming@ [com.happy.db.DBUtils:52 isTableExist] - songTbl 表已经存在!不用创建!>
2017-09-22 23:57:02 <@zhangliangming@ [com.happy.util.DataUtil:27 init] - 初始数据加载完成.....>
2017-09-22 23:57:02 <@zhangliangming@ [com.happy.service.MediaPlayerService:70 init] - 播放器服务启动>
2017-09-22 23:57:04 <@zhangliangming@ [com.happy.enterProgram.EnterProgram:61 init] - 启动界面完成>
2017-09-22 23:58:01 <@zhangliangming@ [com.happy.ui.MainFrame:190 exitPlayer] - 准备退出播放器>
2017-09-22 23:58:01 <@zhangliangming@ [com.happy.util.DataUtil:72 saveData] - 保存数据>
2017-09-22 23:58:02 <@zhangliangming@ [com.happy.ui.MainFrame:192 exitPlayer] - 退出成功>
2017-09-22 23:58:11 <@zhangliangming@ [com.happy.util.DataUtil:24 init] - 开始加载初始数据.....>
2017-09-22 23:58:13 <@zhangliangming@ [com.happy.db.DBUtils:52 isTableExist] - baseDataTbl 表已经存在!不用创建!>
2017-09-22 23:58:13 <@zhangliangming@ [com.happy.db.DBUtils:52 isTableExist] - tabVersionTbl 表已经存在!不用创建!>
2017-09-22 23:58:14 <@zhangliangming@ [com.happy.db.DBUtils:52 isTableExist] - categoryTbl 表已经存在!不用创建!>
2017-09-22 23:58:14 <@zhangliangming@ [com.happy.db.DBUtils:52 isTableExist] - songTbl 表已经存在!不用创建!>
2017-09-22 23:58:15 <@zhangliangming@ [com.happy.util.DataUtil:27 init] - 初始数据加载完成.....>
2017-09-22 23:58:15 <@zhangliangming@ [com.happy.service.MediaPlayerService:70 init] - 播放器服务启动>
2017-09-22 23:58:18 <@zhangliangming@ [com.happy.enterProgram.EnterProgram:61 init] - 启动界面完成>
2017-09-22 23:58:26 <@zhangliangming@ [com.happy.ui.MainFrame:190 exitPlayer] - 准备退出播放器>
2017-09-22 23:58:26 <@zhangliangming@ [com.happy.util.DataUtil:72 saveData] - 保存数据>
2017-09-22 23:58:27 <@zhangliangming@ [com.happy.ui.MainFrame:192 exitPlayer] - 退出成功>
2017-09-22 23:58:43 <@zhangliangming@ [com.happy.util.DataUtil:24 init] - 开始加载初始数据.....>
2017-09-22 23:58:44 <@zhangliangming@ [com.happy.db.DBUtils:52 isTableExist] - baseDataTbl 表已经存在!不用创建!>
2017-09-22 23:58:44 <@zhangliangming@ [com.happy.db.DBUtils:52 isTableExist] - tabVersionTbl 表已经存在!不用创建!>
2017-09-22 23:58:46 <@zhangliangming@ [com.happy.db.DBUtils:52 isTableExist] - categoryTbl 表已经存在!不用创建!>
2017-09-22 23:58:47 <@zhangliangming@ [com.happy.db.DBUtils:52 isTableExist] - songTbl 表已经存在!不用创建!>
2017-09-22 23:58:47 <@zhangliangming@ [com.happy.util.DataUtil:27 init] - 初始数据加载完成.....>
2017-09-22 23:58:47 <@zhangliangming@ [com.happy.service.MediaPlayerService:70 init] - 播放器服务启动>
2017-09-22 23:58:49 <@zhangliangming@ [com.happy.enterProgram.EnterProgram:61 init] - 启动界面完成>
2017-09-23 00:01:32 <@zhangliangming@ [com.happy.ui.MainFrame:190 exitPlayer] - 准备退出播放器>
2017-09-23 00:01:32 <@zhangliangming@ [com.happy.util.DataUtil:72 saveData] - 保存数据>
2017-09-23 00:01:32 <@zhangliangming@ [com.happy.ui.MainFrame:192 exitPlayer] - 退出成功>
