2017-07-08 15:06:00 <@zhangliangming@ [com.happy.util.DataUtil:24 init] - 开始加载初始数据.....>
2017-07-08 15:06:04 <@zhangliangming@ [com.happy.db.DBUtils:52 isTableExist] - baseDataTbl 表已经存在!不用创建!>
2017-07-08 15:06:04 <@zhangliangming@ [com.happy.db.DBUtils:52 isTableExist] - tabVersionTbl 表已经存在!不用创建!>
2017-07-08 15:06:07 <@zhangliangming@ [com.happy.db.DBUtils:52 isTableExist] - categoryTbl 表已经存在!不用创建!>
2017-07-08 15:06:08 <@zhangliangming@ [com.happy.db.DBUtils:52 isTableExist] - songTbl 表已经存在!不用创建!>
2017-07-08 15:06:10 <@zhangliangming@ [com.happy.util.DataUtil:27 init] - 初始数据加载完成.....>
2017-07-08 15:06:10 <@zhangliangming@ [com.happy.service.MediaPlayerService:70 init] - 播放器服务启动>
2017-07-08 15:06:40 <@zhangliangming@ [com.happy.enterProgram.EnterProgram:61 init] - 启动界面完成>
2017-07-08 15:16:53 <@zhangliangming@ [com.happy.ui.MainFrame:188 exitPlayer] - 准备退出播放器>
2017-07-08 15:16:53 <@zhangliangming@ [com.happy.util.DataUtil:72 saveData] - 保存数据>
2017-07-08 15:16:56 <@zhangliangming@ [com.happy.ui.MainFrame:190 exitPlayer] - 退出成功>
2017-07-08 15:17:02 <@zhangliangming@ [com.happy.util.DataUtil:24 init] - 开始加载初始数据.....>
2017-07-08 15:17:05 <@zhangliangming@ [com.happy.db.DBUtils:52 isTableExist] - baseDataTbl 表已经存在!不用创建!>
2017-07-08 15:17:05 <@zhangliangming@ [com.happy.db.DBUtils:52 isTableExist] - tabVersionTbl 表已经存在!不用创建!>
2017-07-08 15:17:07 <@zhangliangming@ [com.happy.db.DBUtils:52 isTableExist] - categoryTbl 表已经存在!不用创建!>
2017-07-08 15:17:09 <@zhangliangming@ [com.happy.db.DBUtils:52 isTableExist] - songTbl 表已经存在!不用创建!>
2017-07-08 15:17:11 <@zhangliangming@ [com.happy.util.DataUtil:27 init] - 初始数据加载完成.....>
2017-07-08 15:17:11 <@zhangliangming@ [com.happy.service.MediaPlayerService:70 init] - 播放器服务启动>
2017-07-08 15:17:24 <@zhangliangming@ [com.happy.enterProgram.EnterProgram:61 init] - 启动界面完成>
2017-07-08 15:21:53 <@zhangliangming@ [com.happy.service.MediaPlayerService:229 playInfoMusic] - 播放文件不存在!>
2017-07-08 15:24:47 <@zhangliangming@ [com.happy.ui.MainFrame:188 exitPlayer] - 准备退出播放器>
2017-07-08 15:24:47 <@zhangliangming@ [com.happy.util.DataUtil:72 saveData] - 保存数据>
2017-07-08 15:24:48 <@zhangliangming@ [com.happy.ui.MainFrame:190 exitPlayer] - 退出成功>
