2017-09-21 00:01:06 <@zhangliangming@ [com.happy.util.DataUtil:24 init] - 开始加载初始数据.....>
2017-09-21 00:01:08 <@zhangliangming@ [com.happy.db.DBUtils:52 isTableExist] - baseDataTbl 表已经存在!不用创建!>
2017-09-21 00:01:08 <@zhangliangming@ [com.happy.db.DBUtils:52 isTableExist] - tabVersionTbl 表已经存在!不用创建!>
2017-09-21 00:01:09 <@zhangliangming@ [com.happy.db.DBUtils:52 isTableExist] - categoryTbl 表已经存在!不用创建!>
2017-09-21 00:01:10 <@zhangliangming@ [com.happy.db.DBUtils:52 isTableExist] - songTbl 表已经存在!不用创建!>
2017-09-21 00:01:11 <@zhangliangming@ [com.happy.util.DataUtil:27 init] - 初始数据加载完成.....>
2017-09-21 00:01:11 <@zhangliangming@ [com.happy.service.MediaPlayerService:70 init] - 播放器服务启动>
2017-09-21 00:01:12 <@zhangliangming@ [com.happy.enterProgram.EnterProgram:61 init] - 启动界面完成>
2017-09-21 00:01:30 <@zhangliangming@ [com.happy.ui.MainFrame:189 exitPlayer] - 准备退出播放器>
2017-09-21 00:01:30 <@zhangliangming@ [com.happy.util.DataUtil:72 saveData] - 保存数据>
2017-09-21 00:01:31 <@zhangliangming@ [com.happy.ui.MainFrame:191 exitPlayer] - 退出成功>
2017-09-21 00:02:25 <@zhangliangming@ [com.happy.util.DataUtil:24 init] - 开始加载初始数据.....>
2017-09-21 00:02:26 <@zhangliangming@ [com.happy.db.DBUtils:52 isTableExist] - baseDataTbl 表已经存在!不用创建!>
2017-09-21 00:02:26 <@zhangliangming@ [com.happy.db.DBUtils:52 isTableExist] - tabVersionTbl 表已经存在!不用创建!>
2017-09-21 00:02:28 <@zhangliangming@ [com.happy.db.DBUtils:52 isTableExist] - categoryTbl 表已经存在!不用创建!>
2017-09-21 00:02:29 <@zhangliangming@ [com.happy.db.DBUtils:52 isTableExist] - songTbl 表已经存在!不用创建!>
2017-09-21 00:02:30 <@zhangliangming@ [com.happy.util.DataUtil:27 init] - 初始数据加载完成.....>
2017-09-21 00:02:30 <@zhangliangming@ [com.happy.service.MediaPlayerService:70 init] - 播放器服务启动>
2017-09-21 00:02:32 <@zhangliangming@ [com.happy.enterProgram.EnterProgram:61 init] - 启动界面完成>
2017-09-21 00:03:50 <@zhangliangming@ [com.happy.util.DataUtil:24 init] - 开始加载初始数据.....>
2017-09-21 00:03:51 <@zhangliangming@ [com.happy.db.DBUtils:52 isTableExist] - baseDataTbl 表已经存在!不用创建!>
2017-09-21 00:03:51 <@zhangliangming@ [com.happy.db.DBUtils:52 isTableExist] - tabVersionTbl 表已经存在!不用创建!>
2017-09-21 00:03:54 <@zhangliangming@ [com.happy.db.DBUtils:52 isTableExist] - categoryTbl 表已经存在!不用创建!>
2017-09-21 00:03:55 <@zhangliangming@ [com.happy.db.DBUtils:52 isTableExist] - songTbl 表已经存在!不用创建!>
2017-09-21 00:03:55 <@zhangliangming@ [com.happy.util.DataUtil:27 init] - 初始数据加载完成.....>
2017-09-21 00:03:55 <@zhangliangming@ [com.happy.service.MediaPlayerService:70 init] - 播放器服务启动>
2017-09-21 00:03:58 <@zhangliangming@ [com.happy.enterProgram.EnterProgram:61 init] - 启动界面完成>
2017-09-21 00:05:50 <@zhangliangming@ [com.happy.util.DataUtil:24 init] - 开始加载初始数据.....>
2017-09-21 00:05:51 <@zhangliangming@ [com.happy.db.DBUtils:52 isTableExist] - baseDataTbl 表已经存在!不用创建!>
2017-09-21 00:05:51 <@zhangliangming@ [com.happy.db.DBUtils:52 isTableExist] - tabVersionTbl 表已经存在!不用创建!>
2017-09-21 00:05:52 <@zhangliangming@ [com.happy.db.DBUtils:52 isTableExist] - categoryTbl 表已经存在!不用创建!>
2017-09-21 00:05:53 <@zhangliangming@ [com.happy.db.DBUtils:52 isTableExist] - songTbl 表已经存在!不用创建!>
2017-09-21 00:05:54 <@zhangliangming@ [com.happy.util.DataUtil:27 init] - 初始数据加载完成.....>
2017-09-21 00:05:54 <@zhangliangming@ [com.happy.service.MediaPlayerService:70 init] - 播放器服务启动>
2017-09-21 00:05:57 <@zhangliangming@ [com.happy.enterProgram.EnterProgram:61 init] - 启动界面完成>
2017-09-21 00:06:57 <@zhangliangming@ [com.happy.util.DataUtil:24 init] - 开始加载初始数据.....>
2017-09-21 00:06:59 <@zhangliangming@ [com.happy.db.DBUtils:52 isTableExist] - baseDataTbl 表已经存在!不用创建!>
2017-09-21 00:06:59 <@zhangliangming@ [com.happy.db.DBUtils:52 isTableExist] - tabVersionTbl 表已经存在!不用创建!>
2017-09-21 00:07:01 <@zhangliangming@ [com.happy.db.DBUtils:52 isTableExist] - categoryTbl 表已经存在!不用创建!>
2017-09-21 00:07:02 <@zhangliangming@ [com.happy.db.DBUtils:52 isTableExist] - songTbl 表已经存在!不用创建!>
2017-09-21 00:07:03 <@zhangliangming@ [com.happy.util.DataUtil:27 init] - 初始数据加载完成.....>
2017-09-21 00:07:03 <@zhangliangming@ [com.happy.service.MediaPlayerService:70 init] - 播放器服务启动>
2017-09-21 00:07:06 <@zhangliangming@ [com.happy.enterProgram.EnterProgram:61 init] - 启动界面完成>
2017-09-21 00:26:07 <@zhangliangming@ [com.happy.util.DataUtil:24 init] - 开始加载初始数据.....>
2017-09-21 00:26:09 <@zhangliangming@ [com.happy.db.DBUtils:52 isTableExist] - baseDataTbl 表已经存在!不用创建!>
2017-09-21 00:26:09 <@zhangliangming@ [com.happy.db.DBUtils:52 isTableExist] - tabVersionTbl 表已经存在!不用创建!>
2017-09-21 00:26:11 <@zhangliangming@ [com.happy.ui.MainFrame:189 exitPlayer] - 准备退出播放器>
2017-09-21 00:26:11 <@zhangliangming@ [com.happy.util.DataUtil:72 saveData] - 保存数据>
2017-09-21 00:26:11 <@zhangliangming@ [com.happy.db.DBUtils:52 isTableExist] - categoryTbl 表已经存在!不用创建!>
2017-09-21 00:26:11 <@zhangliangming@ [com.happy.db.BaseDataDB:296 isExist] - java.sql.SQLException: Failed to start database 'c:\haplayer\db\', see the next exception for details.>
2017-09-21 00:26:12 <@zhangliangming@ [com.happy.db.BaseDataDB:229 addTab] - java.sql.SQLException: Failed to start database 'c:\haplayer\db\', see the next exception for details.>
2017-09-21 00:26:12 <@zhangliangming@ [com.happy.ui.MainFrame:191 exitPlayer] - 退出成功>
2017-09-21 00:26:13 <@zhangliangming@ [com.happy.db.DBUtils:52 isTableExist] - songTbl 表已经存在!不用创建!>
2017-09-21 00:26:14 <@zhangliangming@ [com.happy.util.DataUtil:27 init] - 初始数据加载完成.....>
2017-09-21 00:26:14 <@zhangliangming@ [com.happy.service.MediaPlayerService:70 init] - 播放器服务启动>
2017-09-21 00:26:16 <@zhangliangming@ [com.happy.enterProgram.EnterProgram:61 init] - 启动界面完成>
2017-09-21 00:30:48 <@zhangliangming@ [com.happy.util.DataUtil:24 init] - 开始加载初始数据.....>
2017-09-21 00:30:50 <@zhangliangming@ [com.happy.db.DBUtils:52 isTableExist] - baseDataTbl 表已经存在!不用创建!>
2017-09-21 00:30:50 <@zhangliangming@ [com.happy.db.DBUtils:52 isTableExist] - tabVersionTbl 表已经存在!不用创建!>
2017-09-21 00:30:51 <@zhangliangming@ [com.happy.db.DBUtils:52 isTableExist] - categoryTbl 表已经存在!不用创建!>
2017-09-21 00:30:53 <@zhangliangming@ [com.happy.db.DBUtils:52 isTableExist] - songTbl 表已经存在!不用创建!>
2017-09-21 00:30:54 <@zhangliangming@ [com.happy.util.DataUtil:27 init] - 初始数据加载完成.....>
2017-09-21 00:30:54 <@zhangliangming@ [com.happy.service.MediaPlayerService:70 init] - 播放器服务启动>
2017-09-21 00:30:56 <@zhangliangming@ [com.happy.enterProgram.EnterProgram:61 init] - 启动界面完成>
2017-09-21 00:30:59 <@zhangliangming@ [com.happy.ui.MainFrame:189 exitPlayer] - 准备退出播放器>
2017-09-21 00:30:59 <@zhangliangming@ [com.happy.util.DataUtil:72 saveData] - 保存数据>
2017-09-21 00:31:01 <@zhangliangming@ [com.happy.ui.MainFrame:191 exitPlayer] - 退出成功>
2017-09-21 00:31:10 <@zhangliangming@ [com.happy.ui.MainFrame:189 exitPlayer] - 准备退出播放器>
2017-09-21 00:31:10 <@zhangliangming@ [com.happy.util.DataUtil:72 saveData] - 保存数据>
2017-09-21 00:31:11 <@zhangliangming@ [com.happy.ui.MainFrame:191 exitPlayer] - 退出成功>
2017-09-21 00:34:14 <@zhangliangming@ [com.happy.util.DataUtil:24 init] - 开始加载初始数据.....>
2017-09-21 00:34:15 <@zhangliangming@ [com.happy.db.DBUtils:52 isTableExist] - baseDataTbl 表已经存在!不用创建!>
2017-09-21 00:34:15 <@zhangliangming@ [com.happy.db.DBUtils:52 isTableExist] - tabVersionTbl 表已经存在!不用创建!>
2017-09-21 00:34:18 <@zhangliangming@ [com.happy.db.DBUtils:52 isTableExist] - categoryTbl 表已经存在!不用创建!>
2017-09-21 00:34:20 <@zhangliangming@ [com.happy.db.DBUtils:52 isTableExist] - songTbl 表已经存在!不用创建!>
2017-09-21 00:34:21 <@zhangliangming@ [com.happy.util.DataUtil:27 init] - 初始数据加载完成.....>
2017-09-21 00:34:21 <@zhangliangming@ [com.happy.service.MediaPlayerService:70 init] - 播放器服务启动>
2017-09-21 00:34:23 <@zhangliangming@ [com.happy.enterProgram.EnterProgram:61 init] - 启动界面完成>
2017-09-21 00:43:50 <@zhangliangming@ [com.happy.util.DataUtil:24 init] - 开始加载初始数据.....>
2017-09-21 00:43:52 <@zhangliangming@ [com.happy.db.DBUtils:52 isTableExist] - baseDataTbl 表已经存在!不用创建!>
2017-09-21 00:43:52 <@zhangliangming@ [com.happy.db.DBUtils:52 isTableExist] - tabVersionTbl 表已经存在!不用创建!>
2017-09-21 00:43:53 <@zhangliangming@ [com.happy.db.DBUtils:52 isTableExist] - categoryTbl 表已经存在!不用创建!>
2017-09-21 00:43:55 <@zhangliangming@ [com.happy.db.DBUtils:52 isTableExist] - songTbl 表已经存在!不用创建!>
2017-09-21 00:43:56 <@zhangliangming@ [com.happy.util.DataUtil:27 init] - 初始数据加载完成.....>
2017-09-21 00:43:56 <@zhangliangming@ [com.happy.service.MediaPlayerService:70 init] - 播放器服务启动>
2017-09-21 00:43:59 <@zhangliangming@ [com.happy.enterProgram.EnterProgram:61 init] - 启动界面完成>
2017-09-21 00:44:13 <@zhangliangming@ [com.happy.ui.MainFrame:189 exitPlayer] - 准备退出播放器>
2017-09-21 00:44:13 <@zhangliangming@ [com.happy.util.DataUtil:72 saveData] - 保存数据>
2017-09-21 00:44:15 <@zhangliangming@ [com.happy.ui.MainFrame:191 exitPlayer] - 退出成功>
2017-09-21 00:45:29 <@zhangliangming@ [com.happy.util.DataUtil:24 init] - 开始加载初始数据.....>
2017-09-21 00:45:31 <@zhangliangming@ [com.happy.db.DBUtils:52 isTableExist] - baseDataTbl 表已经存在!不用创建!>
2017-09-21 00:45:31 <@zhangliangming@ [com.happy.db.DBUtils:52 isTableExist] - tabVersionTbl 表已经存在!不用创建!>
2017-09-21 00:45:32 <@zhangliangming@ [com.happy.db.DBUtils:52 isTableExist] - categoryTbl 表已经存在!不用创建!>
2017-09-21 00:45:33 <@zhangliangming@ [com.happy.db.DBUtils:52 isTableExist] - songTbl 表已经存在!不用创建!>
2017-09-21 00:45:34 <@zhangliangming@ [com.happy.util.DataUtil:27 init] - 初始数据加载完成.....>
2017-09-21 00:45:34 <@zhangliangming@ [com.happy.service.MediaPlayerService:70 init] - 播放器服务启动>
2017-09-21 00:45:36 <@zhangliangming@ [com.happy.enterProgram.EnterProgram:61 init] - 启动界面完成>
2017-09-21 00:46:35 <@zhangliangming@ [com.happy.util.DataUtil:24 init] - 开始加载初始数据.....>
2017-09-21 00:46:36 <@zhangliangming@ [com.happy.db.DBUtils:52 isTableExist] - baseDataTbl 表已经存在!不用创建!>
2017-09-21 00:46:36 <@zhangliangming@ [com.happy.db.DBUtils:52 isTableExist] - tabVersionTbl 表已经存在!不用创建!>
2017-09-21 00:46:37 <@zhangliangming@ [com.happy.db.DBUtils:52 isTableExist] - categoryTbl 表已经存在!不用创建!>
2017-09-21 00:46:38 <@zhangliangming@ [com.happy.db.DBUtils:52 isTableExist] - songTbl 表已经存在!不用创建!>
2017-09-21 00:46:38 <@zhangliangming@ [com.happy.util.DataUtil:27 init] - 初始数据加载完成.....>
2017-09-21 00:46:38 <@zhangliangming@ [com.happy.service.MediaPlayerService:70 init] - 播放器服务启动>
2017-09-21 00:46:39 <@zhangliangming@ [com.happy.enterProgram.EnterProgram:61 init] - 启动界面完成>
2017-09-21 00:46:58 <@zhangliangming@ [com.happy.ui.MainFrame:189 exitPlayer] - 准备退出播放器>
2017-09-21 00:46:58 <@zhangliangming@ [com.happy.util.DataUtil:72 saveData] - 保存数据>
2017-09-21 00:46:59 <@zhangliangming@ [com.happy.ui.MainFrame:191 exitPlayer] - 退出成功>
2017-09-21 00:47:01 <@zhangliangming@ [com.happy.util.DataUtil:24 init] - 开始加载初始数据.....>
2017-09-21 00:47:02 <@zhangliangming@ [com.happy.db.DBUtils:52 isTableExist] - baseDataTbl 表已经存在!不用创建!>
2017-09-21 00:47:02 <@zhangliangming@ [com.happy.db.DBUtils:52 isTableExist] - tabVersionTbl 表已经存在!不用创建!>
2017-09-21 00:47:05 <@zhangliangming@ [com.happy.db.DBUtils:52 isTableExist] - categoryTbl 表已经存在!不用创建!>
2017-09-21 00:47:06 <@zhangliangming@ [com.happy.db.DBUtils:52 isTableExist] - songTbl 表已经存在!不用创建!>
2017-09-21 00:47:06 <@zhangliangming@ [com.happy.util.DataUtil:27 init] - 初始数据加载完成.....>
2017-09-21 00:47:06 <@zhangliangming@ [com.happy.service.MediaPlayerService:70 init] - 播放器服务启动>
2017-09-21 00:47:09 <@zhangliangming@ [com.happy.enterProgram.EnterProgram:61 init] - 启动界面完成>
2017-09-21 00:48:52 <@zhangliangming@ [com.happy.util.DataUtil:24 init] - 开始加载初始数据.....>
2017-09-21 00:48:53 <@zhangliangming@ [com.happy.db.DBUtils:52 isTableExist] - baseDataTbl 表已经存在!不用创建!>
2017-09-21 00:48:53 <@zhangliangming@ [com.happy.db.DBUtils:52 isTableExist] - tabVersionTbl 表已经存在!不用创建!>
2017-09-21 00:48:54 <@zhangliangming@ [com.happy.db.DBUtils:52 isTableExist] - categoryTbl 表已经存在!不用创建!>
2017-09-21 00:48:56 <@zhangliangming@ [com.happy.db.DBUtils:52 isTableExist] - songTbl 表已经存在!不用创建!>
2017-09-21 00:48:57 <@zhangliangming@ [com.happy.util.DataUtil:27 init] - 初始数据加载完成.....>
2017-09-21 00:48:57 <@zhangliangming@ [com.happy.service.MediaPlayerService:70 init] - 播放器服务启动>
2017-09-21 00:49:00 <@zhangliangming@ [com.happy.enterProgram.EnterProgram:61 init] - 启动界面完成>
2017-09-21 00:49:39 <@zhangliangming@ [com.happy.util.DataUtil:24 init] - 开始加载初始数据.....>
2017-09-21 00:49:40 <@zhangliangming@ [com.happy.db.DBUtils:52 isTableExist] - baseDataTbl 表已经存在!不用创建!>
2017-09-21 00:49:40 <@zhangliangming@ [com.happy.db.DBUtils:52 isTableExist] - tabVersionTbl 表已经存在!不用创建!>
2017-09-21 00:49:43 <@zhangliangming@ [com.happy.db.DBUtils:52 isTableExist] - categoryTbl 表已经存在!不用创建!>
2017-09-21 00:49:44 <@zhangliangming@ [com.happy.db.DBUtils:52 isTableExist] - songTbl 表已经存在!不用创建!>
2017-09-21 00:49:45 <@zhangliangming@ [com.happy.util.DataUtil:27 init] - 初始数据加载完成.....>
2017-09-21 00:49:45 <@zhangliangming@ [com.happy.service.MediaPlayerService:70 init] - 播放器服务启动>
2017-09-21 00:49:47 <@zhangliangming@ [com.happy.enterProgram.EnterProgram:61 init] - 启动界面完成>
2017-09-21 00:51:02 <@zhangliangming@ [com.happy.util.DataUtil:24 init] - 开始加载初始数据.....>
2017-09-21 00:51:03 <@zhangliangming@ [com.happy.db.DBUtils:52 isTableExist] - baseDataTbl 表已经存在!不用创建!>
2017-09-21 00:51:03 <@zhangliangming@ [com.happy.db.DBUtils:52 isTableExist] - tabVersionTbl 表已经存在!不用创建!>
2017-09-21 00:51:04 <@zhangliangming@ [com.happy.db.DBUtils:52 isTableExist] - categoryTbl 表已经存在!不用创建!>
2017-09-21 00:51:05 <@zhangliangming@ [com.happy.db.DBUtils:52 isTableExist] - songTbl 表已经存在!不用创建!>
2017-09-21 00:51:06 <@zhangliangming@ [com.happy.util.DataUtil:27 init] - 初始数据加载完成.....>
2017-09-21 00:51:06 <@zhangliangming@ [com.happy.service.MediaPlayerService:70 init] - 播放器服务启动>
2017-09-21 00:51:09 <@zhangliangming@ [com.happy.enterProgram.EnterProgram:61 init] - 启动界面完成>
2017-09-21 00:52:37 <@zhangliangming@ [com.happy.util.DataUtil:24 init] - 开始加载初始数据.....>
2017-09-21 00:52:39 <@zhangliangming@ [com.happy.db.DBUtils:52 isTableExist] - baseDataTbl 表已经存在!不用创建!>
2017-09-21 00:52:39 <@zhangliangming@ [com.happy.db.DBUtils:52 isTableExist] - tabVersionTbl 表已经存在!不用创建!>
2017-09-21 00:52:40 <@zhangliangming@ [com.happy.db.DBUtils:52 isTableExist] - categoryTbl 表已经存在!不用创建!>
2017-09-21 00:52:41 <@zhangliangming@ [com.happy.db.DBUtils:52 isTableExist] - songTbl 表已经存在!不用创建!>
2017-09-21 00:52:42 <@zhangliangming@ [com.happy.util.DataUtil:27 init] - 初始数据加载完成.....>
2017-09-21 00:52:42 <@zhangliangming@ [com.happy.service.MediaPlayerService:70 init] - 播放器服务启动>
2017-09-21 00:52:46 <@zhangliangming@ [com.happy.enterProgram.EnterProgram:61 init] - 启动界面完成>
2017-09-21 00:53:41 <@zhangliangming@ [com.happy.util.DataUtil:24 init] - 开始加载初始数据.....>
2017-09-21 00:53:43 <@zhangliangming@ [com.happy.db.DBUtils:52 isTableExist] - baseDataTbl 表已经存在!不用创建!>
2017-09-21 00:53:43 <@zhangliangming@ [com.happy.db.DBUtils:52 isTableExist] - tabVersionTbl 表已经存在!不用创建!>
2017-09-21 00:53:46 <@zhangliangming@ [com.happy.db.DBUtils:52 isTableExist] - categoryTbl 表已经存在!不用创建!>
2017-09-21 00:53:47 <@zhangliangming@ [com.happy.db.DBUtils:52 isTableExist] - songTbl 表已经存在!不用创建!>
2017-09-21 00:53:47 <@zhangliangming@ [com.happy.util.DataUtil:27 init] - 初始数据加载完成.....>
2017-09-21 00:53:47 <@zhangliangming@ [com.happy.service.MediaPlayerService:70 init] - 播放器服务启动>
2017-09-21 00:53:49 <@zhangliangming@ [com.happy.enterProgram.EnterProgram:61 init] - 启动界面完成>
2017-09-21 00:55:48 <@zhangliangming@ [com.happy.util.DataUtil:24 init] - 开始加载初始数据.....>
2017-09-21 00:55:50 <@zhangliangming@ [com.happy.db.DBUtils:52 isTableExist] - baseDataTbl 表已经存在!不用创建!>
2017-09-21 00:55:50 <@zhangliangming@ [com.happy.db.DBUtils:52 isTableExist] - tabVersionTbl 表已经存在!不用创建!>
2017-09-21 00:55:52 <@zhangliangming@ [com.happy.db.DBUtils:52 isTableExist] - categoryTbl 表已经存在!不用创建!>
2017-09-21 00:55:52 <@zhangliangming@ [com.happy.db.DBUtils:52 isTableExist] - songTbl 表已经存在!不用创建!>
2017-09-21 00:55:53 <@zhangliangming@ [com.happy.util.DataUtil:27 init] - 初始数据加载完成.....>
2017-09-21 00:55:53 <@zhangliangming@ [com.happy.service.MediaPlayerService:70 init] - 播放器服务启动>
2017-09-21 00:55:55 <@zhangliangming@ [com.happy.enterProgram.EnterProgram:61 init] - 启动界面完成>
2017-09-21 00:57:13 <@zhangliangming@ [com.happy.ui.MainFrame:189 exitPlayer] - 准备退出播放器>
2017-09-21 00:57:13 <@zhangliangming@ [com.happy.util.DataUtil:72 saveData] - 保存数据>
2017-09-21 00:57:14 <@zhangliangming@ [com.happy.ui.MainFrame:191 exitPlayer] - 退出成功>
2017-09-21 01:00:12 <@zhangliangming@ [com.happy.util.DataUtil:24 init] - 开始加载初始数据.....>
2017-09-21 01:00:13 <@zhangliangming@ [com.happy.db.DBUtils:52 isTableExist] - baseDataTbl 表已经存在!不用创建!>
2017-09-21 01:00:13 <@zhangliangming@ [com.happy.db.DBUtils:52 isTableExist] - tabVersionTbl 表已经存在!不用创建!>
2017-09-21 01:00:14 <@zhangliangming@ [com.happy.db.DBUtils:52 isTableExist] - categoryTbl 表已经存在!不用创建!>
2017-09-21 01:00:15 <@zhangliangming@ [com.happy.db.DBUtils:52 isTableExist] - songTbl 表已经存在!不用创建!>
2017-09-21 01:00:15 <@zhangliangming@ [com.happy.util.DataUtil:27 init] - 初始数据加载完成.....>
2017-09-21 01:00:15 <@zhangliangming@ [com.happy.service.MediaPlayerService:70 init] - 播放器服务启动>
2017-09-21 01:00:17 <@zhangliangming@ [com.happy.enterProgram.EnterProgram:61 init] - 启动界面完成>
2017-09-21 01:00:43 <@zhangliangming@ [com.happy.util.DataUtil:24 init] - 开始加载初始数据.....>
2017-09-21 01:00:44 <@zhangliangming@ [com.happy.db.DBUtils:52 isTableExist] - baseDataTbl 表已经存在!不用创建!>
2017-09-21 01:00:44 <@zhangliangming@ [com.happy.db.DBUtils:52 isTableExist] - tabVersionTbl 表已经存在!不用创建!>
2017-09-21 01:00:45 <@zhangliangming@ [com.happy.db.DBUtils:52 isTableExist] - categoryTbl 表已经存在!不用创建!>
2017-09-21 01:00:46 <@zhangliangming@ [com.happy.db.DBUtils:52 isTableExist] - songTbl 表已经存在!不用创建!>
2017-09-21 01:00:47 <@zhangliangming@ [com.happy.util.DataUtil:27 init] - 初始数据加载完成.....>
2017-09-21 01:00:47 <@zhangliangming@ [com.happy.service.MediaPlayerService:70 init] - 播放器服务启动>
2017-09-21 01:00:48 <@zhangliangming@ [com.happy.enterProgram.EnterProgram:61 init] - 启动界面完成>
2017-09-21 01:01:39 <@zhangliangming@ [com.happy.util.DataUtil:24 init] - 开始加载初始数据.....>
2017-09-21 01:01:40 <@zhangliangming@ [com.happy.db.DBUtils:52 isTableExist] - baseDataTbl 表已经存在!不用创建!>
2017-09-21 01:01:40 <@zhangliangming@ [com.happy.db.DBUtils:52 isTableExist] - tabVersionTbl 表已经存在!不用创建!>
2017-09-21 01:01:42 <@zhangliangming@ [com.happy.db.DBUtils:52 isTableExist] - categoryTbl 表已经存在!不用创建!>
2017-09-21 01:01:44 <@zhangliangming@ [com.happy.db.DBUtils:52 isTableExist] - songTbl 表已经存在!不用创建!>
2017-09-21 01:01:44 <@zhangliangming@ [com.happy.util.DataUtil:27 init] - 初始数据加载完成.....>
2017-09-21 01:01:44 <@zhangliangming@ [com.happy.service.MediaPlayerService:70 init] - 播放器服务启动>
2017-09-21 01:01:47 <@zhangliangming@ [com.happy.enterProgram.EnterProgram:61 init] - 启动界面完成>
2017-09-21 01:02:14 <@zhangliangming@ [com.happy.ui.MainFrame:189 exitPlayer] - 准备退出播放器>
2017-09-21 01:02:14 <@zhangliangming@ [com.happy.util.DataUtil:72 saveData] - 保存数据>
2017-09-21 01:02:15 <@zhangliangming@ [com.happy.ui.MainFrame:191 exitPlayer] - 退出成功>
2017-09-21 01:21:26 <@zhangliangming@ [com.happy.util.DataUtil:24 init] - 开始加载初始数据.....>
2017-09-21 01:21:28 <@zhangliangming@ [com.happy.db.DBUtils:52 isTableExist] - baseDataTbl 表已经存在!不用创建!>
2017-09-21 01:21:28 <@zhangliangming@ [com.happy.db.DBUtils:52 isTableExist] - tabVersionTbl 表已经存在!不用创建!>
2017-09-21 01:21:29 <@zhangliangming@ [com.happy.db.DBUtils:52 isTableExist] - categoryTbl 表已经存在!不用创建!>
2017-09-21 01:21:30 <@zhangliangming@ [com.happy.db.DBUtils:52 isTableExist] - songTbl 表已经存在!不用创建!>
2017-09-21 01:21:31 <@zhangliangming@ [com.happy.util.DataUtil:27 init] - 初始数据加载完成.....>
2017-09-21 01:21:31 <@zhangliangming@ [com.happy.service.MediaPlayerService:70 init] - 播放器服务启动>
2017-09-21 01:21:33 <@zhangliangming@ [com.happy.enterProgram.EnterProgram:61 init] - 启动界面完成>
2017-09-21 01:28:31 <@zhangliangming@ [com.happy.ui.MainFrame:189 exitPlayer] - 准备退出播放器>
2017-09-21 01:28:31 <@zhangliangming@ [com.happy.util.DataUtil:72 saveData] - 保存数据>
2017-09-21 01:28:32 <@zhangliangming@ [com.happy.ui.MainFrame:191 exitPlayer] - 退出成功>
2017-09-21 01:29:03 <@zhangliangming@ [com.happy.util.DataUtil:24 init] - 开始加载初始数据.....>
2017-09-21 01:29:05 <@zhangliangming@ [com.happy.db.DBUtils:52 isTableExist] - baseDataTbl 表已经存在!不用创建!>
2017-09-21 01:29:05 <@zhangliangming@ [com.happy.db.DBUtils:52 isTableExist] - tabVersionTbl 表已经存在!不用创建!>
2017-09-21 01:29:07 <@zhangliangming@ [com.happy.db.DBUtils:52 isTableExist] - categoryTbl 表已经存在!不用创建!>
2017-09-21 01:29:07 <@zhangliangming@ [com.happy.db.DBUtils:52 isTableExist] - songTbl 表已经存在!不用创建!>
2017-09-21 01:29:08 <@zhangliangming@ [com.happy.util.DataUtil:27 init] - 初始数据加载完成.....>
2017-09-21 01:29:08 <@zhangliangming@ [com.happy.service.MediaPlayerService:70 init] - 播放器服务启动>
2017-09-21 01:29:10 <@zhangliangming@ [com.happy.enterProgram.EnterProgram:61 init] - 启动界面完成>
2017-09-21 01:32:15 <@zhangliangming@ [com.happy.ui.MainFrame:189 exitPlayer] - 准备退出播放器>
2017-09-21 01:32:15 <@zhangliangming@ [com.happy.util.DataUtil:72 saveData] - 保存数据>
2017-09-21 01:32:16 <@zhangliangming@ [com.happy.ui.MainFrame:191 exitPlayer] - 退出成功>
